2025-11-13 11:28:37,128：SpiderPolingWorker starting at: 11/13/2025 11:28:37 +08:00
2025-11-13 11:28:37,202：SpiderPolingWorker execute at: 11/13/2025 11:28:37 +08:00
2025-11-13 11:28:42,190：Application started. Press Ctrl+C to shut down.
2025-11-13 11:28:42,193：Hosting environment: Production
2025-11-13 11:28:42,196：Content root path: D:\products\Offline.Host.Sup\Offline.Sup.Spider.WinServer\bin\Release\net6.0
2025-11-13 11:28:44,499：-->异常,由于目标计算机积极拒绝，无法连接。 (127.0.0.1:9097)
2025-11-13 11:28:44,508：切换代理节点-->新代理节点为空-->切换失败
2025-11-13 11:29:00,158：SpiderPolingWorker starting at: 11/13/2025 11:29:00 +08:00
2025-11-13 11:29:00,222：SpiderPolingWorker execute at: 11/13/2025 11:29:00 +08:00
2025-11-13 11:29:07,250：Application started. Press Ctrl+C to shut down.
2025-11-13 11:29:07,253：Hosting environment: Production
2025-11-13 11:29:07,256：Content root path: D:\products\Offline.Host.Sup\Offline.Sup.Spider.WinServer\bin\Release\net6.0
2025-11-13 11:29:09,578：-->异常,由于目标计算机积极拒绝，无法连接。 (127.0.0.1:9097)
2025-11-13 11:29:09,586：切换代理节点-->新代理节点为空-->切换失败
2025-11-13 11:29:56,997：-->异常,由于目标计算机积极拒绝，无法连接。 (127.0.0.1:9097)
2025-11-13 11:29:57,000：切换代理节点-->新代理节点为空-->切换失败
2025-11-13 11:29:57,031：Start processing HTTP request GET http://affiliatefeed.agoda.cn/datafeeds/feed/getfeed?apikey=B18FC62B-E6D0-45E1-926A-85E374F81966&mhotel_id=6919179&feed_id=19&olanguage_id=8
2025-11-13 11:29:57,039：Sending HTTP request GET http://affiliatefeed.agoda.cn/datafeeds/feed/getfeed?apikey=B18FC62B-E6D0-45E1-926A-85E374F81966&mhotel_id=6919179&feed_id=19&olanguage_id=8
2025-11-13 11:29:57,870：Received HTTP response headers after 821.4272ms - 200
2025-11-13 11:29:57,876：End processing HTTP request after 852.9281ms - 200
2025-11-13 15:01:42,897：SpiderPolingWorker starting at: 11/13/2025 15:01:42 +08:00
2025-11-13 15:01:42,956：SpiderPolingWorker execute at: 11/13/2025 15:01:42 +08:00
2025-11-13 15:01:42,964：SpiderHotelUrl execute at: 11/13/2025 15:01:42 +08:00
2025-11-13 15:01:43,306：SpiderHotelCheckPrice execute at: 11/13/2025 15:01:43 +08:00
2025-11-13 15:01:43,324：SpiderPolingHotelPrice execute at: 11/13/2025 15:01:43 +08:00
