2025-05-08 09:18:47,843：SpiderPolingWorker starting at: 05/08/2025 09:18:47 +08:00
2025-05-08 09:18:51,257：SpiderPolingWorker execute at: 05/08/2025 09:18:51 +08:00
2025-05-08 09:18:51,263：Application started. Press Ctrl+C to shut down.
2025-05-08 09:18:51,265：Hosting environment: Production
2025-05-08 09:18:51,267：Content root path: D:\products\Offline.Host.Sup\Offline.Sup.Spider.WinServer\bin\Debug\net6.0
2025-05-08 09:19:10,520：Application is shutting down...
2025-05-08 09:19:10,525：SpiderPolingWorker stopping at: 05/08/2025 09:19:10 +08:00
2025-05-08 09:19:10,602：SpiderPolingWorker Executeing Error:A task was canceled.
2025-05-08 09:19:37,343：SpiderPolingWorker starting at: 05/08/2025 09:19:37 +08:00
2025-05-08 09:19:37,395：SpiderPolingWorker execute at: 05/08/2025 09:19:37 +08:00
2025-05-08 09:21:22,173：SpiderPolingWorker starting at: 05/08/2025 09:21:22 +08:00
2025-05-08 09:21:22,228：SpiderPolingWorker execute at: 05/08/2025 09:21:22 +08:00
2025-05-08 09:22:49,071：SpiderPolingWorker starting at: 05/08/2025 09:22:49 +08:00
2025-05-08 09:22:49,122：SpiderPolingWorker execute at: 05/08/2025 09:22:49 +08:00
2025-05-08 09:22:53,368：Application started. Press Ctrl+C to shut down.
2025-05-08 09:22:53,377：Hosting environment: Production
2025-05-08 09:22:53,394：Content root path: D:\products\Offline.Host.Sup\Offline.Sup.Spider.WinServer\bin\Debug\net6.0
2025-05-08 09:41:46,082：SpiderPolingWorker starting at: 05/08/2025 09:41:46 +08:00
2025-05-08 09:41:46,136：SpiderPolingWorker execute at: 05/08/2025 09:41:46 +08:00
2025-05-08 09:41:46,140：Application started. Press Ctrl+C to shut down.
2025-05-08 09:41:46,142：Hosting environment: Production
2025-05-08 09:41:46,144：Content root path: D:\products\Offline.Host.Sup\Offline.Sup.Spider.WinServer\bin\Debug\net6.0
2025-05-08 09:43:15,831：SpiderPolingWorker starting at: 05/08/2025 09:43:15 +08:00
2025-05-08 09:43:15,882：SpiderPolingWorker execute at: 05/08/2025 09:43:15 +08:00
2025-05-08 09:43:20,922：Application started. Press Ctrl+C to shut down.
2025-05-08 09:43:20,924：Hosting environment: Production
2025-05-08 09:43:20,926：Content root path: D:\products\Offline.Host.Sup\Offline.Sup.Spider.WinServer\bin\Debug\net6.0
2025-05-08 09:45:08,246：SpiderPolingWorker starting at: 05/08/2025 09:45:08 +08:00
2025-05-08 09:45:08,298：SpiderPolingWorker execute at: 05/08/2025 09:45:08 +08:00
2025-05-08 09:45:08,311：Application started. Press Ctrl+C to shut down.
2025-05-08 09:45:08,314：Hosting environment: Production
2025-05-08 09:45:08,316：Content root path: D:\products\Offline.Host.Sup\Offline.Sup.Spider.WinServer\bin\Debug\net6.0
2025-05-08 10:36:02,505：SpiderPolingWorker starting at: 05/08/2025 10:36:02 +08:00
2025-05-08 10:36:02,554：SpiderPolingWorker execute at: 05/08/2025 10:36:02 +08:00
2025-05-08 10:36:02,560：Application started. Press Ctrl+C to shut down.
2025-05-08 10:36:02,565：Hosting environment: Production
2025-05-08 10:36:02,568：Content root path: D:\products\Offline.Host.Sup\Offline.Sup.Spider.WinServer\bin\Debug\net6.0
2025-05-08 10:36:58,576：SpiderPolingWorker starting at: 05/08/2025 10:36:58 +08:00
2025-05-08 10:36:58,617：SpiderPolingWorker execute at: 05/08/2025 10:36:58 +08:00
2025-05-08 10:36:58,623：Application started. Press Ctrl+C to shut down.
2025-05-08 10:36:58,625：Hosting environment: Production
2025-05-08 10:36:58,627：Content root path: D:\products\Offline.Host.Sup\Offline.Sup.Spider.WinServer\bin\Debug\net6.0
2025-05-08 10:38:12,867：SpiderPolingWorker starting at: 05/08/2025 10:38:12 +08:00
2025-05-08 10:38:12,915：SpiderPolingWorker execute at: 05/08/2025 10:38:12 +08:00
2025-05-08 10:38:12,920：Application started. Press Ctrl+C to shut down.
2025-05-08 10:38:12,922：Hosting environment: Production
2025-05-08 10:38:12,924：Content root path: D:\products\Offline.Host.Sup\Offline.Sup.Spider.WinServer\bin\Debug\net6.0
2025-05-08 10:39:44,126：SpiderPolingWorker starting at: 05/08/2025 10:39:44 +08:00
2025-05-08 10:39:44,186：SpiderPolingWorker execute at: 05/08/2025 10:39:44 +08:00
2025-05-08 10:39:44,192：Application started. Press Ctrl+C to shut down.
2025-05-08 10:39:44,195：Hosting environment: Production
2025-05-08 10:39:44,198：Content root path: D:\products\Offline.Host.Sup\Offline.Sup.Spider.WinServer\bin\Debug\net6.0
2025-05-08 10:40:25,943：SpiderPolingWorker starting at: 05/08/2025 10:40:25 +08:00
2025-05-08 10:40:25,992：SpiderPolingWorker execute at: 05/08/2025 10:40:25 +08:00
2025-05-08 10:40:25,997：Application started. Press Ctrl+C to shut down.
2025-05-08 10:40:31,246：Hosting environment: Production
2025-05-08 10:40:31,291：Content root path: D:\products\Offline.Host.Sup\Offline.Sup.Spider.WinServer\bin\Debug\net6.0
2025-05-08 10:42:01,473：SpiderPolingWorker starting at: 05/08/2025 10:42:01 +08:00
2025-05-08 10:42:01,521：SpiderPolingWorker execute at: 05/08/2025 10:42:01 +08:00
2025-05-08 10:42:01,526：Application started. Press Ctrl+C to shut down.
2025-05-08 10:42:02,980：Hosting environment: Production
2025-05-08 10:42:02,987：Content root path: D:\products\Offline.Host.Sup\Offline.Sup.Spider.WinServer\bin\Debug\net6.0
2025-05-08 10:42:19,552：SpiderHotelCheckPrice Task execution completed
2025-05-08 10:42:35,629：SpiderPolingWorker starting at: 05/08/2025 10:42:35 +08:00
2025-05-08 10:42:35,680：SpiderPolingWorker execute at: 05/08/2025 10:42:35 +08:00
2025-05-08 10:42:35,685：Application started. Press Ctrl+C to shut down.
2025-05-08 10:42:41,491：Hosting environment: Production
2025-05-08 10:42:41,505：Content root path: D:\products\Offline.Host.Sup\Offline.Sup.Spider.WinServer\bin\Debug\net6.0
2025-05-08 10:48:46,094：SpiderPolingWorker starting at: 05/08/2025 10:48:46 +08:00
2025-05-08 10:48:46,142：SpiderPolingWorker execute at: 05/08/2025 10:48:46 +08:00
2025-05-08 10:48:46,147：Application started. Press Ctrl+C to shut down.
2025-05-08 10:48:46,157：Hosting environment: Production
2025-05-08 10:48:46,162：Content root path: D:\products\Offline.Host.Sup\Offline.Sup.Spider.WinServer\bin\Debug\net6.0
2025-05-08 10:48:46,565：SpiderHotelUrl Task execution completed
2025-05-08 10:48:58,229：SpiderHotelCheckPrice Task execution completed
2025-05-08 10:49:44,430：SpiderPolingWorker starting at: 05/08/2025 10:49:44 +08:00
2025-05-08 10:49:44,472：SpiderPolingWorker execute at: 05/08/2025 10:49:44 +08:00
2025-05-08 10:49:44,477：Application started. Press Ctrl+C to shut down.
2025-05-08 10:49:44,479：Hosting environment: Production
2025-05-08 10:49:44,489：Content root path: D:\products\Offline.Host.Sup\Offline.Sup.Spider.WinServer\bin\Debug\net6.0
2025-05-08 10:49:46,419：SpiderHotelUrl Task execution completed
2025-05-08 10:50:12,506：SpiderHotelCheckPrice Task execution completed
2025-05-08 10:50:35,938：SpiderPolingWorker starting at: 05/08/2025 10:50:35 +08:00
2025-05-08 10:50:35,979：SpiderPolingWorker execute at: 05/08/2025 10:50:35 +08:00
2025-05-08 10:50:35,984：Application started. Press Ctrl+C to shut down.
2025-05-08 10:50:35,991：Hosting environment: Production
2025-05-08 10:50:35,997：Content root path: D:\products\Offline.Host.Sup\Offline.Sup.Spider.WinServer\bin\Debug\net6.0
2025-05-08 10:50:38,938：SpiderHotelUrl Task execution completed
2025-05-08 10:50:59,976：SpiderHotelCheckPrice Task execution completed
2025-05-08 10:51:01,097：SpiderPolingHotelPrice Task execution completed
2025-05-08 10:51:29,859：SpiderPolingHotelPrice Task execution completed
2025-05-08 10:52:05,222：SpiderPolingHotelPrice Task execution completed
2025-05-08 10:52:31,470：SpiderPolingHotelPrice Task execution completed
2025-05-08 10:52:57,411：SpiderPolingHotelPrice Task execution completed
2025-05-08 10:53:39,485：SpiderPolingWorker starting at: 05/08/2025 10:53:39 +08:00
2025-05-08 10:53:39,528：SpiderPolingWorker execute at: 05/08/2025 10:53:39 +08:00
2025-05-08 10:53:39,533：Application started. Press Ctrl+C to shut down.
2025-05-08 10:53:39,536：Hosting environment: Production
2025-05-08 10:53:39,538：Content root path: D:\products\Offline.Host.Sup\Offline.Sup.Spider.WinServer\bin\Debug\net6.0
2025-05-08 10:53:39,731：SpiderHotelUrl Task execution completed
2025-05-08 10:57:50,160：SpiderPolingWorker starting at: 05/08/2025 10:57:50 +08:00
2025-05-08 10:57:50,209：SpiderPolingWorker execute at: 05/08/2025 10:57:50 +08:00
2025-05-08 10:57:50,214：Application started. Press Ctrl+C to shut down.
2025-05-08 10:57:50,217：Hosting environment: Production
2025-05-08 10:57:50,220：Content root path: D:\products\Offline.Host.Sup\Offline.Sup.Spider.WinServer\bin\Debug\net6.0
2025-05-08 10:57:50,414：SpiderHotelUrl Task execution completed
2025-05-08 10:58:02,420：SpiderHotelCheckPrice Task execution completed
2025-05-08 10:59:40,606：SpiderPolingWorker starting at: 05/08/2025 10:59:40 +08:00
2025-05-08 10:59:40,650：SpiderPolingWorker execute at: 05/08/2025 10:59:40 +08:00
2025-05-08 10:59:40,659：Application started. Press Ctrl+C to shut down.
2025-05-08 10:59:40,663：Hosting environment: Production
2025-05-08 10:59:40,667：Content root path: D:\products\Offline.Host.Sup\Offline.Sup.Spider.WinServer\bin\Debug\net6.0
2025-05-08 10:59:40,938：SpiderHotelUrl Task execution completed
2025-05-08 10:59:55,771：SpiderHotelCheckPrice Task execution completed
2025-05-08 11:01:44,626：SpiderPolingWorker starting at: 05/08/2025 11:01:44 +08:00
2025-05-08 11:01:44,678：SpiderPolingWorker execute at: 05/08/2025 11:01:44 +08:00
2025-05-08 11:01:44,684：Application started. Press Ctrl+C to shut down.
2025-05-08 11:01:44,687：Hosting environment: Production
2025-05-08 11:01:44,689：Content root path: D:\products\Offline.Host.Sup\Offline.Sup.Spider.WinServer\bin\Debug\net6.0
2025-05-08 11:01:44,893：SpiderHotelUrl Task execution completed
2025-05-08 11:01:57,325：SpiderHotelCheckPrice Task execution completed
2025-05-08 11:06:22,719：SpiderPolingWorker starting at: 05/08/2025 11:06:22 +08:00
2025-05-08 11:06:22,788：SpiderPolingWorker execute at: 05/08/2025 11:06:22 +08:00
2025-05-08 11:06:22,793：Application started. Press Ctrl+C to shut down.
2025-05-08 11:06:22,796：Hosting environment: Production
2025-05-08 11:06:22,800：Content root path: D:\products\Offline.Host.Sup\Offline.Sup.Spider.WinServer\bin\Debug\net6.0
2025-05-08 11:06:23,006：SpiderHotelUrl Task execution completed
2025-05-08 11:11:42,762：SpiderPolingWorker starting at: 05/08/2025 11:11:42 +08:00
2025-05-08 11:11:42,813：SpiderPolingWorker execute at: 05/08/2025 11:11:42 +08:00
2025-05-08 11:11:42,825：Application started. Press Ctrl+C to shut down.
2025-05-08 11:11:42,832：Hosting environment: Production
2025-05-08 11:11:42,835：Content root path: D:\products\Offline.Host.Sup\Offline.Sup.Spider.WinServer\bin\Debug\net6.0
2025-05-08 11:11:43,095：SpiderHotelUrl Task execution completed
2025-05-08 11:12:00,965：SpiderHotelCheckPrice Task execution completed
2025-05-08 11:12:35,239：SpiderPolingWorker starting at: 05/08/2025 11:12:35 +08:00
2025-05-08 11:12:35,282：SpiderPolingWorker execute at: 05/08/2025 11:12:35 +08:00
2025-05-08 11:12:35,292：Application started. Press Ctrl+C to shut down.
2025-05-08 11:12:35,294：Hosting environment: Production
2025-05-08 11:12:35,296：Content root path: D:\products\Offline.Host.Sup\Offline.Sup.Spider.WinServer\bin\Debug\net6.0
2025-05-08 11:15:57,057：SpiderPolingWorker starting at: 05/08/2025 11:15:57 +08:00
2025-05-08 11:15:57,108：SpiderPolingWorker execute at: 05/08/2025 11:15:57 +08:00
2025-05-08 11:15:57,114：Application started. Press Ctrl+C to shut down.
2025-05-08 11:15:57,116：Hosting environment: Production
2025-05-08 11:15:57,121：Content root path: D:\products\Offline.Host.Sup\Offline.Sup.Spider.WinServer\bin\Debug\net6.0
2025-05-08 11:16:02,442：SpiderHotelUrl Task execution completed
2025-05-08 11:16:15,266：SpiderHotelCheckPrice Task execution completed
2025-05-08 11:17:54,035：SpiderPolingHotelPrice Task execution completed
2025-05-08 11:20:09,404：SpiderPolingWorker starting at: 05/08/2025 11:20:09 +08:00
2025-05-08 11:20:09,451：SpiderPolingWorker execute at: 05/08/2025 11:20:09 +08:00
2025-05-08 11:20:09,461：Application started. Press Ctrl+C to shut down.
2025-05-08 11:20:09,464：Hosting environment: Production
2025-05-08 11:20:09,466：Content root path: D:\products\Offline.Host.Sup\Offline.Sup.Spider.WinServer\bin\Debug\net6.0
2025-05-08 11:20:14,602：SpiderHotelUrl Task execution completed
2025-05-08 11:20:36,074：SpiderHotelCheckPrice Task execution completed
2025-05-08 11:20:38,210：SpiderPolingHotelPrice Task execution completed
2025-05-08 11:24:39,538：SpiderPolingWorker starting at: 05/08/2025 11:24:39 +08:00
2025-05-08 11:24:39,593：SpiderPolingWorker execute at: 05/08/2025 11:24:39 +08:00
2025-05-08 11:24:39,599：Application started. Press Ctrl+C to shut down.
2025-05-08 11:24:39,602：Hosting environment: Production
2025-05-08 11:24:39,605：Content root path: D:\products\Offline.Host.Sup\Offline.Sup.Spider.WinServer\bin\Debug\net6.0
2025-05-08 11:24:39,856：Start processing HTTP request GET http://affiliatefeed.agoda.cn/datafeeds/feed/getfeed?apikey=B18FC62B-E6D0-45E1-926A-85E374F81966&mhotel_id=62269249&feed_id=19&olanguage_id=8
2025-05-08 11:24:39,877：Sending HTTP request GET http://affiliatefeed.agoda.cn/datafeeds/feed/getfeed?apikey=B18FC62B-E6D0-45E1-926A-85E374F81966&mhotel_id=62269249&feed_id=19&olanguage_id=8
2025-05-08 11:24:40,699：Received HTTP response headers after 810.8417ms - 200
2025-05-08 11:24:40,706：End processing HTTP request after 865.7394ms - 200
2025-05-08 11:31:13,141：SpiderPolingWorker starting at: 05/08/2025 11:31:13 +08:00
2025-05-08 11:31:13,190：SpiderPolingWorker execute at: 05/08/2025 11:31:13 +08:00
2025-05-08 11:31:13,202：Application started. Press Ctrl+C to shut down.
2025-05-08 11:31:13,205：Hosting environment: Production
2025-05-08 11:31:13,207：Content root path: D:\products\Offline.Host.Sup\Offline.Sup.Spider.WinServer\bin\Debug\net6.0
2025-05-08 11:31:13,460：Start processing HTTP request GET http://affiliatefeed.agoda.cn/datafeeds/feed/getfeed?apikey=B18FC62B-E6D0-45E1-926A-85E374F81966&mhotel_id=62269249&feed_id=19&olanguage_id=8
2025-05-08 11:31:13,476：Sending HTTP request GET http://affiliatefeed.agoda.cn/datafeeds/feed/getfeed?apikey=B18FC62B-E6D0-45E1-926A-85E374F81966&mhotel_id=62269249&feed_id=19&olanguage_id=8
2025-05-08 11:31:13,993：Received HTTP response headers after 507.9587ms - 200
2025-05-08 11:31:13,997：End processing HTTP request after 557.8676ms - 200
2025-05-08 11:31:26,383：SpiderHotelCheckPrice Task execution completed
2025-05-08 11:33:17,593：SpiderPolingWorker starting at: 05/08/2025 11:33:17 +08:00
2025-05-08 11:33:17,637：SpiderPolingWorker execute at: 05/08/2025 11:33:17 +08:00
2025-05-08 11:33:17,648：Application started. Press Ctrl+C to shut down.
2025-05-08 11:33:17,651：Hosting environment: Production
2025-05-08 11:33:17,653：Content root path: D:\products\Offline.Host.Sup\Offline.Sup.Spider.WinServer\bin\Debug\net6.0
2025-05-08 11:33:17,941：Start processing HTTP request GET http://affiliatefeed.agoda.cn/datafeeds/feed/getfeed?apikey=B18FC62B-E6D0-45E1-926A-85E374F81966&mhotel_id=62269249&feed_id=19&olanguage_id=8
2025-05-08 11:33:17,964：Sending HTTP request GET http://affiliatefeed.agoda.cn/datafeeds/feed/getfeed?apikey=B18FC62B-E6D0-45E1-926A-85E374F81966&mhotel_id=62269249&feed_id=19&olanguage_id=8
2025-05-08 11:33:18,711：Received HTTP response headers after 736.2425ms - 200
2025-05-08 11:33:18,718：End processing HTTP request after 791.9479ms - 200
2025-05-08 11:33:32,369：SpiderHotelCheckPrice Task execution completed
2025-05-08 11:37:17,704：SpiderPolingWorker starting at: 05/08/2025 11:37:17 +08:00
2025-05-08 11:37:17,754：SpiderPolingWorker execute at: 05/08/2025 11:37:17 +08:00
2025-05-08 11:37:17,758：Application started. Press Ctrl+C to shut down.
2025-05-08 11:37:17,760：Hosting environment: Production
2025-05-08 11:37:17,763：Content root path: D:\products\Offline.Host.Sup\Offline.Sup.Spider.WinServer\bin\Debug\net6.0
2025-05-08 11:42:42,589：SpiderPolingWorker starting at: 05/08/2025 11:42:42 +08:00
2025-05-08 11:42:42,641：SpiderPolingWorker execute at: 05/08/2025 11:42:42 +08:00
2025-05-08 11:42:42,646：Application started. Press Ctrl+C to shut down.
2025-05-08 11:42:42,648：Hosting environment: Production
2025-05-08 11:42:42,652：Content root path: D:\products\Offline.Host.Sup\Offline.Sup.Spider.WinServer\bin\Debug\net6.0
2025-05-08 11:43:40,397：SpiderPolingWorker starting at: 05/08/2025 11:43:40 +08:00
2025-05-08 11:43:40,443：SpiderPolingWorker execute at: 05/08/2025 11:43:40 +08:00
2025-05-08 11:43:40,449：Application started. Press Ctrl+C to shut down.
2025-05-08 11:43:40,451：Hosting environment: Production
2025-05-08 11:43:40,454：Content root path: D:\products\Offline.Host.Sup\Offline.Sup.Spider.WinServer\bin\Debug\net6.0
2025-05-08 11:44:21,679：SpiderPolingWorker starting at: 05/08/2025 11:44:21 +08:00
2025-05-08 11:44:21,730：SpiderPolingWorker execute at: 05/08/2025 11:44:21 +08:00
2025-05-08 11:44:21,735：Application started. Press Ctrl+C to shut down.
2025-05-08 11:44:21,737：Hosting environment: Production
2025-05-08 11:44:21,740：Content root path: D:\products\Offline.Host.Sup\Offline.Sup.Spider.WinServer\bin\Debug\net6.0
2025-05-08 11:45:06,560：SpiderPolingWorker starting at: 05/08/2025 11:45:06 +08:00
2025-05-08 11:45:06,603：SpiderPolingWorker execute at: 05/08/2025 11:45:06 +08:00
2025-05-08 11:45:06,608：Application started. Press Ctrl+C to shut down.
2025-05-08 11:45:06,611：Hosting environment: Production
2025-05-08 11:45:06,612：Content root path: D:\products\Offline.Host.Sup\Offline.Sup.Spider.WinServer\bin\Debug\net6.0
2025-05-08 11:45:29,971：SpiderPolingHotelPrice Task execution completed
2025-05-08 11:46:13,715：SpiderPolingWorker starting at: 05/08/2025 11:46:13 +08:00
2025-05-08 11:46:13,768：SpiderPolingWorker execute at: 05/08/2025 11:46:13 +08:00
2025-05-08 11:46:13,774：Application started. Press Ctrl+C to shut down.
2025-05-08 11:46:13,776：Hosting environment: Production
2025-05-08 11:46:13,779：Content root path: D:\products\Offline.Host.Sup\Offline.Sup.Spider.WinServer\bin\Debug\net6.0
2025-05-08 11:46:14,026：Start processing HTTP request GET http://affiliatefeed.agoda.cn/datafeeds/feed/getfeed?apikey=B18FC62B-E6D0-45E1-926A-85E374F81966&mhotel_id=62269249&feed_id=19&olanguage_id=8
2025-05-08 11:46:14,039：Sending HTTP request GET http://affiliatefeed.agoda.cn/datafeeds/feed/getfeed?apikey=B18FC62B-E6D0-45E1-926A-85E374F81966&mhotel_id=62269249&feed_id=19&olanguage_id=8
2025-05-08 11:46:14,699：Received HTTP response headers after 649.8153ms - 200
2025-05-08 11:46:14,706：End processing HTTP request after 700.4554ms - 200
2025-05-08 11:47:27,931：SpiderPolingWorker starting at: 05/08/2025 11:47:27 +08:00
2025-05-08 11:47:27,980：SpiderPolingWorker execute at: 05/08/2025 11:47:27 +08:00
2025-05-08 11:47:27,987：Application started. Press Ctrl+C to shut down.
2025-05-08 11:47:27,995：Hosting environment: Production
2025-05-08 11:47:28,001：Content root path: D:\products\Offline.Host.Sup\Offline.Sup.Spider.WinServer\bin\Debug\net6.0
2025-05-08 11:48:37,555：SpiderPolingWorker starting at: 05/08/2025 11:48:37 +08:00
2025-05-08 11:48:37,598：SpiderPolingWorker execute at: 05/08/2025 11:48:37 +08:00
2025-05-08 11:48:37,606：Application started. Press Ctrl+C to shut down.
2025-05-08 11:48:37,609：Hosting environment: Production
2025-05-08 11:48:37,611：Content root path: D:\products\Offline.Host.Sup\Offline.Sup.Spider.WinServer\bin\Debug\net6.0
2025-05-08 11:50:41,219：SpiderPolingWorker starting at: 05/08/2025 11:50:41 +08:00
2025-05-08 11:50:41,263：SpiderPolingWorker execute at: 05/08/2025 11:50:41 +08:00
2025-05-08 11:50:41,268：Application started. Press Ctrl+C to shut down.
2025-05-08 11:50:41,276：Hosting environment: Production
2025-05-08 11:50:41,283：Content root path: D:\products\Offline.Host.Sup\Offline.Sup.Spider.WinServer\bin\Debug\net6.0
2025-05-08 12:00:39,048：SpiderPolingWorker starting at: 05/08/2025 12:00:39 +08:00
2025-05-08 12:00:39,098：SpiderPolingWorker execute at: 05/08/2025 12:00:39 +08:00
2025-05-08 12:00:39,109：Application started. Press Ctrl+C to shut down.
2025-05-08 12:00:39,112：Hosting environment: Production
2025-05-08 12:00:39,115：Content root path: D:\products\Offline.Host.Sup\Offline.Sup.Spider.WinServer\bin\Debug\net6.0
2025-05-08 12:00:39,884：Start processing HTTP request GET http://affiliatefeed.agoda.cn/datafeeds/feed/getfeed?apikey=B18FC62B-E6D0-45E1-926A-85E374F81966&mhotel_id=62269249&feed_id=19&olanguage_id=8
2025-05-08 12:00:39,900：Sending HTTP request GET http://affiliatefeed.agoda.cn/datafeeds/feed/getfeed?apikey=B18FC62B-E6D0-45E1-926A-85E374F81966&mhotel_id=62269249&feed_id=19&olanguage_id=8
2025-05-08 12:00:40,354：Received HTTP response headers after 445.2154ms - 200
2025-05-08 12:00:40,359：End processing HTTP request after 495.0487ms - 200
2025-05-08 12:06:10,118：SpiderPolingWorker starting at: 05/08/2025 12:06:10 +08:00
2025-05-08 12:06:10,168：SpiderPolingWorker execute at: 05/08/2025 12:06:10 +08:00
2025-05-08 12:06:10,177：Application started. Press Ctrl+C to shut down.
2025-05-08 12:06:10,180：Hosting environment: Production
2025-05-08 12:06:10,181：Content root path: D:\products\Offline.Host.Sup\Offline.Sup.Spider.WinServer\bin\Debug\net6.0
2025-05-08 12:06:10,917：Start processing HTTP request GET http://affiliatefeed.agoda.cn/datafeeds/feed/getfeed?apikey=B18FC62B-E6D0-45E1-926A-85E374F81966&mhotel_id=62269249&feed_id=19&olanguage_id=8
2025-05-08 12:06:10,926：Sending HTTP request GET http://affiliatefeed.agoda.cn/datafeeds/feed/getfeed?apikey=B18FC62B-E6D0-45E1-926A-85E374F81966&mhotel_id=62269249&feed_id=19&olanguage_id=8
2025-05-08 12:06:11,491：Received HTTP response headers after 550.5565ms - 200
2025-05-08 12:06:11,498：End processing HTTP request after 601.4916ms - 200
2025-05-08 12:06:19,529：SpiderHotelUrl Task execution completed
2025-05-08 12:06:26,884：SpiderHotelCheckPrice Task execution completed
2025-05-08 12:06:35,629：SpiderPolingHotelPrice Task execution completed
2025-05-08 12:07:38,055：SpiderPolingWorker starting at: 05/08/2025 12:07:38 +08:00
2025-05-08 12:07:38,141：SpiderPolingWorker execute at: 05/08/2025 12:07:38 +08:00
2025-05-08 12:07:38,148：Application started. Press Ctrl+C to shut down.
2025-05-08 12:07:38,150：Hosting environment: Production
2025-05-08 12:07:38,152：Content root path: D:\products\Offline.Host.Sup\Offline.Sup.Spider.WinServer\bin\Debug\net6.0
2025-05-08 12:07:38,837：SpiderHotelUrl Task execution completed
2025-05-08 12:08:01,611：SpiderHotelCheckPrice Task execution completed
2025-05-08 12:08:02,623：SpiderPolingHotelPrice Task execution completed
2025-05-08 12:08:31,974：SpiderPolingHotelPrice Task execution completed
2025-05-08 12:09:03,262：SpiderPolingHotelPrice Task execution completed
2025-05-08 12:09:33,741：SpiderPolingHotelPrice Task execution completed
2025-05-08 12:10:05,037：SpiderPolingHotelPrice Task execution completed
2025-05-08 12:10:35,203：SpiderPolingHotelPrice Task execution completed
2025-05-08 12:11:05,101：SpiderPolingHotelPrice Task execution completed
2025-05-08 12:11:35,254：SpiderPolingHotelPrice Task execution completed
2025-05-08 12:12:06,552：SpiderPolingHotelPrice Task execution completed
2025-05-08 12:12:38,869：SpiderHotelUrl Task execution completed
2025-05-08 12:12:39,129：SpiderPolingHotelPrice Task execution completed
2025-05-08 12:13:10,285：SpiderPolingHotelPrice Task execution completed
2025-05-08 12:13:41,207：SpiderPolingHotelPrice Task execution completed
2025-05-08 12:14:12,628：SpiderPolingHotelPrice Task execution completed
2025-05-08 12:18:17,307：SpiderPolingWorker starting at: 05/08/2025 12:18:17 +08:00
2025-05-08 12:18:17,357：SpiderPolingWorker execute at: 05/08/2025 12:18:17 +08:00
2025-05-08 12:18:17,363：Application started. Press Ctrl+C to shut down.
2025-05-08 12:18:17,367：Hosting environment: Production
2025-05-08 12:18:17,369：Content root path: D:\products\Offline.Host.Sup\Offline.Sup.Spider.WinServer\bin\Debug\net6.0
2025-05-08 12:24:51,965：SpiderPolingWorker starting at: 05/08/2025 12:24:51 +08:00
2025-05-08 12:24:52,019：SpiderPolingWorker execute at: 05/08/2025 12:24:52 +08:00
2025-05-08 12:24:52,341：Application started. Press Ctrl+C to shut down.
2025-05-08 12:24:52,343：Hosting environment: Production
2025-05-08 12:24:52,345：Content root path: D:\products\Offline.Host.Sup\Offline.Sup.Spider.WinServer\bin\Debug\net6.0
2025-05-08 12:24:52,392：SpiderHotelUrl Task execution completed
2025-05-08 12:25:20,851：SpiderPolingHotelPrice Task execution completed
2025-05-08 12:25:20,882：SpiderHotelCheckPrice Task execution completed
2025-05-08 12:25:47,268：SpiderPolingHotelPrice Task execution completed
2025-05-08 12:26:13,730：SpiderPolingHotelPrice Task execution completed
2025-05-08 12:26:40,394：SpiderPolingHotelPrice Task execution completed
2025-05-08 12:27:07,504：SpiderPolingHotelPrice Task execution completed
2025-05-08 12:27:34,192：SpiderPolingHotelPrice Task execution completed
2025-05-08 12:28:00,828：SpiderPolingHotelPrice Task execution completed
2025-05-08 12:28:28,367：SpiderPolingHotelPrice Task execution completed
2025-05-08 12:28:56,248：SpiderPolingHotelPrice Task execution completed
2025-05-08 12:29:23,192：SpiderPolingHotelPrice Task execution completed
2025-05-08 12:29:50,207：SpiderPolingHotelPrice Task execution completed
2025-05-08 12:29:52,405：SpiderHotelUrl Task execution completed
2025-05-08 12:30:17,457：SpiderPolingHotelPrice Task execution completed
2025-05-08 12:30:44,203：SpiderPolingHotelPrice Task execution completed
2025-05-08 12:31:10,565：SpiderPolingHotelPrice Task execution completed
2025-05-08 12:31:37,465：SpiderPolingHotelPrice Task execution completed
2025-05-08 12:32:04,114：SpiderPolingHotelPrice Task execution completed
2025-05-08 12:32:30,984：SpiderPolingHotelPrice Task execution completed
2025-05-08 12:32:58,000：SpiderPolingHotelPrice Task execution completed
2025-05-08 12:33:24,514：SpiderPolingHotelPrice Task execution completed
2025-05-08 12:33:51,749：SpiderPolingHotelPrice Task execution completed
2025-05-08 12:34:18,113：SpiderPolingHotelPrice Task execution completed
2025-05-08 12:34:45,020：SpiderPolingHotelPrice Task execution completed
2025-05-08 12:34:52,434：SpiderHotelUrl Task execution completed
2025-05-08 12:35:12,291：SpiderPolingHotelPrice Task execution completed
2025-05-08 12:35:39,179：SpiderPolingHotelPrice Task execution completed
2025-05-08 12:35:39,682：SpiderHotelCheckPrice Task execution completed
2025-05-08 12:36:06,176：SpiderPolingHotelPrice Task execution completed
2025-05-08 12:36:32,724：SpiderPolingHotelPrice Task execution completed
2025-05-08 12:36:59,356：SpiderPolingHotelPrice Task execution completed
2025-05-08 12:37:26,395：SpiderPolingHotelPrice Task execution completed
2025-05-08 12:37:52,330：SpiderPolingHotelPrice Task execution completed
2025-05-08 12:38:20,401：SpiderPolingHotelPrice Task execution completed
2025-05-08 12:38:57,273：SpiderPolingHotelPrice Task execution completed
2025-05-08 12:39:23,954：SpiderPolingHotelPrice Task execution completed
2025-05-08 12:39:50,446：SpiderPolingHotelPrice Task execution completed
2025-05-08 12:39:52,458：SpiderHotelUrl Task execution completed
2025-05-08 12:40:17,141：SpiderPolingHotelPrice Task execution completed
2025-05-08 12:40:52,851：SpiderPolingHotelPrice Task execution completed
2025-05-08 12:41:19,395：SpiderPolingHotelPrice Task execution completed
2025-05-08 12:41:46,097：SpiderPolingHotelPrice Task execution completed
2025-05-08 12:42:13,178：SpiderPolingHotelPrice Task execution completed
2025-05-08 12:42:39,801：SpiderPolingHotelPrice Task execution completed
2025-05-08 12:43:06,698：SpiderPolingHotelPrice Task execution completed
2025-05-08 12:43:33,823：SpiderPolingHotelPrice Task execution completed
2025-05-08 12:44:04,627：SpiderPolingHotelPrice Task execution completed
2025-05-08 12:44:31,609：SpiderPolingHotelPrice Task execution completed
2025-05-08 12:44:52,480：SpiderHotelUrl Task execution completed
2025-05-08 12:44:58,484：SpiderPolingHotelPrice Task execution completed
2025-05-08 12:45:25,662：SpiderPolingHotelPrice Task execution completed
2025-05-08 12:45:52,889：SpiderPolingHotelPrice Task execution completed
2025-05-08 12:45:58,295：SpiderHotelCheckPrice Task execution completed
2025-05-08 12:46:19,824：SpiderPolingHotelPrice Task execution completed
2025-05-08 12:46:46,002：SpiderPolingHotelPrice Task execution completed
2025-05-08 12:47:12,620：SpiderPolingHotelPrice Task execution completed
2025-05-08 12:47:39,806：SpiderPolingHotelPrice Task execution completed
2025-05-08 12:48:06,307：SpiderPolingHotelPrice Task execution completed
2025-05-08 12:48:32,642：SpiderPolingHotelPrice Task execution completed
2025-05-08 12:48:59,346：SpiderPolingHotelPrice Task execution completed
2025-05-08 12:49:25,661：SpiderPolingHotelPrice Task execution completed
2025-05-08 12:49:52,445：SpiderPolingHotelPrice Task execution completed
2025-05-08 12:49:52,509：SpiderHotelUrl Task execution completed
2025-05-08 12:50:19,418：SpiderPolingHotelPrice Task execution completed
2025-05-08 12:50:47,326：SpiderPolingHotelPrice Task execution completed
2025-05-08 12:51:15,359：SpiderPolingHotelPrice Task execution completed
2025-05-08 12:51:43,730：SpiderPolingHotelPrice Task execution completed
2025-05-08 12:52:11,689：SpiderPolingHotelPrice Task execution completed
2025-05-08 12:52:40,347：SpiderPolingHotelPrice Task execution completed
2025-05-08 12:53:07,555：SpiderPolingHotelPrice Task execution completed
2025-05-08 12:53:35,647：SpiderPolingHotelPrice Task execution completed
2025-05-08 12:54:02,923：SpiderPolingHotelPrice Task execution completed
2025-05-08 12:54:29,905：SpiderPolingHotelPrice Task execution completed
2025-05-08 12:54:52,517：SpiderHotelUrl Task execution completed
2025-05-08 12:54:56,898：SpiderPolingHotelPrice Task execution completed
2025-05-08 12:55:41,176：SpiderPolingHotelPrice Task execution completed
2025-05-08 12:56:07,930：SpiderPolingHotelPrice Task execution completed
2025-05-08 12:56:16,513：SpiderHotelCheckPrice Task execution completed
2025-05-08 12:56:34,968：SpiderPolingHotelPrice Task execution completed
2025-05-08 12:57:02,096：SpiderPolingHotelPrice Task execution completed
2025-05-08 12:57:28,857：SpiderPolingHotelPrice Task execution completed
2025-05-08 12:57:56,149：SpiderPolingHotelPrice Task execution completed
2025-05-08 12:58:23,081：SpiderPolingHotelPrice Task execution completed
2025-05-08 12:58:50,001：SpiderPolingHotelPrice Task execution completed
2025-05-08 12:59:16,984：SpiderPolingHotelPrice Task execution completed
2025-05-08 12:59:43,573：SpiderPolingHotelPrice Task execution completed
2025-05-08 12:59:52,573：SpiderHotelUrl Task execution completed
2025-05-08 13:00:10,040：SpiderPolingHotelPrice Task execution completed
2025-05-08 13:00:53,865：SpiderPolingHotelPrice Task execution completed
2025-05-08 13:01:21,019：SpiderPolingHotelPrice Task execution completed
2025-05-08 13:01:47,781：SpiderPolingHotelPrice Task execution completed
2025-05-08 13:02:14,786：SpiderPolingHotelPrice Task execution completed
2025-05-08 13:02:42,035：SpiderPolingHotelPrice Task execution completed
2025-05-08 13:03:09,237：SpiderPolingHotelPrice Task execution completed
2025-05-08 13:03:36,116：SpiderPolingHotelPrice Task execution completed
2025-05-08 13:04:02,846：SpiderPolingHotelPrice Task execution completed
2025-05-08 13:04:29,782：SpiderPolingHotelPrice Task execution completed
2025-05-08 13:04:52,626：SpiderHotelUrl Task execution completed
2025-05-08 13:04:56,049：SpiderPolingHotelPrice Task execution completed
2025-05-08 13:05:23,169：SpiderPolingHotelPrice Task execution completed
2025-05-08 13:05:50,300：SpiderPolingHotelPrice Task execution completed
2025-05-08 13:06:16,813：SpiderPolingHotelPrice Task execution completed
2025-05-08 13:06:42,897：SpiderHotelCheckPrice Task execution completed
2025-05-08 13:06:43,642：SpiderPolingHotelPrice Task execution completed
2025-05-08 13:07:19,648：SpiderPolingHotelPrice Task execution completed
2025-05-08 13:07:45,969：SpiderPolingHotelPrice Task execution completed
2025-05-08 13:08:13,055：SpiderPolingHotelPrice Task execution completed
2025-05-08 13:08:40,113：SpiderPolingHotelPrice Task execution completed
2025-05-08 13:09:15,506：SpiderPolingHotelPrice Task execution completed
2025-05-08 13:09:51,818：SpiderPolingHotelPrice Task execution completed
2025-05-08 13:09:52,640：SpiderHotelUrl Task execution completed
2025-05-08 13:10:27,967：SpiderPolingHotelPrice Task execution completed
2025-05-08 13:10:53,929：SpiderPolingHotelPrice Task execution completed
2025-05-08 13:11:29,718：SpiderPolingHotelPrice Task execution completed
2025-05-08 13:12:05,813：SpiderPolingHotelPrice Task execution completed
2025-05-08 13:12:32,695：SpiderPolingHotelPrice Task execution completed
2025-05-08 13:13:08,623：SpiderPolingHotelPrice Task execution completed
2025-05-08 13:13:35,698：SpiderPolingHotelPrice Task execution completed
2025-05-08 13:14:02,856：SpiderPolingHotelPrice Task execution completed
2025-05-08 13:14:29,259：SpiderPolingHotelPrice Task execution completed
2025-05-08 13:14:52,658：SpiderHotelUrl Task execution completed
2025-05-08 13:14:56,353：SpiderPolingHotelPrice Task execution completed
2025-05-08 13:15:23,225：SpiderPolingHotelPrice Task execution completed
2025-05-08 13:15:49,962：SpiderPolingHotelPrice Task execution completed
2025-05-08 13:16:16,759：SpiderPolingHotelPrice Task execution completed
2025-05-08 13:16:52,953：SpiderPolingHotelPrice Task execution completed
2025-05-08 13:16:58,428：SpiderHotelCheckPrice Task execution completed
2025-05-08 13:17:36,926：SpiderPolingHotelPrice Task execution completed
2025-05-08 14:42:12,006：SpiderPolingWorker starting at: 05/08/2025 14:42:11 +08:00
2025-05-08 14:42:12,049：SpiderPolingWorker execute at: 05/08/2025 14:42:12 +08:00
2025-05-08 14:42:15,650：Application started. Press Ctrl+C to shut down.
2025-05-08 14:42:15,652：Hosting environment: Production
2025-05-08 14:42:15,655：Content root path: D:\products\Offline.Host.Sup\Offline.Sup.Spider.WinServer\bin\Debug\net6.0
2025-05-08 14:42:15,706：SpiderPolingHotelPrice Task execution completed
2025-05-08 14:42:15,735：SpiderHotelUrl Task execution completed
2025-05-08 14:42:25,803：SpiderPolingHotelPrice Task execution completed
2025-05-08 14:42:27,924：SpiderHotelCheckPrice Task execution completed
2025-05-08 14:43:23,690：SpiderPolingHotelPrice Task execution completed
2025-05-08 15:01:28,559：SpiderPolingWorker starting at: 05/08/2025 15:01:28 +08:00
2025-05-08 15:01:28,659：SpiderPolingWorker execute at: 05/08/2025 15:01:28 +08:00
2025-05-08 15:01:29,283：Application started. Press Ctrl+C to shut down.
2025-05-08 15:01:29,285：Hosting environment: Production
2025-05-08 15:01:29,288：Content root path: D:\products\Offline.Host.Sup\Offline.Sup.Spider.WinServer\bin\Debug\net6.0
2025-05-08 15:01:29,366：SpiderHotelCheckPrice Task execution completed
2025-05-08 15:01:29,398：Start processing HTTP request GET http://affiliatefeed.agoda.cn/datafeeds/feed/getfeed?apikey=B18FC62B-E6D0-45E1-926A-85E374F81966&mhotel_id=23696369&feed_id=19&olanguage_id=8
2025-05-08 15:01:29,405：Sending HTTP request GET http://affiliatefeed.agoda.cn/datafeeds/feed/getfeed?apikey=B18FC62B-E6D0-45E1-926A-85E374F81966&mhotel_id=23696369&feed_id=19&olanguage_id=8
2025-05-08 15:01:29,934：Received HTTP response headers after 521.48ms - 200
2025-05-08 15:01:29,938：End processing HTTP request after 547.5086ms - 200
2025-05-08 15:01:39,012：SpiderHotelUrl Task execution completed
2025-05-08 15:03:41,579：Start processing HTTP request GET http://affiliatefeed.agoda.cn/datafeeds/feed/getfeed?apikey=B18FC62B-E6D0-45E1-926A-85E374F81966&mhotel_id=823479&feed_id=19&olanguage_id=8
2025-05-08 15:03:41,629：Sending HTTP request GET http://affiliatefeed.agoda.cn/datafeeds/feed/getfeed?apikey=B18FC62B-E6D0-45E1-926A-85E374F81966&mhotel_id=823479&feed_id=19&olanguage_id=8
2025-05-08 15:03:42,559：Received HTTP response headers after 927.3104ms - 200
2025-05-08 15:03:42,562：End processing HTTP request after 984.5201ms - 200
2025-05-08 15:03:45,893：SpiderHotelUrl Task execution completed
2025-05-08 15:12:45,605：SpiderPolingWorker starting at: 05/08/2025 15:12:45 +08:00
2025-05-08 15:12:45,656：SpiderPolingWorker execute at: 05/08/2025 15:12:45 +08:00
2025-05-08 15:12:46,100：Application started. Press Ctrl+C to shut down.
2025-05-08 15:12:46,103：Hosting environment: Production
2025-05-08 15:12:46,105：Content root path: D:\products\Offline.Host.Sup\Offline.Sup.Spider.WinServer\bin\Debug\net6.0
2025-05-08 15:12:48,527：SpiderHotelUrl Task execution completed
2025-05-08 15:13:05,856：SpiderPolingHotelPrice Task execution completed
2025-05-08 15:13:05,982：SpiderHotelCheckPrice Task execution completed
2025-05-08 15:19:54,511：SpiderPolingWorker starting at: 05/08/2025 15:19:54 +08:00
2025-05-08 15:19:54,541：SpiderPolingWorker execute at: 05/08/2025 15:19:54 +08:00
2025-05-08 15:19:55,052：Application started. Hosting environment: Production; Content root path: D:\products\Offline.Host.Sup\Offline.Sup.Spider.WinServer\bin\Debug\net6.0\
2025-05-08 15:20:14,597：SpiderPolingHotelPrice Task execution completed
2025-05-08 15:20:40,552：SpiderPolingHotelPrice Task execution completed
2025-05-08 15:21:05,740：SpiderPolingHotelPrice Task execution completed
2025-05-08 15:21:31,661：SpiderPolingHotelPrice Task execution completed
2025-05-08 15:21:56,698：SpiderPolingHotelPrice Task execution completed
2025-05-08 15:22:04,852：Application is shutting down...
2025-05-08 15:22:04,853：SpiderPolingWorker stopping at: 05/08/2025 15:22:04 +08:00
2025-05-08 16:01:36,404：SpiderPolingWorker starting at: 05/08/2025 16:01:36 +08:00
2025-05-08 16:01:36,455：SpiderPolingWorker execute at: 05/08/2025 16:01:36 +08:00
2025-05-08 16:01:37,133：Application started. Press Ctrl+C to shut down.
2025-05-08 16:01:37,135：Hosting environment: Production
2025-05-08 16:01:37,138：Content root path: D:\products\Offline.Host.Sup\Offline.Sup.Spider.WinServer\bin\Debug\net6.0
2025-05-08 16:02:15,075：SpiderHotelCheckPrice Task execution completed
2025-05-08 16:03:46,424：SpiderHotelCheckPrice Task execution completed
2025-05-08 16:04:30,948：SpiderPolingWorker starting at: 05/08/2025 16:04:30 +08:00
2025-05-08 16:04:30,994：SpiderPolingWorker execute at: 05/08/2025 16:04:30 +08:00
2025-05-08 16:04:31,422：Application started. Press Ctrl+C to shut down.
2025-05-08 16:04:31,424：Hosting environment: Production
2025-05-08 16:04:31,427：Content root path: D:\products\Offline.Host.Sup\Offline.Sup.Spider.WinServer\bin\Debug\net6.0
2025-05-08 16:04:31,500：SpiderHotelCheckPrice Task execution completed
2025-05-08 16:05:26,495：SpiderPolingWorker starting at: 05/08/2025 16:05:26 +08:00
2025-05-08 16:05:26,539：SpiderPolingWorker execute at: 05/08/2025 16:05:26 +08:00
2025-05-08 16:05:34,815：Application started. Press Ctrl+C to shut down.
2025-05-08 16:05:34,817：Hosting environment: Production
2025-05-08 16:05:34,820：Content root path: D:\products\Offline.Host.Sup\Offline.Sup.Spider.WinServer\bin\Debug\net6.0
2025-05-08 16:06:00,523：SpiderPolingWorker starting at: 05/08/2025 16:06:00 +08:00
2025-05-08 16:06:00,572：SpiderPolingWorker execute at: 05/08/2025 16:06:00 +08:00
2025-05-08 16:06:04,005：Application started. Press Ctrl+C to shut down.
2025-05-08 16:06:04,007：Hosting environment: Production
2025-05-08 16:06:04,010：Content root path: D:\products\Offline.Host.Sup\Offline.Sup.Spider.WinServer\bin\Debug\net6.0
2025-05-08 16:08:08,191：SpiderHotelCheckPrice Task execution completed
2025-05-08 16:09:23,284：SpiderHotelCheckPrice Task execution completed
2025-05-08 16:11:16,167：SpiderPolingWorker starting at: 05/08/2025 16:11:16 +08:00
2025-05-08 16:11:16,216：SpiderPolingWorker execute at: 05/08/2025 16:11:16 +08:00
2025-05-08 16:11:16,646：Application started. Press Ctrl+C to shut down.
2025-05-08 16:11:16,649：Hosting environment: Production
2025-05-08 16:11:16,651：Content root path: D:\products\Offline.Host.Sup\Offline.Sup.Spider.WinServer\bin\Debug\net6.0
2025-05-08 18:12:08,070：SpiderPolingWorker starting at: 05/08/2025 18:12:08 +08:00
2025-05-08 18:12:08,121：SpiderPolingWorker execute at: 05/08/2025 18:12:08 +08:00
2025-05-08 18:12:08,697：Application started. Press Ctrl+C to shut down.
2025-05-08 18:12:08,700：Hosting environment: Production
2025-05-08 18:12:08,702：Content root path: D:\products\Offline.Host.Sup\Offline.Sup.Spider.WinServer\bin\Debug\net6.0
2025-05-08 18:12:08,742：SpiderHotelCheckPrice Task execution completed
2025-05-08 18:12:08,743：SpiderPolingHotelPrice Task execution completed
2025-05-08 18:12:08,791：Start processing HTTP request GET http://affiliatefeed.agoda.cn/datafeeds/feed/getfeed?apikey=B18FC62B-E6D0-45E1-926A-85E374F81966&mhotel_id=823479&feed_id=19&olanguage_id=8
2025-05-08 18:12:08,798：Sending HTTP request GET http://affiliatefeed.agoda.cn/datafeeds/feed/getfeed?apikey=B18FC62B-E6D0-45E1-926A-85E374F81966&mhotel_id=823479&feed_id=19&olanguage_id=8
2025-05-08 18:12:09,591：Received HTTP response headers after 784.5217ms - 200
2025-05-08 18:12:09,596：End processing HTTP request after 812.43ms - 200
2025-05-08 18:12:18,780：SpiderPolingHotelPrice Task execution completed
2025-05-08 18:12:28,809：SpiderPolingHotelPrice Task execution completed
2025-05-08 18:12:38,827：SpiderPolingHotelPrice Task execution completed
2025-05-08 18:12:48,850：SpiderPolingHotelPrice Task execution completed
2025-05-08 18:12:58,903：SpiderPolingHotelPrice Task execution completed
2025-05-08 18:13:08,770：SpiderHotelCheckPrice Task execution completed
2025-05-08 18:13:08,929：SpiderPolingHotelPrice Task execution completed
2025-05-08 18:13:33,978：SpiderPolingWorker starting at: 05/08/2025 18:13:33 +08:00
2025-05-08 18:13:34,025：SpiderPolingWorker execute at: 05/08/2025 18:13:34 +08:00
2025-05-08 18:13:35,936：Application started. Press Ctrl+C to shut down.
2025-05-08 18:13:35,939：Hosting environment: Production
2025-05-08 18:13:35,942：Content root path: D:\products\Offline.Host.Sup\Offline.Sup.Spider.WinServer\bin\Debug\net6.0
2025-05-08 18:13:35,983：SpiderHotelCheckPrice Task execution completed
2025-05-08 18:13:36,012：SpiderPolingHotelPrice Task execution completed
2025-05-08 18:16:04,518：SpiderPolingWorker starting at: 05/08/2025 18:16:04 +08:00
2025-05-08 18:16:04,578：SpiderPolingWorker execute at: 05/08/2025 18:16:04 +08:00
2025-05-08 18:16:10,184：Application started. Press Ctrl+C to shut down.
2025-05-08 18:16:10,187：Hosting environment: Production
2025-05-08 18:16:10,190：Content root path: D:\products\Offline.Host.Sup\Offline.Sup.Spider.WinServer\bin\Debug\net6.0
2025-05-08 18:16:10,228：SpiderPolingHotelPrice Task execution completed
2025-05-08 18:16:10,256：SpiderHotelCheckPrice Task execution completed
2025-05-08 18:16:19,598：Start processing HTTP request GET http://affiliatefeed.agoda.cn/datafeeds/feed/getfeed?apikey=B18FC62B-E6D0-45E1-926A-85E374F81966&mhotel_id=823479&feed_id=19&olanguage_id=8
2025-05-08 18:16:19,604：Sending HTTP request GET http://affiliatefeed.agoda.cn/datafeeds/feed/getfeed?apikey=B18FC62B-E6D0-45E1-926A-85E374F81966&mhotel_id=823479&feed_id=19&olanguage_id=8
2025-05-08 18:16:20,273：SpiderPolingHotelPrice Task execution completed
2025-05-08 18:16:20,822：Received HTTP response headers after 1209.1127ms - 200
2025-05-08 18:16:20,826：End processing HTTP request after 1235.2731ms - 200
2025-05-08 18:16:32,446：SpiderPolingHotelPrice Task execution completed
2025-05-08 18:16:42,479：SpiderPolingHotelPrice Task execution completed
2025-05-08 18:16:53,220：SpiderPolingHotelPrice Task execution completed
2025-05-08 18:17:03,233：SpiderPolingHotelPrice Task execution completed
2025-05-08 18:17:10,283：SpiderHotelCheckPrice Task execution completed
2025-05-08 18:17:13,256：SpiderPolingHotelPrice Task execution completed
2025-05-08 18:17:23,268：SpiderPolingHotelPrice Task execution completed
2025-05-08 18:17:33,288：SpiderPolingHotelPrice Task execution completed
2025-05-08 18:17:43,297：SpiderPolingHotelPrice Task execution completed
2025-05-08 18:17:53,310：SpiderPolingHotelPrice Task execution completed
2025-05-08 18:18:03,328：SpiderPolingHotelPrice Task execution completed
2025-05-08 18:18:10,311：SpiderHotelCheckPrice Task execution completed
2025-05-08 18:18:13,346：SpiderPolingHotelPrice Task execution completed
2025-05-08 18:18:23,358：SpiderPolingHotelPrice Task execution completed
2025-05-08 18:18:33,376：SpiderPolingHotelPrice Task execution completed
2025-05-08 18:18:43,404：SpiderPolingHotelPrice Task execution completed
2025-05-08 18:18:53,430：SpiderPolingHotelPrice Task execution completed
2025-05-08 18:19:03,443：SpiderPolingHotelPrice Task execution completed
2025-05-08 18:19:13,454：SpiderPolingHotelPrice Task execution completed
2025-05-08 18:19:21,968：SpiderHotelCheckPrice Task execution completed
2025-05-08 18:19:23,466：SpiderPolingHotelPrice Task execution completed
2025-05-08 18:19:33,498：SpiderPolingHotelPrice Task execution completed
2025-05-08 18:19:43,520：SpiderPolingHotelPrice Task execution completed
2025-05-08 18:19:53,542：SpiderPolingHotelPrice Task execution completed
2025-05-08 18:20:03,558：SpiderPolingHotelPrice Task execution completed
2025-05-08 18:20:13,576：SpiderPolingHotelPrice Task execution completed
2025-05-08 18:20:23,591：SpiderPolingHotelPrice Task execution completed
2025-05-08 18:20:33,618：SpiderPolingHotelPrice Task execution completed
2025-05-08 18:20:34,360：SpiderHotelCheckPrice Task execution completed
2025-05-08 18:20:43,636：SpiderPolingHotelPrice Task execution completed
2025-05-08 18:20:53,647：SpiderPolingHotelPrice Task execution completed
2025-05-08 18:21:03,657：SpiderPolingHotelPrice Task execution completed
2025-05-08 18:21:13,670：SpiderPolingHotelPrice Task execution completed
2025-05-08 18:21:23,686：SpiderPolingHotelPrice Task execution completed
2025-05-08 18:21:33,706：SpiderPolingHotelPrice Task execution completed
2025-05-08 18:21:43,720：SpiderPolingHotelPrice Task execution completed
2025-05-08 18:21:52,506：SpiderHotelCheckPrice Task execution completed
2025-05-08 18:21:53,738：SpiderPolingHotelPrice Task execution completed
2025-05-08 18:22:03,752：SpiderPolingHotelPrice Task execution completed
2025-05-08 18:22:13,772：SpiderPolingHotelPrice Task execution completed
2025-05-08 18:22:23,784：SpiderPolingHotelPrice Task execution completed
2025-05-08 18:22:33,791：SpiderPolingHotelPrice Task execution completed
2025-05-08 18:22:43,810：SpiderPolingHotelPrice Task execution completed
2025-05-08 18:22:53,834：SpiderPolingHotelPrice Task execution completed
2025-05-08 18:23:03,858：SpiderPolingHotelPrice Task execution completed
2025-05-08 18:23:13,877：SpiderPolingHotelPrice Task execution completed
2025-05-08 18:23:23,888：SpiderPolingHotelPrice Task execution completed
2025-05-08 18:23:33,904：SpiderPolingHotelPrice Task execution completed
2025-05-08 18:23:37,681：SpiderHotelCheckPrice Task execution completed
2025-05-08 18:23:43,928：SpiderPolingHotelPrice Task execution completed
2025-05-08 18:23:53,941：SpiderPolingHotelPrice Task execution completed
2025-05-08 18:24:03,959：SpiderPolingHotelPrice Task execution completed
2025-05-08 18:24:13,972：SpiderPolingHotelPrice Task execution completed
2025-05-08 18:24:23,985：SpiderPolingHotelPrice Task execution completed
2025-05-08 18:24:34,003：SpiderPolingHotelPrice Task execution completed
2025-05-08 18:39:39,498：SpiderHotelUrl Task execution completed
2025-05-08 18:39:39,537：SpiderPolingHotelPrice Task execution completed
2025-05-08 22:31:47,384：SpiderPolingWorker starting at: 05/08/2025 22:31:47 +08:00
2025-05-08 22:31:47,442：SpiderPolingWorker execute at: 05/08/2025 22:31:47 +08:00
2025-05-08 22:31:53,512：Application started. Press Ctrl+C to shut down.
2025-05-08 22:31:53,515：Hosting environment: Production
2025-05-08 22:31:53,517：Content root path: D:\products\Offline.Host.Sup\Offline.Sup.Spider.WinServer\bin\Debug\net6.0
2025-05-08 22:31:53,563：SpiderHotelCheckPrice Task execution completed
2025-05-08 22:31:53,595：SpiderPolingHotelPrice Task execution completed
2025-05-08 22:31:58,053：Start processing HTTP request GET http://affiliatefeed.agoda.cn/datafeeds/feed/getfeed?apikey=B18FC62B-E6D0-45E1-926A-85E374F81966&mhotel_id=823479&feed_id=19&olanguage_id=8
2025-05-08 22:31:58,060：Sending HTTP request GET http://affiliatefeed.agoda.cn/datafeeds/feed/getfeed?apikey=B18FC62B-E6D0-45E1-926A-85E374F81966&mhotel_id=823479&feed_id=19&olanguage_id=8
2025-05-08 22:32:01,192：Received HTTP response headers after 3124.6329ms - 200
2025-05-08 22:32:01,196：End processing HTTP request after 3150.6173ms - 200
2025-05-08 22:32:03,654：SpiderPolingHotelPrice Task execution completed
