2025-05-22 00:04:33,243：达到次数:12,当前第13次，执行切换代理节点
2025-05-22 00:08:42,423：2025-05-22 00:08执行清除浏览器缓存
2025-05-22 00:12:57,152：Start processing HTTP request GET http://affiliatefeed.agoda.cn/datafeeds/feed/getfeed?apikey=B18FC62B-E6D0-45E1-926A-85E374F81966&mhotel_id=2231475&feed_id=19&olanguage_id=8
2025-05-22 00:12:57,162：Sending HTTP request GET http://affiliatefeed.agoda.cn/datafeeds/feed/getfeed?apikey=B18FC62B-E6D0-45E1-926A-85E374F81966&mhotel_id=2231475&feed_id=19&olanguage_id=8
2025-05-22 00:12:58,119：Received HTTP response headers after 953.3268ms - 200
2025-05-22 00:12:58,122：End processing HTTP request after 971.3198ms - 200
2025-05-22 00:15:03,912：达到次数:16,当前第17次，执行切换代理节点
2025-05-22 00:19:16,642：2025-05-22 00:19执行清除浏览器缓存
2025-05-22 00:30:16,096：2025-05-22 00:30执行清除浏览器缓存
2025-05-22 00:31:39,580：达到次数:19,当前第20次，执行切换代理节点
2025-05-22 00:41:02,695：2025-05-22 00:41执行清除浏览器缓存
2025-05-22 00:47:31,423：达到次数:17,当前第18次，执行切换代理节点
2025-05-22 00:51:11,498：2025-05-22 00:51执行清除浏览器缓存
2025-05-22 00:58:45,876：达到次数:15,当前第16次，执行切换代理节点
2025-05-22 01:01:11,995：2025-05-22 01:01执行清除浏览器缓存
2025-05-22 01:04:53,332：达到次数:14,当前第15次，执行切换代理节点
2025-05-22 01:11:35,772：2025-05-22 01:11执行清除浏览器缓存
2025-05-22 01:12:24,525：达到次数:14,当前第15次，执行切换代理节点
2025-05-22 01:18:06,769：达到次数:12,当前第13次，执行切换代理节点
2025-05-22 01:22:10,516：2025-05-22 01:22执行清除浏览器缓存
2025-05-22 01:27:49,552：达到次数:19,当前第20次，执行切换代理节点
2025-05-22 01:30:19,694：达到次数:10,当前第11次，执行切换代理节点
2025-05-22 01:32:17,407：2025-05-22 01:32执行清除浏览器缓存
2025-05-22 01:34:34,381：达到次数:18,当前第19次，执行切换代理节点
2025-05-22 01:37:23,729：达到次数:12,当前第13次，执行切换代理节点
2025-05-22 01:40:42,040：达到次数:14,当前第15次，执行切换代理节点
2025-05-22 01:42:21,219：2025-05-22 01:42执行清除浏览器缓存
2025-05-22 01:45:16,752：达到次数:19,当前第20次，执行切换代理节点
2025-05-22 01:49:36,814：达到次数:18,当前第19次，执行切换代理节点
2025-05-22 01:52:05,121：达到次数:10,当前第11次，执行切换代理节点
2025-05-22 01:52:23,648：2025-05-22 01:52执行清除浏览器缓存
2025-05-22 01:55:46,791：达到次数:16,当前第17次，执行切换代理节点
2025-05-22 01:59:50,307：达到次数:17,当前第18次，执行切换代理节点
2025-05-22 02:02:30,695：2025-05-22 02:02执行清除浏览器缓存
2025-05-22 02:03:32,000：达到次数:15,当前第16次，执行切换代理节点
2025-05-22 02:07:37,483：达到次数:17,当前第18次，执行切换代理节点
2025-05-22 02:12:31,342：2025-05-22 02:12执行清除浏览器缓存
2025-05-22 02:12:37,651：达到次数:18,当前第19次，执行切换代理节点
2025-05-22 02:17:24,289：达到次数:19,当前第20次，执行切换代理节点
2025-05-22 02:22:20,404：达到次数:16,当前第17次，执行切换代理节点
2025-05-22 02:22:39,974：2025-05-22 02:22执行清除浏览器缓存
2025-05-22 02:28:52,323：达到次数:18,当前第19次，执行切换代理节点
2025-05-22 02:31:15,734：达到次数:10,当前第11次，执行切换代理节点
2025-05-22 02:32:51,531：2025-05-22 02:32执行清除浏览器缓存
2025-05-22 02:36:13,258：达到次数:16,当前第17次，执行切换代理节点
2025-05-22 02:39:18,298：达到次数:11,当前第12次，执行切换代理节点
2025-05-22 02:43:04,538：2025-05-22 02:43执行清除浏览器缓存
2025-05-22 02:43:10,323：达到次数:10,当前第11次，执行切换代理节点
2025-05-22 02:49:10,800：达到次数:16,当前第17次，执行切换代理节点
2025-05-22 02:53:06,024：达到次数:10,当前第11次，执行切换代理节点
2025-05-22 02:53:13,432：2025-05-22 02:53执行清除浏览器缓存
2025-05-22 02:56:34,392：达到次数:11,当前第12次，执行切换代理节点
2025-05-22 02:59:15,746：SpiderHotelUrl Task execution completed
2025-05-22 03:04:17,858：SpiderHotelUrl Task execution completed
2025-05-22 03:09:18,045：SpiderHotelUrl Task execution completed
2025-05-22 03:14:18,127：SpiderHotelUrl Task execution completed
2025-05-22 03:19:18,203：SpiderHotelUrl Task execution completed
2025-05-22 03:24:18,384：SpiderHotelUrl Task execution completed
2025-05-22 03:29:18,456：SpiderHotelUrl Task execution completed
2025-05-22 03:34:18,558：SpiderHotelUrl Task execution completed
2025-05-22 03:39:18,720：SpiderHotelUrl Task execution completed
2025-05-22 03:44:18,792：SpiderHotelUrl Task execution completed
2025-05-22 03:49:18,983：SpiderHotelUrl Task execution completed
2025-05-22 03:54:19,048：SpiderHotelUrl Task execution completed
2025-05-22 03:59:19,244：SpiderHotelUrl Task execution completed
2025-05-22 04:04:19,578：SpiderHotelUrl Task execution completed
2025-05-22 04:09:19,757：SpiderHotelUrl Task execution completed
2025-05-22 04:14:19,842：SpiderHotelUrl Task execution completed
2025-05-22 04:19:20,034：SpiderHotelUrl Task execution completed
2025-05-22 04:24:20,117：SpiderHotelUrl Task execution completed
2025-05-22 04:29:20,295：SpiderHotelUrl Task execution completed
2025-05-22 04:34:20,372：SpiderHotelUrl Task execution completed
2025-05-22 04:39:20,580：SpiderHotelUrl Task execution completed
2025-05-22 04:44:20,663：SpiderHotelUrl Task execution completed
2025-05-22 04:49:20,831：SpiderHotelUrl Task execution completed
2025-05-22 04:54:20,914：SpiderHotelUrl Task execution completed
2025-05-22 04:59:21,090：SpiderHotelUrl Task execution completed
2025-05-22 05:04:21,153：SpiderHotelUrl Task execution completed
2025-05-22 05:09:21,329：SpiderHotelUrl Task execution completed
2025-05-22 05:14:21,397：SpiderHotelUrl Task execution completed
2025-05-22 05:19:21,582：SpiderHotelUrl Task execution completed
2025-05-22 05:24:21,656：SpiderHotelUrl Task execution completed
2025-05-22 05:29:21,830：SpiderHotelUrl Task execution completed
2025-05-22 05:34:21,899：SpiderHotelUrl Task execution completed
2025-05-22 05:39:22,066：SpiderHotelUrl Task execution completed
2025-05-22 05:44:22,130：SpiderHotelUrl Task execution completed
2025-05-22 05:49:22,297：SpiderHotelUrl Task execution completed
2025-05-22 05:54:22,374：SpiderHotelUrl Task execution completed
2025-05-22 05:59:22,560：SpiderHotelUrl Task execution completed
2025-05-22 06:04:22,629：SpiderHotelUrl Task execution completed
2025-05-22 06:09:22,805：SpiderHotelUrl Task execution completed
2025-05-22 06:14:22,879：SpiderHotelUrl Task execution completed
2025-05-22 06:19:23,041：SpiderHotelUrl Task execution completed
2025-05-22 06:24:23,098：SpiderHotelUrl Task execution completed
2025-05-22 06:29:23,279：SpiderHotelUrl Task execution completed
2025-05-22 06:34:23,352：SpiderHotelUrl Task execution completed
2025-05-22 06:39:23,505：SpiderHotelUrl Task execution completed
2025-05-22 06:44:23,569：SpiderHotelUrl Task execution completed
2025-05-22 06:49:23,761：SpiderHotelUrl Task execution completed
2025-05-22 06:54:23,837：SpiderHotelUrl Task execution completed
2025-05-22 06:59:24,000：SpiderHotelUrl Task execution completed
2025-05-22 07:04:24,096：SpiderHotelUrl Task execution completed
2025-05-22 07:09:24,260：SpiderHotelUrl Task execution completed
2025-05-22 07:14:24,319：SpiderHotelUrl Task execution completed
2025-05-22 07:19:24,482：SpiderHotelUrl Task execution completed
2025-05-22 07:24:24,557：SpiderHotelUrl Task execution completed
2025-05-22 07:29:24,747：SpiderHotelUrl Task execution completed
2025-05-22 07:34:24,825：SpiderHotelUrl Task execution completed
2025-05-22 07:39:24,998：SpiderHotelUrl Task execution completed
2025-05-22 07:44:25,074：SpiderHotelUrl Task execution completed
2025-05-22 07:49:25,218：SpiderHotelUrl Task execution completed
2025-05-22 07:54:25,277：SpiderHotelUrl Task execution completed
2025-05-22 07:59:25,451：SpiderHotelUrl Task execution completed
2025-05-22 08:04:25,539：SpiderHotelUrl Task execution completed
2025-05-22 08:09:25,721：SpiderHotelUrl Task execution completed
2025-05-22 08:14:25,804：SpiderHotelUrl Task execution completed
2025-05-22 08:19:26,085：SpiderHotelUrl Task execution completed
2025-05-22 08:24:26,169：SpiderHotelUrl Task execution completed
2025-05-22 08:29:26,352：SpiderHotelUrl Task execution completed
2025-05-22 08:34:26,425：SpiderHotelUrl Task execution completed
2025-05-22 08:39:27,585：SpiderHotelUrl Task execution completed
2025-05-22 08:44:27,648：SpiderHotelUrl Task execution completed
2025-05-22 08:49:27,799：SpiderHotelUrl Task execution completed
2025-05-22 08:54:27,863：SpiderHotelUrl Task execution completed
2025-05-22 08:59:28,283：SpiderHotelUrl Task execution completed
2025-05-22 09:04:28,354：SpiderHotelUrl Task execution completed
2025-05-22 09:09:28,513：SpiderHotelUrl Task execution completed
2025-05-22 09:14:28,577：SpiderHotelUrl Task execution completed
2025-05-22 09:19:28,746：SpiderHotelUrl Task execution completed
2025-05-22 09:24:28,820：SpiderHotelUrl Task execution completed
2025-05-22 09:29:29,008：SpiderHotelUrl Task execution completed
2025-05-22 09:40:17,407：SpiderPolingWorker starting at: 05/22/2025 09:40:17 +08:00
2025-05-22 09:40:17,460：SpiderPolingWorker execute at: 05/22/2025 09:40:17 +08:00
2025-05-22 09:40:19,384：Application started. Press Ctrl+C to shut down.
2025-05-22 09:40:19,386：Hosting environment: Production
2025-05-22 09:40:19,389：Content root path: D:\products\Offline.Host.Sup\Offline.Sup.Spider.WinServer\bin\Debug\net6.0
2025-05-22 09:44:57,190：SpiderPolingWorker starting at: 05/22/2025 09:44:57 +08:00
2025-05-22 09:44:57,234：SpiderPolingWorker execute at: 05/22/2025 09:44:57 +08:00
2025-05-22 09:44:59,416：Application started. Press Ctrl+C to shut down.
2025-05-22 09:44:59,420：Hosting environment: Production
2025-05-22 09:44:59,422：Content root path: D:\products\Offline.Host.Sup\Offline.Sup.Spider.WinServer\bin\Debug\net6.0
2025-05-22 10:03:41,277：SpiderPolingWorker starting at: 05/22/2025 10:03:41 +08:00
2025-05-22 10:03:41,330：SpiderPolingWorker execute at: 05/22/2025 10:03:41 +08:00
2025-05-22 10:03:45,732：Application started. Press Ctrl+C to shut down.
2025-05-22 10:03:45,734：Hosting environment: Production
2025-05-22 10:03:45,736：Content root path: D:\products\Offline.Host.Sup\Offline.Sup.Spider.WinServer\bin\Debug\net6.0
2025-05-22 10:12:49,218：SpiderPolingWorker starting at: 05/22/2025 10:12:49 +08:00
2025-05-22 10:12:49,268：SpiderPolingWorker execute at: 05/22/2025 10:12:49 +08:00
2025-05-22 10:12:49,704：Application started. Press Ctrl+C to shut down.
2025-05-22 10:12:49,706：Hosting environment: Production
2025-05-22 10:12:49,709：Content root path: D:\products\Offline.Host.Sup\Offline.Sup.Spider.WinServer\bin\Debug\net6.0
2025-05-22 10:12:49,837：Start processing HTTP request GET http://affiliatefeed.agoda.cn/datafeeds/feed/getfeed?apikey=B18FC62B-E6D0-45E1-926A-85E374F81966&mhotel_id=55268476&feed_id=19&olanguage_id=8
2025-05-22 10:12:49,852：Sending HTTP request GET http://affiliatefeed.agoda.cn/datafeeds/feed/getfeed?apikey=B18FC62B-E6D0-45E1-926A-85E374F81966&mhotel_id=55268476&feed_id=19&olanguage_id=8
2025-05-22 10:12:50,781：Received HTTP response headers after 919.9136ms - 200
2025-05-22 10:12:50,784：End processing HTTP request after 955.9652ms - 200
2025-05-22 10:17:28,993：达到次数:14,当前第15次，执行切换代理节点
2025-05-22 10:20:50,530：达到次数:13,当前第14次，执行切换代理节点
2025-05-22 10:23:08,500：2025-05-22 10:23执行清除浏览器缓存
2025-05-22 10:24:38,910：达到次数:15,当前第16次，执行切换代理节点
2025-05-22 10:27:19,007：达到次数:13,当前第14次，执行切换代理节点
2025-05-22 11:33:43,535：2025-05-22 11:33执行清除浏览器缓存
2025-05-22 11:39:20,838：达到次数:16,当前第17次，执行切换代理节点
2025-05-22 11:43:16,039：SpiderPolingWorker starting at: 05/22/2025 11:43:16 +08:00
2025-05-22 11:43:16,096：SpiderPolingWorker execute at: 05/22/2025 11:43:16 +08:00
2025-05-22 11:43:19,419：Application started. Press Ctrl+C to shut down.
2025-05-22 11:43:19,422：Hosting environment: Production
2025-05-22 11:43:19,425：Content root path: D:\products\Offline.Host.Sup\Offline.Sup.Spider.WinServer\bin\Debug\net6.0
2025-05-22 11:46:01,077：SpiderPolingWorker starting at: 05/22/2025 11:46:01 +08:00
2025-05-22 11:46:01,119：SpiderPolingWorker execute at: 05/22/2025 11:46:01 +08:00
2025-05-22 11:46:01,522：Application started. Press Ctrl+C to shut down.
2025-05-22 11:46:01,524：Hosting environment: Production
2025-05-22 11:46:01,526：Content root path: D:\products\Offline.Host.Sup\Offline.Sup.Spider.WinServer\bin\Debug\net6.0
2025-05-22 11:47:44,338：SpiderPolingHotelPrice Task execution completed
2025-05-22 11:47:56,802：达到次数:10,当前第12次，执行切换代理节点
2025-05-22 11:48:00,921：达到次数:14,当前第0次，执行切换代理节点
2025-05-22 11:50:19,039：SpiderPolingHotelPrice Task execution completed
2025-05-22 11:51:03,574：达到次数:18,当前第19次，执行切换代理节点
2025-05-22 11:54:13,573：SpiderPolingWorker starting at: 05/22/2025 11:54:13 +08:00
2025-05-22 11:54:13,617：SpiderPolingWorker execute at: 05/22/2025 11:54:13 +08:00
2025-05-22 11:54:14,055：Application started. Press Ctrl+C to shut down.
2025-05-22 11:54:14,057：Hosting environment: Production
2025-05-22 11:54:14,060：Content root path: D:\products\Offline.Host.Sup\Offline.Sup.Spider.WinServer\bin\Debug\net6.0
2025-05-22 11:54:27,302：SpiderPolingWorker starting at: 05/22/2025 11:54:27 +08:00
2025-05-22 11:54:27,353：SpiderPolingWorker execute at: 05/22/2025 11:54:27 +08:00
2025-05-22 11:54:27,785：Application started. Press Ctrl+C to shut down.
2025-05-22 11:54:27,787：Hosting environment: Production
2025-05-22 11:54:27,790：Content root path: D:\products\Offline.Host.Sup\Offline.Sup.Spider.WinServer\bin\Debug\net6.0
2025-05-22 11:59:23,171：SpiderPolingWorker starting at: 05/22/2025 11:59:23 +08:00
2025-05-22 11:59:23,214：SpiderPolingWorker execute at: 05/22/2025 11:59:23 +08:00
2025-05-22 11:59:23,646：Application started. Press Ctrl+C to shut down.
2025-05-22 11:59:23,648：Hosting environment: Production
2025-05-22 11:59:23,660：Content root path: D:\products\Offline.Host.Sup\Offline.Sup.Spider.WinServer\bin\Debug\net6.0
2025-05-22 12:02:13,064：SpiderPolingWorker starting at: 05/22/2025 12:02:13 +08:00
2025-05-22 12:02:13,113：SpiderPolingWorker execute at: 05/22/2025 12:02:13 +08:00
2025-05-22 12:02:13,554：Application started. Press Ctrl+C to shut down.
2025-05-22 12:02:13,557：Hosting environment: Production
2025-05-22 12:02:13,559：Content root path: D:\products\Offline.Host.Sup\Offline.Sup.Spider.WinServer\bin\Debug\net6.0
2025-05-22 12:05:34,116：达到次数:11,当前第12次，执行切换代理节点
2025-05-22 12:06:09,279：SpiderPolingWorker starting at: 05/22/2025 12:06:09 +08:00
2025-05-22 12:06:09,331：SpiderPolingWorker execute at: 05/22/2025 12:06:09 +08:00
2025-05-22 12:06:12,887：Application started. Press Ctrl+C to shut down.
2025-05-22 12:06:12,889：Hosting environment: Production
2025-05-22 12:06:12,892：Content root path: D:\products\Offline.Host.Sup\Offline.Sup.Spider.WinServer\bin\Debug\net6.0
2025-05-22 12:11:07,435：达到次数:15,当前第16次，执行切换代理节点
2025-05-22 12:12:23,693：SpiderPolingHotelPrice Task execution completed
2025-05-22 12:15:27,671：SpiderPolingWorker starting at: 05/22/2025 12:15:27 +08:00
2025-05-22 12:15:27,716：SpiderPolingWorker execute at: 05/22/2025 12:15:27 +08:00
2025-05-22 12:15:32,982：Application started. Press Ctrl+C to shut down.
2025-05-22 12:15:32,985：Hosting environment: Production
2025-05-22 12:15:32,996：Content root path: D:\products\Offline.Host.Sup\Offline.Sup.Spider.WinServer\bin\Debug\net6.0
2025-05-22 12:20:28,800：达到次数:15,当前第16次，执行切换代理节点
2025-05-22 12:23:10,842：SpiderPolingHotelPrice Task execution completed
2025-05-22 12:34:23,256：SpiderPolingWorker starting at: 05/22/2025 12:34:23 +08:00
2025-05-22 12:34:23,305：SpiderPolingWorker execute at: 05/22/2025 12:34:23 +08:00
2025-05-22 12:34:23,713：Application started. Press Ctrl+C to shut down.
2025-05-22 12:34:23,715：Hosting environment: Production
2025-05-22 12:34:23,717：Content root path: D:\products\Offline.Host.Sup\Offline.Sup.Spider.WinServer\bin\Debug\net6.0
2025-05-22 12:41:26,420：达到次数:18,当前第19次，执行切换代理节点
2025-05-22 12:44:34,327：2025-05-22 12:44执行清除浏览器缓存
2025-05-22 12:44:40,588：SpiderPolingHotelPrice Task execution completed
2025-05-22 12:45:01,579：达到次数:10,当前第11次，执行切换代理节点
2025-05-22 12:48:29,124：达到次数:10,当前第11次，执行切换代理节点
2025-05-22 12:54:42,823：2025-05-22 12:54执行清除浏览器缓存
2025-05-22 12:55:30,425：达到次数:15,当前第16次，执行切换代理节点
2025-05-22 12:55:48,577：SpiderPolingHotelPrice Task execution completed
2025-05-22 13:02:37,971：达到次数:18,当前第19次，执行切换代理节点
2025-05-22 13:04:49,394：2025-05-22 13:04执行清除浏览器缓存
2025-05-22 13:10:27,832：SpiderPolingWorker starting at: 05/22/2025 13:10:27 +08:00
2025-05-22 13:10:27,875：SpiderPolingWorker execute at: 05/22/2025 13:10:27 +08:00
2025-05-22 13:10:28,318：Application started. Press Ctrl+C to shut down.
2025-05-22 13:10:28,320：Hosting environment: Production
2025-05-22 13:10:28,322：Content root path: D:\products\Offline.Host.Sup\Offline.Sup.Spider.WinServer\bin\Debug\net6.0
2025-05-22 13:15:02,436：SpiderPolingWorker starting at: 05/22/2025 13:15:02 +08:00
2025-05-22 13:15:02,487：SpiderPolingWorker execute at: 05/22/2025 13:15:02 +08:00
2025-05-22 13:15:02,964：Application started. Press Ctrl+C to shut down.
2025-05-22 13:15:02,967：Hosting environment: Production
2025-05-22 13:15:02,970：Content root path: D:\products\Offline.Host.Sup\Offline.Sup.Spider.WinServer\bin\Debug\net6.0
2025-05-22 15:06:12,760：SpiderPolingWorker starting at: 05/22/2025 15:06:12 +08:00
2025-05-22 15:06:12,813：SpiderPolingWorker execute at: 05/22/2025 15:06:12 +08:00
2025-05-22 15:06:12,817：SpiderHotelUrl execute at: 05/22/2025 15:06:12 +08:00
2025-05-22 15:06:13,265：Application started. Press Ctrl+C to shut down.
2025-05-22 15:06:13,268：Hosting environment: Production
2025-05-22 15:06:13,271：Content root path: D:\products\Offline.Host.Sup\Offline.Sup.Spider.WinServer\bin\Debug\net6.0
2025-05-22 15:08:28,643：SpiderPolingWorker starting at: 05/22/2025 15:08:28 +08:00
2025-05-22 15:08:28,686：SpiderPolingWorker execute at: 05/22/2025 15:08:28 +08:00
2025-05-22 15:08:28,690：SpiderHotelUrl execute at: 05/22/2025 15:08:28 +08:00
2025-05-22 15:08:29,134：Application started. Press Ctrl+C to shut down.
2025-05-22 15:08:29,137：Hosting environment: Production
2025-05-22 15:08:29,139：Content root path: D:\products\Offline.Host.Sup\Offline.Sup.Spider.WinServer\bin\Debug\net6.0
2025-05-22 15:11:34,357：达到次数:16,当前第17次，执行切换代理节点
2025-05-22 15:15:41,574：达到次数:13,当前第14次，执行切换代理节点
2025-05-22 15:18:30,361：2025-05-22 15:18执行清除浏览器缓存
2025-05-22 15:18:48,277：达到次数:16,当前第17次，执行切换代理节点
2025-05-22 15:22:21,173：达到次数:19,当前第20次，执行切换代理节点
2025-05-22 15:24:59,192：达到次数:11,当前第12次，执行切换代理节点
2025-05-22 15:28:39,915：2025-05-22 15:28执行清除浏览器缓存
2025-05-22 15:33:39,264：达到次数:19,当前第20次，执行切换代理节点
2025-05-22 15:36:42,755：达到次数:14,当前第15次，执行切换代理节点
2025-05-22 15:38:46,550：2025-05-22 15:38执行清除浏览器缓存
2025-05-22 15:39:19,042：达到次数:11,当前第12次，执行切换代理节点
2025-05-22 15:42:39,217：达到次数:16,当前第17次，执行切换代理节点
2025-05-22 15:46:27,613：达到次数:13,当前第14次，执行切换代理节点
2025-05-22 15:49:22,624：2025-05-22 15:49执行清除浏览器缓存
2025-05-22 15:51:40,465：达到次数:18,当前第19次，执行切换代理节点
2025-05-22 15:56:02,993：达到次数:18,当前第19次，执行切换代理节点
2025-05-22 15:59:07,475：达到次数:15,当前第16次，执行切换代理节点
2025-05-22 15:59:37,649：2025-05-22 15:59执行清除浏览器缓存
2025-05-22 16:02:22,645：达到次数:16,当前第17次，执行切换代理节点
2025-05-22 16:05:12,187：达到次数:15,当前第16次，执行切换代理节点
2025-05-22 16:07:39,671：达到次数:14,当前第15次，执行切换代理节点
2025-05-22 16:09:40,764：2025-05-22 16:09执行清除浏览器缓存
2025-05-22 16:10:17,904：达到次数:15,当前第16次，执行切换代理节点
2025-05-22 16:12:43,250：达到次数:12,当前第13次，执行切换代理节点
2025-05-22 16:15:30,819：达到次数:15,当前第16次，执行切换代理节点
2025-05-22 16:18:42,724：达到次数:19,当前第20次，执行切换代理节点
2025-05-22 16:19:43,538：2025-05-22 16:19执行清除浏览器缓存
2025-05-22 16:21:54,852：达到次数:19,当前第20次，执行切换代理节点
2025-05-22 16:23:43,539：达到次数:11,当前第12次，执行切换代理节点
2025-05-22 16:26:29,242：达到次数:17,当前第18次，执行切换代理节点
2025-05-22 16:28:38,603：达到次数:13,当前第14次，执行切换代理节点
2025-05-22 16:29:45,702：2025-05-22 16:29执行清除浏览器缓存
2025-05-22 16:31:16,852：达到次数:16,当前第17次，执行切换代理节点
2025-05-22 16:34:21,865：达到次数:19,当前第20次，执行切换代理节点
2025-05-22 16:38:20,398：达到次数:17,当前第18次，执行切换代理节点
2025-05-22 16:39:48,595：2025-05-22 16:39执行清除浏览器缓存
2025-05-22 16:44:06,347：达到次数:19,当前第20次，执行切换代理节点
2025-05-22 16:47:40,380：达到次数:14,当前第15次，执行切换代理节点
2025-05-22 16:50:06,101：2025-05-22 16:50执行清除浏览器缓存
2025-05-22 16:52:51,478：达到次数:18,当前第19次，执行切换代理节点
2025-05-22 16:56:08,709：达到次数:19,当前第20次，执行切换代理节点
2025-05-22 16:59:27,260：达到次数:19,当前第20次，执行切换代理节点
2025-05-22 17:00:14,618：2025-05-22 17:00执行清除浏览器缓存
2025-05-22 17:01:20,252：SpiderHotelUrl Task execution completed
2025-05-22 17:06:20,257：SpiderHotelUrl execute at: 05/22/2025 17:06:20 +08:00
2025-05-22 17:06:20,300：SpiderHotelUrl Task execution completed
2025-05-22 17:11:20,316：SpiderHotelUrl execute at: 05/22/2025 17:11:20 +08:00
2025-05-22 17:11:20,494：SpiderHotelUrl Task execution completed
2025-05-22 17:16:20,511：SpiderHotelUrl execute at: 05/22/2025 17:16:20 +08:00
2025-05-22 17:16:33,825：2025-05-22 17:16执行清除浏览器缓存
2025-05-22 17:18:16,074：达到次数:17,当前第18次，执行切换代理节点
2025-05-22 17:22:11,217：达到次数:15,当前第16次，执行切换代理节点
2025-05-22 17:25:47,573：达到次数:19,当前第20次，执行切换代理节点
2025-05-22 17:26:37,363：2025-05-22 17:26执行清除浏览器缓存
2025-05-22 17:28:32,775：达到次数:11,当前第12次，执行切换代理节点
2025-05-22 17:29:13,776：SpiderHotelUrl Task execution completed
2025-05-22 17:34:13,800：SpiderHotelUrl execute at: 05/22/2025 17:34:13 +08:00
2025-05-22 17:34:13,883：SpiderHotelUrl Task execution completed
2025-05-22 17:39:13,908：SpiderHotelUrl execute at: 05/22/2025 17:39:13 +08:00
2025-05-22 17:39:19,961：2025-05-22 17:39执行清除浏览器缓存
2025-05-22 17:42:44,208：达到次数:19,当前第20次，执行切换代理节点
2025-05-22 17:45:27,534：达到次数:13,当前第14次，执行切换代理节点
2025-05-22 17:48:46,238：达到次数:18,当前第19次，执行切换代理节点
2025-05-22 17:49:20,075：2025-05-22 17:49执行清除浏览器缓存
2025-05-22 17:57:06,450：SpiderPolingWorker starting at: 05/22/2025 17:57:06 +08:00
2025-05-22 17:57:06,499：SpiderPolingWorker execute at: 05/22/2025 17:57:06 +08:00
2025-05-22 17:57:06,503：SpiderPolingHotelPrice execute at: 05/22/2025 17:57:06 +08:00
2025-05-22 17:57:07,146：Application started. Press Ctrl+C to shut down.
2025-05-22 17:57:07,149：Hosting environment: Production
2025-05-22 17:57:07,151：Content root path: D:\products\Offline.Host.Sup\Offline.Sup.Spider.WinServer\bin\Debug\net6.0
2025-05-22 18:07:22,785：2025-05-22 18:07执行清除浏览器缓存
2025-05-22 18:08:22,939：达到次数:16,当前第17次，执行切换代理节点
2025-05-22 18:13:47,454：达到次数:12,当前第13次，执行切换代理节点
2025-05-22 18:17:24,553：2025-05-22 18:17执行清除浏览器缓存
2025-05-22 18:18:58,029：SpiderPolingHotelPrice Task execution completed
2025-05-22 18:18:58,032：SpiderPolingHotelPrice execute at: 05/22/2025 18:18:58 +08:00
2025-05-22 18:19:57,599：达到次数:18,当前第19次，执行切换代理节点
2025-05-22 18:25:47,166：达到次数:10,当前第11次，执行切换代理节点
2025-05-22 18:28:41,827：2025-05-22 18:28执行清除浏览器缓存
