2025-05-20 21:28:15,196：SpiderPolingWorker starting at: 05/20/2025 21:28:15 +08:00
2025-05-20 21:28:15,247：SpiderPolingWorker execute at: 05/20/2025 21:28:15 +08:00
2025-05-20 21:28:15,893：Application started. Press Ctrl+C to shut down.
2025-05-20 21:28:15,895：Hosting environment: Production
2025-05-20 21:28:15,898：Content root path: D:\products\Offline.Host.Sup\Offline.Sup.Spider.WinServer\bin\Debug\net6.0
2025-05-20 21:30:35,262：SpiderPolingWorker starting at: 05/20/2025 21:30:35 +08:00
2025-05-20 21:30:35,306：SpiderPolingWorker execute at: 05/20/2025 21:30:35 +08:00
2025-05-20 21:30:35,714：Application started. Press Ctrl+C to shut down.
2025-05-20 21:30:35,716：Hosting environment: Production
2025-05-20 21:30:35,719：Content root path: D:\products\Offline.Host.Sup\Offline.Sup.Spider.WinServer\bin\Debug\net6.0
2025-05-20 21:35:05,223：SpiderPolingWorker starting at: 05/20/2025 21:35:05 +08:00
2025-05-20 21:35:05,267：SpiderPolingWorker execute at: 05/20/2025 21:35:05 +08:00
2025-05-20 21:35:05,683：Application started. Press Ctrl+C to shut down.
2025-05-20 21:35:05,685：Hosting environment: Production
2025-05-20 21:35:05,687：Content root path: D:\products\Offline.Host.Sup\Offline.Sup.Spider.WinServer\bin\Debug\net6.0
2025-05-20 21:40:01,921：SpiderPolingWorker starting at: 05/20/2025 21:40:01 +08:00
2025-05-20 21:40:01,971：SpiderPolingWorker execute at: 05/20/2025 21:40:01 +08:00
2025-05-20 21:40:02,400：Application started. Press Ctrl+C to shut down.
2025-05-20 21:40:02,413：Hosting environment: Production
2025-05-20 21:40:02,416：Content root path: D:\products\Offline.Host.Sup\Offline.Sup.Spider.WinServer\bin\Debug\net6.0
2025-05-20 21:41:31,618：SpiderPolingWorker starting at: 05/20/2025 21:41:31 +08:00
2025-05-20 21:41:31,663：SpiderPolingWorker execute at: 05/20/2025 21:41:31 +08:00
2025-05-20 21:41:32,081：Application started. Press Ctrl+C to shut down.
2025-05-20 21:41:32,083：Hosting environment: Production
2025-05-20 21:41:32,086：Content root path: D:\products\Offline.Host.Sup\Offline.Sup.Spider.WinServer\bin\Debug\net6.0
2025-05-20 21:44:14,911：SpiderPolingWorker starting at: 05/20/2025 21:44:14 +08:00
2025-05-20 21:44:14,955：SpiderPolingWorker execute at: 05/20/2025 21:44:14 +08:00
2025-05-20 21:44:15,353：Application started. Press Ctrl+C to shut down.
2025-05-20 21:44:15,355：Hosting environment: Production
2025-05-20 21:44:15,358：Content root path: D:\products\Offline.Host.Sup\Offline.Sup.Spider.WinServer\bin\Debug\net6.0
2025-05-20 21:51:39,238：SpiderPolingWorker starting at: 05/20/2025 21:51:39 +08:00
2025-05-20 21:51:39,282：SpiderPolingWorker execute at: 05/20/2025 21:51:39 +08:00
2025-05-20 21:51:39,686：Application started. Press Ctrl+C to shut down.
2025-05-20 21:51:39,689：Hosting environment: Production
2025-05-20 21:51:39,692：Content root path: D:\products\Offline.Host.Sup\Offline.Sup.Spider.WinServer\bin\Debug\net6.0
2025-05-20 21:54:45,171：SpiderPolingWorker starting at: 05/20/2025 21:54:45 +08:00
2025-05-20 21:54:45,220：SpiderPolingWorker execute at: 05/20/2025 21:54:45 +08:00
2025-05-20 21:54:45,652：Application started. Press Ctrl+C to shut down.
2025-05-20 21:54:45,655：Hosting environment: Production
2025-05-20 21:54:45,658：Content root path: D:\products\Offline.Host.Sup\Offline.Sup.Spider.WinServer\bin\Debug\net6.0
2025-05-20 21:57:26,621：SpiderPolingWorker starting at: 05/20/2025 21:57:26 +08:00
2025-05-20 21:57:26,666：SpiderPolingWorker execute at: 05/20/2025 21:57:26 +08:00
2025-05-20 21:57:27,096：Application started. Press Ctrl+C to shut down.
2025-05-20 21:57:27,098：Hosting environment: Production
2025-05-20 21:57:27,101：Content root path: D:\products\Offline.Host.Sup\Offline.Sup.Spider.WinServer\bin\Debug\net6.0
2025-05-20 21:59:48,997：SpiderPolingWorker starting at: 05/20/2025 21:59:48 +08:00
2025-05-20 21:59:49,046：SpiderPolingWorker execute at: 05/20/2025 21:59:49 +08:00
2025-05-20 21:59:49,505：Application started. Press Ctrl+C to shut down.
2025-05-20 21:59:49,507：Hosting environment: Production
2025-05-20 21:59:49,509：Content root path: D:\products\Offline.Host.Sup\Offline.Sup.Spider.WinServer\bin\Debug\net6.0
2025-05-20 22:00:53,022：SpiderPolingHotelPrice Task execution completed
2025-05-20 22:06:10,784：SpiderPolingWorker starting at: 05/20/2025 22:06:10 +08:00
2025-05-20 22:06:10,840：SpiderPolingWorker execute at: 05/20/2025 22:06:10 +08:00
2025-05-20 22:06:11,296：Application started. Press Ctrl+C to shut down.
2025-05-20 22:06:11,298：Hosting environment: Production
2025-05-20 22:06:11,301：Content root path: D:\products\Offline.Host.Sup\Offline.Sup.Spider.WinServer\bin\Debug\net6.0
2025-05-20 22:07:23,812：SpiderPolingWorker starting at: 05/20/2025 22:07:23 +08:00
2025-05-20 22:07:23,862：SpiderPolingWorker execute at: 05/20/2025 22:07:23 +08:00
2025-05-20 22:07:24,322：Application started. Press Ctrl+C to shut down.
2025-05-20 22:07:24,325：Hosting environment: Production
2025-05-20 22:07:24,328：Content root path: D:\products\Offline.Host.Sup\Offline.Sup.Spider.WinServer\bin\Debug\net6.0
2025-05-20 22:29:14,580：SpiderPolingWorker starting at: 05/20/2025 22:29:14 +08:00
2025-05-20 22:29:14,626：SpiderPolingWorker execute at: 05/20/2025 22:29:14 +08:00
2025-05-20 22:29:15,053：Application started. Press Ctrl+C to shut down.
2025-05-20 22:29:15,055：Hosting environment: Production
2025-05-20 22:29:15,057：Content root path: D:\products\Offline.Host.Sup\Offline.Sup.Spider.WinServer\bin\Debug\net6.0
2025-05-20 22:42:32,271：SpiderPolingWorker starting at: 05/20/2025 22:42:32 +08:00
2025-05-20 22:42:32,317：SpiderPolingWorker execute at: 05/20/2025 22:42:32 +08:00
2025-05-20 22:42:32,799：Application started. Press Ctrl+C to shut down.
2025-05-20 22:42:32,813：Hosting environment: Production
2025-05-20 22:42:32,815：Content root path: D:\products\Offline.Host.Sup\Offline.Sup.Spider.WinServer\bin\Debug\net6.0
2025-05-20 23:37:10,367：SpiderPolingWorker starting at: 05/20/2025 23:37:10 +08:00
2025-05-20 23:37:10,414：SpiderPolingWorker execute at: 05/20/2025 23:37:10 +08:00
2025-05-20 23:37:10,836：Application started. Press Ctrl+C to shut down.
2025-05-20 23:37:10,838：Hosting environment: Production
2025-05-20 23:37:10,840：Content root path: D:\products\Offline.Host.Sup\Offline.Sup.Spider.WinServer\bin\Debug\net6.0
2025-05-20 23:39:28,279：SpiderPolingWorker starting at: 05/20/2025 23:39:28 +08:00
2025-05-20 23:39:28,325：SpiderPolingWorker execute at: 05/20/2025 23:39:28 +08:00
2025-05-20 23:39:28,732：Application started. Press Ctrl+C to shut down.
2025-05-20 23:39:28,736：Hosting environment: Production
2025-05-20 23:39:28,739：Content root path: D:\products\Offline.Host.Sup\Offline.Sup.Spider.WinServer\bin\Debug\net6.0
2025-05-20 23:42:15,349：SpiderPolingWorker starting at: 05/20/2025 23:42:15 +08:00
2025-05-20 23:42:15,393：SpiderPolingWorker execute at: 05/20/2025 23:42:15 +08:00
2025-05-20 23:42:15,817：Application started. Press Ctrl+C to shut down.
2025-05-20 23:42:15,819：Hosting environment: Production
2025-05-20 23:42:15,821：Content root path: D:\products\Offline.Host.Sup\Offline.Sup.Spider.WinServer\bin\Debug\net6.0
2025-05-20 23:43:26,368：SpiderPolingHotelPrice Task execution completed
2025-05-20 23:45:09,443：SpiderPolingWorker starting at: 05/20/2025 23:45:09 +08:00
2025-05-20 23:45:09,487：SpiderPolingWorker execute at: 05/20/2025 23:45:09 +08:00
2025-05-20 23:45:09,904：Application started. Press Ctrl+C to shut down.
2025-05-20 23:45:09,906：Hosting environment: Production
2025-05-20 23:45:09,909：Content root path: D:\products\Offline.Host.Sup\Offline.Sup.Spider.WinServer\bin\Debug\net6.0
2025-05-20 23:47:37,023：SpiderPolingWorker starting at: 05/20/2025 23:47:37 +08:00
2025-05-20 23:47:37,071：SpiderPolingWorker execute at: 05/20/2025 23:47:37 +08:00
2025-05-20 23:47:37,494：Application started. Press Ctrl+C to shut down.
2025-05-20 23:47:37,507：Hosting environment: Production
2025-05-20 23:47:37,511：Content root path: D:\products\Offline.Host.Sup\Offline.Sup.Spider.WinServer\bin\Debug\net6.0
2025-05-20 23:48:08,625：SpiderPolingWorker starting at: 05/20/2025 23:48:08 +08:00
2025-05-20 23:48:08,673：SpiderPolingWorker execute at: 05/20/2025 23:48:08 +08:00
2025-05-20 23:48:09,127：Application started. Press Ctrl+C to shut down.
2025-05-20 23:48:09,130：Hosting environment: Production
2025-05-20 23:48:09,132：Content root path: D:\products\Offline.Host.Sup\Offline.Sup.Spider.WinServer\bin\Debug\net6.0
2025-05-20 23:49:15,588：SpiderPolingHotelPrice Task execution completed
2025-05-20 23:50:13,510：SpiderPolingHotelPrice Task execution completed
2025-05-20 23:51:14,399：达到次数:14,当前第15次，执行切换代理节点
2025-05-20 23:51:28,030：SpiderPolingHotelPrice Task execution completed
2025-05-20 23:52:30,255：SpiderPolingHotelPrice Task execution completed
2025-05-20 23:53:31,633：SpiderPolingHotelPrice Task execution completed
2025-05-20 23:54:33,161：SpiderPolingHotelPrice Task execution completed
2025-05-20 23:54:46,530：达到次数:16,当前第17次，执行切换代理节点
2025-05-20 23:55:31,811：SpiderPolingHotelPrice Task execution completed
2025-05-20 23:56:46,217：SpiderPolingHotelPrice Task execution completed
2025-05-20 23:57:48,156：SpiderPolingHotelPrice Task execution completed
2025-05-20 23:58:19,900：2025-05-20 23:58执行清除浏览器缓存
2025-05-20 23:58:39,269：达到次数:17,当前第18次，执行切换代理节点
2025-05-20 23:58:49,792：SpiderPolingHotelPrice Task execution completed
