2025-10-20 15:20:18,481：SpiderPolingWorker starting at: 10/20/2025 15:20:18 +08:00
2025-10-20 15:20:18,549：SpiderPolingWorker execute at: 10/20/2025 15:20:18 +08:00
2025-10-20 15:20:29,543：Application started. Press Ctrl+C to shut down.
2025-10-20 15:20:29,546：Hosting environment: Production
2025-10-20 15:20:29,550：Content root path: D:\products\Offline.Host.Sup\Offline.Sup.Spider.WinServer\bin\Debug\net6.0
2025-10-20 16:23:22,047：SpiderPolingWorker starting at: 10/20/2025 16:23:22 +08:00
2025-10-20 16:23:22,108：SpiderPolingWorker execute at: 10/20/2025 16:23:22 +08:00
2025-10-20 16:24:16,615：Application started. Press Ctrl+C to shut down.
2025-10-20 16:24:16,619：Hosting environment: Production
2025-10-20 16:24:16,623：Content root path: D:\products\Offline.Host.Sup\Offline.Sup.Spider.WinServer\bin\Debug\net6.0
2025-10-20 16:30:37,142：SpiderPolingWorker starting at: 10/20/2025 16:30:37 +08:00
2025-10-20 16:30:37,193：SpiderPolingWorker execute at: 10/20/2025 16:30:37 +08:00
2025-10-20 16:30:39,045：Application started. Press Ctrl+C to shut down.
2025-10-20 16:30:39,048：Hosting environment: Production
2025-10-20 16:30:39,050：Content root path: D:\products\Offline.Host.Sup\Offline.Sup.Spider.WinServer\bin\Debug\net6.0
2025-10-20 16:31:23,971：SpiderPolingWorker starting at: 10/20/2025 16:31:23 +08:00
2025-10-20 16:31:24,021：SpiderPolingWorker execute at: 10/20/2025 16:31:24 +08:00
2025-10-20 16:31:26,628：Application started. Press Ctrl+C to shut down.
2025-10-20 16:31:26,631：Hosting environment: Production
2025-10-20 16:31:26,634：Content root path: D:\products\Offline.Host.Sup\Offline.Sup.Spider.WinServer\bin\Debug\net6.0
2025-10-20 16:32:25,751：SpiderPolingWorker starting at: 10/20/2025 16:32:25 +08:00
2025-10-20 16:32:25,803：SpiderPolingWorker execute at: 10/20/2025 16:32:25 +08:00
2025-10-20 16:32:26,756：Application started. Press Ctrl+C to shut down.
2025-10-20 16:32:26,758：Hosting environment: Production
2025-10-20 16:32:26,761：Content root path: D:\products\Offline.Host.Sup\Offline.Sup.Spider.WinServer\bin\Debug\net6.0
2025-10-20 16:33:07,213：SpiderPolingWorker starting at: 10/20/2025 16:33:07 +08:00
2025-10-20 16:33:07,265：SpiderPolingWorker execute at: 10/20/2025 16:33:07 +08:00
2025-10-20 16:33:09,748：Application started. Press Ctrl+C to shut down.
2025-10-20 16:33:09,750：Hosting environment: Production
2025-10-20 16:33:09,753：Content root path: D:\products\Offline.Host.Sup\Offline.Sup.Spider.WinServer\bin\Debug\net6.0
2025-10-20 16:36:37,894：SpiderPolingWorker starting at: 10/20/2025 16:36:37 +08:00
2025-10-20 16:36:37,978：SpiderPolingWorker execute at: 10/20/2025 16:36:37 +08:00
2025-10-20 16:36:40,671：Application started. Press Ctrl+C to shut down.
2025-10-20 16:36:40,675：Hosting environment: Production
2025-10-20 16:36:40,677：Content root path: D:\products\Offline.Host.Sup\Offline.Sup.Spider.WinServer\bin\Debug\net6.0
2025-10-20 16:40:00,242：SpiderPolingWorker starting at: 10/20/2025 16:40:00 +08:00
2025-10-20 16:40:00,293：SpiderPolingWorker execute at: 10/20/2025 16:40:00 +08:00
2025-10-20 16:40:32,919：Application started. Press Ctrl+C to shut down.
2025-10-20 16:40:32,922：Hosting environment: Production
2025-10-20 16:40:32,926：Content root path: D:\products\Offline.Host.Sup\Offline.Sup.Spider.WinServer\bin\Debug\net6.0
2025-10-20 16:51:33,431：SpiderPolingWorker starting at: 10/20/2025 16:51:33 +08:00
2025-10-20 16:51:33,480：SpiderPolingWorker execute at: 10/20/2025 16:51:33 +08:00
2025-10-20 16:51:37,965：Application started. Press Ctrl+C to shut down.
2025-10-20 16:51:37,968：Hosting environment: Production
2025-10-20 16:51:37,971：Content root path: D:\products\Offline.Host.Sup\Offline.Sup.Spider.WinServer\bin\Debug\net6.0
2025-10-20 16:52:36,071：SpiderPolingWorker starting at: 10/20/2025 16:52:36 +08:00
2025-10-20 16:52:36,121：SpiderPolingWorker execute at: 10/20/2025 16:52:36 +08:00
2025-10-20 16:52:38,232：Application started. Press Ctrl+C to shut down.
2025-10-20 16:52:38,235：Hosting environment: Production
2025-10-20 16:52:38,238：Content root path: D:\products\Offline.Host.Sup\Offline.Sup.Spider.WinServer\bin\Debug\net6.0
2025-10-20 16:53:57,120：SpiderPolingWorker starting at: 10/20/2025 16:53:57 +08:00
2025-10-20 16:53:57,183：SpiderPolingWorker execute at: 10/20/2025 16:53:57 +08:00
2025-10-20 16:53:59,044：Application started. Press Ctrl+C to shut down.
2025-10-20 16:53:59,047：Hosting environment: Production
2025-10-20 16:53:59,050：Content root path: D:\products\Offline.Host.Sup\Offline.Sup.Spider.WinServer\bin\Debug\net6.0
2025-10-20 16:55:07,848：SpiderPolingWorker starting at: 10/20/2025 16:55:07 +08:00
2025-10-20 16:55:07,912：SpiderPolingWorker execute at: 10/20/2025 16:55:07 +08:00
2025-10-20 16:55:11,514：Application started. Press Ctrl+C to shut down.
2025-10-20 16:55:11,517：Hosting environment: Production
2025-10-20 16:55:11,519：Content root path: D:\products\Offline.Host.Sup\Offline.Sup.Spider.WinServer\bin\Debug\net6.0
2025-10-20 16:59:50,395：SpiderPolingWorker starting at: 10/20/2025 16:59:50 +08:00
2025-10-20 16:59:50,448：SpiderPolingWorker execute at: 10/20/2025 16:59:50 +08:00
2025-10-20 16:59:52,825：Application started. Press Ctrl+C to shut down.
2025-10-20 16:59:52,828：Hosting environment: Production
2025-10-20 16:59:52,831：Content root path: D:\products\Offline.Host.Sup\Offline.Sup.Spider.WinServer\bin\Debug\net6.0
2025-10-20 17:01:53,794：SpiderPolingWorker starting at: 10/20/2025 17:01:53 +08:00
2025-10-20 17:01:53,850：SpiderPolingWorker execute at: 10/20/2025 17:01:53 +08:00
2025-10-20 17:02:03,627：Application started. Press Ctrl+C to shut down.
2025-10-20 17:02:03,630：Hosting environment: Production
2025-10-20 17:02:03,633：Content root path: D:\products\Offline.Host.Sup\Offline.Sup.Spider.WinServer\bin\Debug\net6.0
2025-10-20 17:03:42,344：SpiderPolingWorker starting at: 10/20/2025 17:03:42 +08:00
2025-10-20 17:03:42,397：SpiderPolingWorker execute at: 10/20/2025 17:03:42 +08:00
2025-10-20 17:03:47,298：Application started. Press Ctrl+C to shut down.
2025-10-20 17:03:47,301：Hosting environment: Production
2025-10-20 17:03:47,304：Content root path: D:\products\Offline.Host.Sup\Offline.Sup.Spider.WinServer\bin\Debug\net6.0
2025-10-20 17:09:58,380：SpiderPolingWorker starting at: 10/20/2025 17:09:58 +08:00
2025-10-20 17:09:58,430：SpiderPolingWorker execute at: 10/20/2025 17:09:58 +08:00
2025-10-20 17:10:01,785：Application started. Press Ctrl+C to shut down.
2025-10-20 17:10:01,788：Hosting environment: Production
2025-10-20 17:10:01,790：Content root path: D:\products\Offline.Host.Sup\Offline.Sup.Spider.WinServer\bin\Debug\net6.0
2025-10-20 17:12:47,470：SpiderPolingWorker starting at: 10/20/2025 17:12:47 +08:00
2025-10-20 17:12:47,538：SpiderPolingWorker execute at: 10/20/2025 17:12:47 +08:00
2025-10-20 17:12:54,575：Application started. Press Ctrl+C to shut down.
2025-10-20 17:12:54,578：Hosting environment: Production
2025-10-20 17:12:54,581：Content root path: D:\products\Offline.Host.Sup\Offline.Sup.Spider.WinServer\bin\Debug\net6.0
2025-10-20 17:15:01,271：SpiderPolingWorker starting at: 10/20/2025 17:15:01 +08:00
2025-10-20 17:15:01,328：SpiderPolingWorker execute at: 10/20/2025 17:15:01 +08:00
2025-10-20 17:15:03,446：Application started. Press Ctrl+C to shut down.
2025-10-20 17:15:03,449：Hosting environment: Production
2025-10-20 17:15:03,452：Content root path: D:\products\Offline.Host.Sup\Offline.Sup.Spider.WinServer\bin\Debug\net6.0
2025-10-20 17:15:54,126：SpiderPolingWorker starting at: 10/20/2025 17:15:54 +08:00
2025-10-20 17:15:54,190：SpiderPolingWorker execute at: 10/20/2025 17:15:54 +08:00
2025-10-20 17:15:55,435：Application started. Press Ctrl+C to shut down.
2025-10-20 17:15:55,438：Hosting environment: Production
2025-10-20 17:15:55,441：Content root path: D:\products\Offline.Host.Sup\Offline.Sup.Spider.WinServer\bin\Debug\net6.0
2025-10-20 17:17:27,194：SpiderPolingWorker starting at: 10/20/2025 17:17:27 +08:00
2025-10-20 17:17:27,245：SpiderPolingWorker execute at: 10/20/2025 17:17:27 +08:00
2025-10-20 17:17:28,357：Application started. Press Ctrl+C to shut down.
2025-10-20 17:17:28,360：Hosting environment: Production
2025-10-20 17:17:28,362：Content root path: D:\products\Offline.Host.Sup\Offline.Sup.Spider.WinServer\bin\Debug\net6.0
2025-10-20 17:18:35,242：SpiderPolingWorker starting at: 10/20/2025 17:18:35 +08:00
2025-10-20 17:18:35,295：SpiderPolingWorker execute at: 10/20/2025 17:18:35 +08:00
2025-10-20 17:18:36,143：Application started. Press Ctrl+C to shut down.
2025-10-20 17:18:36,146：Hosting environment: Production
2025-10-20 17:18:36,149：Content root path: D:\products\Offline.Host.Sup\Offline.Sup.Spider.WinServer\bin\Debug\net6.0
2025-10-20 17:19:26,123：SpiderPolingWorker starting at: 10/20/2025 17:19:26 +08:00
2025-10-20 17:19:26,177：SpiderPolingWorker execute at: 10/20/2025 17:19:26 +08:00
2025-10-20 17:19:26,950：Application started. Press Ctrl+C to shut down.
2025-10-20 17:19:26,953：Hosting environment: Production
2025-10-20 17:19:26,957：Content root path: D:\products\Offline.Host.Sup\Offline.Sup.Spider.WinServer\bin\Debug\net6.0
2025-10-20 17:20:50,161：SpiderPolingWorker starting at: 10/20/2025 17:20:50 +08:00
2025-10-20 17:20:50,214：SpiderPolingWorker execute at: 10/20/2025 17:20:50 +08:00
2025-10-20 17:20:53,619：Application started. Press Ctrl+C to shut down.
2025-10-20 17:20:53,622：Hosting environment: Production
2025-10-20 17:20:53,625：Content root path: D:\products\Offline.Host.Sup\Offline.Sup.Spider.WinServer\bin\Debug\net6.0
2025-10-20 17:28:59,252：SpiderPolingWorker starting at: 10/20/2025 17:28:59 +08:00
2025-10-20 17:28:59,305：SpiderPolingWorker execute at: 10/20/2025 17:28:59 +08:00
2025-10-20 17:29:00,349：Application started. Press Ctrl+C to shut down.
2025-10-20 17:29:00,353：Hosting environment: Production
2025-10-20 17:29:00,357：Content root path: D:\products\Offline.Host.Sup\Offline.Sup.Spider.WinServer\bin\Debug\net6.0
2025-10-20 17:30:03,870：SpiderPolingWorker starting at: 10/20/2025 17:30:03 +08:00
2025-10-20 17:30:03,926：SpiderPolingWorker execute at: 10/20/2025 17:30:03 +08:00
2025-10-20 17:30:05,973：Application started. Press Ctrl+C to shut down.
2025-10-20 17:30:05,976：Hosting environment: Production
2025-10-20 17:30:05,979：Content root path: D:\products\Offline.Host.Sup\Offline.Sup.Spider.WinServer\bin\Debug\net6.0
2025-10-20 17:32:00,143：SpiderPolingWorker starting at: 10/20/2025 17:32:00 +08:00
2025-10-20 17:32:00,206：SpiderPolingWorker execute at: 10/20/2025 17:32:00 +08:00
2025-10-20 17:32:02,171：Application started. Press Ctrl+C to shut down.
2025-10-20 17:32:02,174：Hosting environment: Production
2025-10-20 17:32:02,177：Content root path: D:\products\Offline.Host.Sup\Offline.Sup.Spider.WinServer\bin\Debug\net6.0
2025-10-20 17:32:30,505：SpiderPolingWorker starting at: 10/20/2025 17:32:30 +08:00
2025-10-20 17:32:30,562：SpiderPolingWorker execute at: 10/20/2025 17:32:30 +08:00
2025-10-20 17:32:31,510：Application started. Press Ctrl+C to shut down.
2025-10-20 17:32:31,513：Hosting environment: Production
2025-10-20 17:32:31,516：Content root path: D:\products\Offline.Host.Sup\Offline.Sup.Spider.WinServer\bin\Debug\net6.0
2025-10-20 17:33:40,558：SpiderPolingWorker starting at: 10/20/2025 17:33:40 +08:00
2025-10-20 17:33:40,612：SpiderPolingWorker execute at: 10/20/2025 17:33:40 +08:00
2025-10-20 17:33:41,444：Application started. Press Ctrl+C to shut down.
2025-10-20 17:33:41,447：Hosting environment: Production
2025-10-20 17:33:41,450：Content root path: D:\products\Offline.Host.Sup\Offline.Sup.Spider.WinServer\bin\Debug\net6.0
2025-10-20 17:36:49,569：SpiderPolingWorker starting at: 10/20/2025 17:36:49 +08:00
2025-10-20 17:36:49,622：SpiderPolingWorker execute at: 10/20/2025 17:36:49 +08:00
2025-10-20 17:36:51,362：Application started. Press Ctrl+C to shut down.
2025-10-20 17:36:51,365：Hosting environment: Production
2025-10-20 17:36:51,368：Content root path: D:\products\Offline.Host.Sup\Offline.Sup.Spider.WinServer\bin\Debug\net6.0
2025-10-20 18:26:08,287：SpiderPolingWorker starting at: 10/20/2025 18:26:08 +08:00
2025-10-20 18:26:08,343：SpiderPolingWorker execute at: 10/20/2025 18:26:08 +08:00
2025-10-20 18:26:10,444：Application started. Press Ctrl+C to shut down.
2025-10-20 18:26:10,447：Hosting environment: Production
2025-10-20 18:26:10,450：Content root path: D:\products\Offline.Host.Sup\Offline.Sup.Spider.WinServer\bin\Debug\net6.0
2025-10-20 18:27:19,688：SpiderPolingWorker starting at: 10/20/2025 18:27:19 +08:00
2025-10-20 18:27:19,745：SpiderPolingWorker execute at: 10/20/2025 18:27:19 +08:00
2025-10-20 18:27:26,470：Application started. Press Ctrl+C to shut down.
2025-10-20 18:27:26,473：Hosting environment: Production
2025-10-20 18:27:26,475：Content root path: D:\products\Offline.Host.Sup\Offline.Sup.Spider.WinServer\bin\Debug\net6.0
2025-10-20 18:27:42,123：Start processing HTTP request GET http://affiliatefeed.agoda.cn/datafeeds/feed/getfeed?apikey=B18FC62B-E6D0-45E1-926A-85E374F81966&mhotel_id=3724294&feed_id=19&olanguage_id=8
2025-10-20 18:27:42,137：Sending HTTP request GET http://affiliatefeed.agoda.cn/datafeeds/feed/getfeed?apikey=B18FC62B-E6D0-45E1-926A-85E374F81966&mhotel_id=3724294&feed_id=19&olanguage_id=8
2025-10-20 18:27:43,294：Received HTTP response headers after 1146.1393ms - 200
2025-10-20 18:27:43,299：End processing HTTP request after 1184.2466ms - 200
2025-10-20 18:27:44,994：Start processing HTTP request GET http://affiliatefeed.agoda.cn/datafeeds/feed/getfeed?apikey=B18FC62B-E6D0-45E1-926A-85E374F81966&mhotel_id=788681&feed_id=19&olanguage_id=8
2025-10-20 18:27:44,999：Sending HTTP request GET http://affiliatefeed.agoda.cn/datafeeds/feed/getfeed?apikey=B18FC62B-E6D0-45E1-926A-85E374F81966&mhotel_id=788681&feed_id=19&olanguage_id=8
2025-10-20 18:27:45,944：Received HTTP response headers after 941.6208ms - 200
2025-10-20 18:27:45,948：End processing HTTP request after 954.5161ms - 200
2025-10-20 18:27:46,954：Start processing HTTP request GET http://affiliatefeed.agoda.cn/datafeeds/feed/getfeed?apikey=B18FC62B-E6D0-45E1-926A-85E374F81966&mhotel_id=72900&feed_id=19&olanguage_id=8
2025-10-20 18:27:46,958：Sending HTTP request GET http://affiliatefeed.agoda.cn/datafeeds/feed/getfeed?apikey=B18FC62B-E6D0-45E1-926A-85E374F81966&mhotel_id=72900&feed_id=19&olanguage_id=8
2025-10-20 18:27:48,228：Received HTTP response headers after 1266.7854ms - 200
2025-10-20 18:27:48,237：End processing HTTP request after 1281.8486ms - 200
2025-10-20 18:27:49,813：Start processing HTTP request GET http://affiliatefeed.agoda.cn/datafeeds/feed/getfeed?apikey=B18FC62B-E6D0-45E1-926A-85E374F81966&mhotel_id=296905&feed_id=19&olanguage_id=8
2025-10-20 18:27:49,817：Sending HTTP request GET http://affiliatefeed.agoda.cn/datafeeds/feed/getfeed?apikey=B18FC62B-E6D0-45E1-926A-85E374F81966&mhotel_id=296905&feed_id=19&olanguage_id=8
2025-10-20 18:27:50,692：Received HTTP response headers after 869.681ms - 200
2025-10-20 18:27:50,696：End processing HTTP request after 883.32ms - 200
2025-10-20 18:27:51,668：Start processing HTTP request GET http://affiliatefeed.agoda.cn/datafeeds/feed/getfeed?apikey=B18FC62B-E6D0-45E1-926A-85E374F81966&mhotel_id=10933&feed_id=19&olanguage_id=8
2025-10-20 18:27:51,671：Sending HTTP request GET http://affiliatefeed.agoda.cn/datafeeds/feed/getfeed?apikey=B18FC62B-E6D0-45E1-926A-85E374F81966&mhotel_id=10933&feed_id=19&olanguage_id=8
2025-10-20 18:27:53,055：Received HTTP response headers after 1380.91ms - 200
2025-10-20 18:27:53,059：End processing HTTP request after 1391.3632ms - 200
2025-10-20 18:27:54,130：Start processing HTTP request GET http://affiliatefeed.agoda.cn/datafeeds/feed/getfeed?apikey=B18FC62B-E6D0-45E1-926A-85E374F81966&mhotel_id=9796412&feed_id=19&olanguage_id=8
2025-10-20 18:27:54,134：Sending HTTP request GET http://affiliatefeed.agoda.cn/datafeeds/feed/getfeed?apikey=B18FC62B-E6D0-45E1-926A-85E374F81966&mhotel_id=9796412&feed_id=19&olanguage_id=8
2025-10-20 18:27:54,816：Received HTTP response headers after 677.6206ms - 200
2025-10-20 18:27:54,820：End processing HTTP request after 689.8428ms - 200
2025-10-20 18:27:55,818：Start processing HTTP request GET http://affiliatefeed.agoda.cn/datafeeds/feed/getfeed?apikey=B18FC62B-E6D0-45E1-926A-85E374F81966&mhotel_id=37710833&feed_id=19&olanguage_id=8
2025-10-20 18:27:55,822：Sending HTTP request GET http://affiliatefeed.agoda.cn/datafeeds/feed/getfeed?apikey=B18FC62B-E6D0-45E1-926A-85E374F81966&mhotel_id=37710833&feed_id=19&olanguage_id=8
2025-10-20 18:27:56,655：Received HTTP response headers after 824.9161ms - 200
2025-10-20 18:27:56,661：End processing HTTP request after 841.2953ms - 200
2025-10-20 18:27:57,739：Start processing HTTP request GET http://affiliatefeed.agoda.cn/datafeeds/feed/getfeed?apikey=B18FC62B-E6D0-45E1-926A-85E374F81966&mhotel_id=90759&feed_id=19&olanguage_id=8
2025-10-20 18:27:57,743：Sending HTTP request GET http://affiliatefeed.agoda.cn/datafeeds/feed/getfeed?apikey=B18FC62B-E6D0-45E1-926A-85E374F81966&mhotel_id=90759&feed_id=19&olanguage_id=8
2025-10-20 18:27:58,803：Received HTTP response headers after 1055.0987ms - 200
2025-10-20 18:27:58,807：End processing HTTP request after 1070.3107ms - 200
2025-10-20 18:27:59,855：Start processing HTTP request GET http://affiliatefeed.agoda.cn/datafeeds/feed/getfeed?apikey=B18FC62B-E6D0-45E1-926A-85E374F81966&mhotel_id=23011150&feed_id=19&olanguage_id=8
2025-10-20 18:27:59,865：Sending HTTP request GET http://affiliatefeed.agoda.cn/datafeeds/feed/getfeed?apikey=B18FC62B-E6D0-45E1-926A-85E374F81966&mhotel_id=23011150&feed_id=19&olanguage_id=8
2025-10-20 18:28:00,750：Received HTTP response headers after 881.5012ms - 200
2025-10-20 18:28:00,758：End processing HTTP request after 901.704ms - 200
2025-10-20 18:28:01,763：Start processing HTTP request GET http://affiliatefeed.agoda.cn/datafeeds/feed/getfeed?apikey=B18FC62B-E6D0-45E1-926A-85E374F81966&mhotel_id=35835604&feed_id=19&olanguage_id=8
2025-10-20 18:28:01,769：Sending HTTP request GET http://affiliatefeed.agoda.cn/datafeeds/feed/getfeed?apikey=B18FC62B-E6D0-45E1-926A-85E374F81966&mhotel_id=35835604&feed_id=19&olanguage_id=8
2025-10-20 18:28:03,679：Received HTTP response headers after 1905.6316ms - 200
2025-10-20 18:28:03,686：End processing HTTP request after 1923.2441ms - 200
2025-10-20 18:28:05,201：Start processing HTTP request GET http://affiliatefeed.agoda.cn/datafeeds/feed/getfeed?apikey=B18FC62B-E6D0-45E1-926A-85E374F81966&mhotel_id=28890851&feed_id=19&olanguage_id=8
2025-10-20 18:28:05,204：Sending HTTP request GET http://affiliatefeed.agoda.cn/datafeeds/feed/getfeed?apikey=B18FC62B-E6D0-45E1-926A-85E374F81966&mhotel_id=28890851&feed_id=19&olanguage_id=8
2025-10-20 18:28:06,296：Received HTTP response headers after 1087.7009ms - 200
2025-10-20 18:28:06,302：End processing HTTP request after 1101.3487ms - 200
2025-10-20 18:28:07,290：Start processing HTTP request GET http://affiliatefeed.agoda.cn/datafeeds/feed/getfeed?apikey=B18FC62B-E6D0-45E1-926A-85E374F81966&mhotel_id=788681&feed_id=19&olanguage_id=8
2025-10-20 18:28:07,294：Sending HTTP request GET http://affiliatefeed.agoda.cn/datafeeds/feed/getfeed?apikey=B18FC62B-E6D0-45E1-926A-85E374F81966&mhotel_id=788681&feed_id=19&olanguage_id=8
2025-10-20 18:28:08,545：Received HTTP response headers after 1246.7227ms - 200
2025-10-20 18:28:08,550：End processing HTTP request after 1259.6345ms - 200
2025-10-20 18:28:09,540：Start processing HTTP request GET http://affiliatefeed.agoda.cn/datafeeds/feed/getfeed?apikey=B18FC62B-E6D0-45E1-926A-85E374F81966&mhotel_id=1162284&feed_id=19&olanguage_id=8
2025-10-20 18:28:09,544：Sending HTTP request GET http://affiliatefeed.agoda.cn/datafeeds/feed/getfeed?apikey=B18FC62B-E6D0-45E1-926A-85E374F81966&mhotel_id=1162284&feed_id=19&olanguage_id=8
2025-10-20 18:28:10,496：Received HTTP response headers after 948.6934ms - 200
2025-10-20 18:28:10,499：End processing HTTP request after 959.671ms - 200
2025-10-20 18:28:11,489：Start processing HTTP request GET http://affiliatefeed.agoda.cn/datafeeds/feed/getfeed?apikey=B18FC62B-E6D0-45E1-926A-85E374F81966&mhotel_id=4643744&feed_id=19&olanguage_id=8
2025-10-20 18:28:11,493：Sending HTTP request GET http://affiliatefeed.agoda.cn/datafeeds/feed/getfeed?apikey=B18FC62B-E6D0-45E1-926A-85E374F81966&mhotel_id=4643744&feed_id=19&olanguage_id=8
2025-10-20 18:28:12,312：Received HTTP response headers after 813.9077ms - 200
2025-10-20 18:28:12,322：End processing HTTP request after 833.0724ms - 200
2025-10-20 18:28:13,356：Start processing HTTP request GET http://affiliatefeed.agoda.cn/datafeeds/feed/getfeed?apikey=B18FC62B-E6D0-45E1-926A-85E374F81966&mhotel_id=43219&feed_id=19&olanguage_id=8
2025-10-20 18:28:13,359：Sending HTTP request GET http://affiliatefeed.agoda.cn/datafeeds/feed/getfeed?apikey=B18FC62B-E6D0-45E1-926A-85E374F81966&mhotel_id=43219&feed_id=19&olanguage_id=8
2025-10-20 18:28:14,170：Received HTTP response headers after 805.8246ms - 200
2025-10-20 18:28:14,174：End processing HTTP request after 818.209ms - 200
2025-10-20 18:28:15,201：Start processing HTTP request GET http://affiliatefeed.agoda.cn/datafeeds/feed/getfeed?apikey=B18FC62B-E6D0-45E1-926A-85E374F81966&mhotel_id=1060655&feed_id=19&olanguage_id=8
2025-10-20 18:28:15,205：Sending HTTP request GET http://affiliatefeed.agoda.cn/datafeeds/feed/getfeed?apikey=B18FC62B-E6D0-45E1-926A-85E374F81966&mhotel_id=1060655&feed_id=19&olanguage_id=8
2025-10-20 18:28:16,351：Received HTTP response headers after 1142.4498ms - 200
2025-10-20 18:28:16,355：End processing HTTP request after 1153.9661ms - 200
2025-10-20 18:28:17,361：Start processing HTTP request GET http://affiliatefeed.agoda.cn/datafeeds/feed/getfeed?apikey=B18FC62B-E6D0-45E1-926A-85E374F81966&mhotel_id=782418&feed_id=19&olanguage_id=8
2025-10-20 18:28:17,366：Sending HTTP request GET http://affiliatefeed.agoda.cn/datafeeds/feed/getfeed?apikey=B18FC62B-E6D0-45E1-926A-85E374F81966&mhotel_id=782418&feed_id=19&olanguage_id=8
2025-10-20 18:28:18,301：Received HTTP response headers after 929.3248ms - 200
2025-10-20 18:28:18,304：End processing HTTP request after 943.4221ms - 200
2025-10-20 18:28:19,305：Start processing HTTP request GET http://affiliatefeed.agoda.cn/datafeeds/feed/getfeed?apikey=B18FC62B-E6D0-45E1-926A-85E374F81966&mhotel_id=26043742&feed_id=19&olanguage_id=8
2025-10-20 18:28:19,309：Sending HTTP request GET http://affiliatefeed.agoda.cn/datafeeds/feed/getfeed?apikey=B18FC62B-E6D0-45E1-926A-85E374F81966&mhotel_id=26043742&feed_id=19&olanguage_id=8
2025-10-20 18:28:20,089：Received HTTP response headers after 775.1389ms - 200
2025-10-20 18:28:20,092：End processing HTTP request after 786.6833ms - 200
2025-10-20 18:28:24,481：Start processing HTTP request GET http://affiliatefeed.agoda.cn/datafeeds/feed/getfeed?apikey=B18FC62B-E6D0-45E1-926A-85E374F81966&mhotel_id=788681&feed_id=19&olanguage_id=8
2025-10-20 18:28:24,485：Sending HTTP request GET http://affiliatefeed.agoda.cn/datafeeds/feed/getfeed?apikey=B18FC62B-E6D0-45E1-926A-85E374F81966&mhotel_id=788681&feed_id=19&olanguage_id=8
2025-10-20 18:28:25,240：Received HTTP response headers after 749.3209ms - 200
2025-10-20 18:28:25,243：End processing HTTP request after 763.9489ms - 200
2025-10-20 18:28:51,911：Start processing HTTP request GET http://affiliatefeed.agoda.cn/datafeeds/feed/getfeed?apikey=B18FC62B-E6D0-45E1-926A-85E374F81966&mhotel_id=788681&feed_id=19&olanguage_id=8
2025-10-20 18:28:51,929：Sending HTTP request GET http://affiliatefeed.agoda.cn/datafeeds/feed/getfeed?apikey=B18FC62B-E6D0-45E1-926A-85E374F81966&mhotel_id=788681&feed_id=19&olanguage_id=8
2025-10-20 18:28:52,988：Received HTTP response headers after 1053.538ms - 200
2025-10-20 18:28:52,992：End processing HTTP request after 1081.0728ms - 200
2025-10-20 18:29:19,563：Start processing HTTP request GET http://affiliatefeed.agoda.cn/datafeeds/feed/getfeed?apikey=B18FC62B-E6D0-45E1-926A-85E374F81966&mhotel_id=37710833&feed_id=19&olanguage_id=8
2025-10-20 18:29:19,568：Sending HTTP request GET http://affiliatefeed.agoda.cn/datafeeds/feed/getfeed?apikey=B18FC62B-E6D0-45E1-926A-85E374F81966&mhotel_id=37710833&feed_id=19&olanguage_id=8
2025-10-20 18:29:20,083：Received HTTP response headers after 510.1004ms - 200
2025-10-20 18:29:20,088：End processing HTTP request after 525.0568ms - 200
