2025-03-26 14:08:20,533：Index was out of range. Must be non-negative and less than the size of the collection. (Parameter 'index')
System.ArgumentOutOfRangeException: Index was out of range. Must be non-negative and less than the size of the collection. (Parameter 'index')
   at System.Collections.Generic.List`1.get_Item(Int32 index)
   at Offline.Sup.Domain.WHB2CHotelRepository.PageListAsync(PageQueryDto`1 pageQuery) in D:\products\Offline.Host.Sup\Offline.Sup.Domain\WHB2CHotelRepository.cs:line 78
   at Offline.Sup.Application.Expedia.WHB2CHotelService.PageListAsync(PageQueryDto`1 pageQuery) in D:\products\Offline.Host.Sup\Offline.Sup.Application\Expedia\WHB2CHotelService.cs:line 42
   at Offline.Sup.Api.Controllers.ExpediaHotelController.PageListAsync(PageQueryDto`1 pageQuery) in D:\products\Offline.Host.Sup\Offline.Sup.Api\Controllers\ExpediaHotelController.cs:line 37
   at lambda_method878(Closure , Object )
   at Microsoft.AspNetCore.Mvc.Infrastructure.ActionMethodExecutor.TaskOfActionResultExecutor.Execute(IActionResultTypeMapper mapper, ObjectMethodExecutor executor, Object controller, Object[] arguments)
   at Microsoft.AspNetCore.Mvc.Infrastructure.ControllerActionInvoker.<InvokeActionMethodAsync>g__Logged|12_1(ControllerActionInvoker invoker)
   at Microsoft.AspNetCore.Mvc.Infrastructure.ControllerActionInvoker.<InvokeNextActionFilterAsync>g__Awaited|10_0(ControllerActionInvoker invoker, Task lastTask, State next, Scope scope, Object state, Boolean isCompleted)
   at Microsoft.AspNetCore.Mvc.Infrastructure.ControllerActionInvoker.Rethrow(ActionExecutedContextSealed context)
   at Microsoft.AspNetCore.Mvc.Infrastructure.ControllerActionInvoker.Next(State& next, Scope& scope, Object& state, Boolean& isCompleted)
   at Microsoft.AspNetCore.Mvc.Infrastructure.ControllerActionInvoker.InvokeInnerFilterAsync()
--- End of stack trace from previous location ---
   at Microsoft.AspNetCore.Mvc.Infrastructure.ResourceInvoker.<InvokeNextExceptionFilterAsync>g__Awaited|26_0(ResourceInvoker invoker, Task lastTask, State next, Scope scope, Object state, Boolean isCompleted)
2025-03-26 14:10:09,664：Index was out of range. Must be non-negative and less than the size of the collection. (Parameter 'index')
System.ArgumentOutOfRangeException: Index was out of range. Must be non-negative and less than the size of the collection. (Parameter 'index')
   at System.Collections.Generic.List`1.get_Item(Int32 index)
   at Offline.Sup.Domain.WHB2CHotelRepository.PageListAsync(PageQueryDto`1 pageQuery) in D:\products\Offline.Host.Sup\Offline.Sup.Domain\WHB2CHotelRepository.cs:line 81
   at Offline.Sup.Application.Expedia.WHB2CHotelService.PageListAsync(PageQueryDto`1 pageQuery) in D:\products\Offline.Host.Sup\Offline.Sup.Application\Expedia\WHB2CHotelService.cs:line 42
   at Offline.Sup.Api.Controllers.ExpediaHotelController.PageListAsync(PageQueryDto`1 pageQuery) in D:\products\Offline.Host.Sup\Offline.Sup.Api\Controllers\ExpediaHotelController.cs:line 37
   at lambda_method878(Closure , Object )
   at Microsoft.AspNetCore.Mvc.Infrastructure.ActionMethodExecutor.TaskOfActionResultExecutor.Execute(IActionResultTypeMapper mapper, ObjectMethodExecutor executor, Object controller, Object[] arguments)
   at Microsoft.AspNetCore.Mvc.Infrastructure.ControllerActionInvoker.<InvokeActionMethodAsync>g__Logged|12_1(ControllerActionInvoker invoker)
   at Microsoft.AspNetCore.Mvc.Infrastructure.ControllerActionInvoker.<InvokeNextActionFilterAsync>g__Awaited|10_0(ControllerActionInvoker invoker, Task lastTask, State next, Scope scope, Object state, Boolean isCompleted)
   at Microsoft.AspNetCore.Mvc.Infrastructure.ControllerActionInvoker.Rethrow(ActionExecutedContextSealed context)
   at Microsoft.AspNetCore.Mvc.Infrastructure.ControllerActionInvoker.Next(State& next, Scope& scope, Object& state, Boolean& isCompleted)
   at Microsoft.AspNetCore.Mvc.Infrastructure.ControllerActionInvoker.InvokeInnerFilterAsync()
--- End of stack trace from previous location ---
   at Microsoft.AspNetCore.Mvc.Infrastructure.ResourceInvoker.<InvokeNextExceptionFilterAsync>g__Awaited|26_0(ResourceInvoker invoker, Task lastTask, State next, Scope scope, Object state, Boolean isCompleted)
2025-03-26 14:11:52,104：Index was out of range. Must be non-negative and less than the size of the collection. (Parameter 'index')
System.ArgumentOutOfRangeException: Index was out of range. Must be non-negative and less than the size of the collection. (Parameter 'index')
   at System.Collections.Generic.List`1.get_Item(Int32 index)
   at Offline.Sup.Domain.WHB2CHotelRepository.PageListAsync(PageQueryDto`1 pageQuery) in D:\products\Offline.Host.Sup\Offline.Sup.Domain\WHB2CHotelRepository.cs:line 84
   at Offline.Sup.Application.Expedia.WHB2CHotelService.PageListAsync(PageQueryDto`1 pageQuery) in D:\products\Offline.Host.Sup\Offline.Sup.Application\Expedia\WHB2CHotelService.cs:line 42
   at Offline.Sup.Api.Controllers.ExpediaHotelController.PageListAsync(PageQueryDto`1 pageQuery) in D:\products\Offline.Host.Sup\Offline.Sup.Api\Controllers\ExpediaHotelController.cs:line 37
   at lambda_method878(Closure , Object )
   at Microsoft.AspNetCore.Mvc.Infrastructure.ActionMethodExecutor.TaskOfActionResultExecutor.Execute(IActionResultTypeMapper mapper, ObjectMethodExecutor executor, Object controller, Object[] arguments)
   at Microsoft.AspNetCore.Mvc.Infrastructure.ControllerActionInvoker.<InvokeActionMethodAsync>g__Logged|12_1(ControllerActionInvoker invoker)
   at Microsoft.AspNetCore.Mvc.Infrastructure.ControllerActionInvoker.<InvokeNextActionFilterAsync>g__Awaited|10_0(ControllerActionInvoker invoker, Task lastTask, State next, Scope scope, Object state, Boolean isCompleted)
   at Microsoft.AspNetCore.Mvc.Infrastructure.ControllerActionInvoker.Rethrow(ActionExecutedContextSealed context)
   at Microsoft.AspNetCore.Mvc.Infrastructure.ControllerActionInvoker.Next(State& next, Scope& scope, Object& state, Boolean& isCompleted)
   at Microsoft.AspNetCore.Mvc.Infrastructure.ControllerActionInvoker.InvokeInnerFilterAsync()
--- End of stack trace from previous location ---
   at Microsoft.AspNetCore.Mvc.Infrastructure.ResourceInvoker.<InvokeNextExceptionFilterAsync>g__Awaited|26_0(ResourceInvoker invoker, Task lastTask, State next, Scope scope, Object state, Boolean isCompleted)
2025-03-26 14:14:23,445：关键字 'SELECT' 附近有语法错误。
“T”附近有语法错误。
Microsoft.Data.SqlClient.SqlException (0x80131904): 关键字 'SELECT' 附近有语法错误。
“T”附近有语法错误。
   at Microsoft.Data.SqlClient.SqlCommand.<>c.<ExecuteDbDataReaderAsync>b__188_0(Task`1 result)
   at System.Threading.Tasks.ContinuationResultTaskFromResultTask`2.InnerInvoke()
   at System.Threading.Tasks.Task.<>c.<.cctor>b__272_0(Object obj)
   at System.Threading.ExecutionContext.RunInternal(ExecutionContext executionContext, ContextCallback callback, Object state)
--- End of stack trace from previous location ---
   at System.Threading.ExecutionContext.RunInternal(ExecutionContext executionContext, ContextCallback callback, Object state)
   at System.Threading.Tasks.Task.ExecuteWithThreadLocal(Task& currentTaskSlot, Thread threadPoolThread)
--- End of stack trace from previous location ---
   at SqlSugar.AdoProvider.GetDataReaderAsync(String sql, SugarParameter[] parameters)
   at SqlSugar.AdoProvider.SqlQueryAsync[T,T2,T3,T4,T5,T6,T7](String sql, Object parameters)
   at SqlSugar.AdoProvider.SqlQueryAsync[T](String sql, SugarParameter[] parameters)
   at SqlSugar.AdoProvider.SqlQuerySingleAsync[T](String sql, Object parameters)
   at EasyFrame.SqlSugar.Repository`1.GetRecordCountBySqlAsync(String tableName, String where)
   at EasyFrame.SqlSugar.Repository`1.QuerySqlPageAsync[TResult](String tableName, String strWhere, String orderby, Int32 pageIndex, Int32 pageSize)
   at Offline.Sup.Domain.WHB2CHotelRepository.PageListAsync(PageQueryDto`1 pageQuery) in D:\products\Offline.Host.Sup\Offline.Sup.Domain\WHB2CHotelRepository.cs:line 84
   at Offline.Sup.Application.Expedia.WHB2CHotelService.PageListAsync(PageQueryDto`1 pageQuery) in D:\products\Offline.Host.Sup\Offline.Sup.Application\Expedia\WHB2CHotelService.cs:line 42
   at Offline.Sup.Api.Controllers.ExpediaHotelController.PageListAsync(PageQueryDto`1 pageQuery) in D:\products\Offline.Host.Sup\Offline.Sup.Api\Controllers\ExpediaHotelController.cs:line 37
   at lambda_method878(Closure , Object )
   at Microsoft.AspNetCore.Mvc.Infrastructure.ActionMethodExecutor.TaskOfActionResultExecutor.Execute(IActionResultTypeMapper mapper, ObjectMethodExecutor executor, Object controller, Object[] arguments)
   at Microsoft.AspNetCore.Mvc.Infrastructure.ControllerActionInvoker.<InvokeActionMethodAsync>g__Logged|12_1(ControllerActionInvoker invoker)
   at Microsoft.AspNetCore.Mvc.Infrastructure.ControllerActionInvoker.<InvokeNextActionFilterAsync>g__Awaited|10_0(ControllerActionInvoker invoker, Task lastTask, State next, Scope scope, Object state, Boolean isCompleted)
   at Microsoft.AspNetCore.Mvc.Infrastructure.ControllerActionInvoker.Rethrow(ActionExecutedContextSealed context)
   at Microsoft.AspNetCore.Mvc.Infrastructure.ControllerActionInvoker.Next(State& next, Scope& scope, Object& state, Boolean& isCompleted)
   at Microsoft.AspNetCore.Mvc.Infrastructure.ControllerActionInvoker.<InvokeInnerFilterAsync>g__Awaited|13_0(ControllerActionInvoker invoker, Task lastTask, State next, Scope scope, Object state, Boolean isCompleted)
   at Microsoft.AspNetCore.Mvc.Infrastructure.ResourceInvoker.<InvokeNextExceptionFilterAsync>g__Awaited|26_0(ResourceInvoker invoker, Task lastTask, State next, Scope scope, Object state, Boolean isCompleted)
ClientConnectionId:66a1f0d2-a26f-4440-a5cf-7c54801a395f
Error Number:156,State:1,Class:15
2025-03-26 14:14:34,302：关键字 'SELECT' 附近有语法错误。
“T”附近有语法错误。
Microsoft.Data.SqlClient.SqlException (0x80131904): 关键字 'SELECT' 附近有语法错误。
“T”附近有语法错误。
   at Microsoft.Data.SqlClient.SqlCommand.<>c.<ExecuteDbDataReaderAsync>b__188_0(Task`1 result)
   at System.Threading.Tasks.ContinuationResultTaskFromResultTask`2.InnerInvoke()
   at System.Threading.Tasks.Task.<>c.<.cctor>b__272_0(Object obj)
   at System.Threading.ExecutionContext.RunInternal(ExecutionContext executionContext, ContextCallback callback, Object state)
--- End of stack trace from previous location ---
   at System.Threading.ExecutionContext.RunInternal(ExecutionContext executionContext, ContextCallback callback, Object state)
   at System.Threading.Tasks.Task.ExecuteWithThreadLocal(Task& currentTaskSlot, Thread threadPoolThread)
--- End of stack trace from previous location ---
   at SqlSugar.AdoProvider.GetDataReaderAsync(String sql, SugarParameter[] parameters)
   at SqlSugar.AdoProvider.SqlQueryAsync[T,T2,T3,T4,T5,T6,T7](String sql, Object parameters)
   at SqlSugar.AdoProvider.SqlQueryAsync[T](String sql, SugarParameter[] parameters)
   at SqlSugar.AdoProvider.SqlQuerySingleAsync[T](String sql, Object parameters)
   at EasyFrame.SqlSugar.Repository`1.GetRecordCountBySqlAsync(String tableName, String where)
   at EasyFrame.SqlSugar.Repository`1.QuerySqlPageAsync[TResult](String tableName, String strWhere, String orderby, Int32 pageIndex, Int32 pageSize)
   at Offline.Sup.Domain.WHB2CHotelRepository.PageListAsync(PageQueryDto`1 pageQuery) in D:\products\Offline.Host.Sup\Offline.Sup.Domain\WHB2CHotelRepository.cs:line 84
   at Offline.Sup.Application.Expedia.WHB2CHotelService.PageListAsync(PageQueryDto`1 pageQuery) in D:\products\Offline.Host.Sup\Offline.Sup.Application\Expedia\WHB2CHotelService.cs:line 42
   at Offline.Sup.Api.Controllers.ExpediaHotelController.PageListAsync(PageQueryDto`1 pageQuery) in D:\products\Offline.Host.Sup\Offline.Sup.Api\Controllers\ExpediaHotelController.cs:line 37
   at lambda_method878(Closure , Object )
   at Microsoft.AspNetCore.Mvc.Infrastructure.ActionMethodExecutor.TaskOfActionResultExecutor.Execute(IActionResultTypeMapper mapper, ObjectMethodExecutor executor, Object controller, Object[] arguments)
   at Microsoft.AspNetCore.Mvc.Infrastructure.ControllerActionInvoker.<InvokeActionMethodAsync>g__Logged|12_1(ControllerActionInvoker invoker)
   at Microsoft.AspNetCore.Mvc.Infrastructure.ControllerActionInvoker.<InvokeNextActionFilterAsync>g__Awaited|10_0(ControllerActionInvoker invoker, Task lastTask, State next, Scope scope, Object state, Boolean isCompleted)
   at Microsoft.AspNetCore.Mvc.Infrastructure.ControllerActionInvoker.Rethrow(ActionExecutedContextSealed context)
   at Microsoft.AspNetCore.Mvc.Infrastructure.ControllerActionInvoker.Next(State& next, Scope& scope, Object& state, Boolean& isCompleted)
   at Microsoft.AspNetCore.Mvc.Infrastructure.ControllerActionInvoker.<InvokeInnerFilterAsync>g__Awaited|13_0(ControllerActionInvoker invoker, Task lastTask, State next, Scope scope, Object state, Boolean isCompleted)
   at Microsoft.AspNetCore.Mvc.Infrastructure.ResourceInvoker.<InvokeNextExceptionFilterAsync>g__Awaited|26_0(ResourceInvoker invoker, Task lastTask, State next, Scope scope, Object state, Boolean isCompleted)
ClientConnectionId:66a1f0d2-a26f-4440-a5cf-7c54801a395f
Error Number:156,State:1,Class:15
2025-03-26 14:15:27,357：关键字 'SELECT' 附近有语法错误。
“T”附近有语法错误。
Microsoft.Data.SqlClient.SqlException (0x80131904): 关键字 'SELECT' 附近有语法错误。
“T”附近有语法错误。
   at Microsoft.Data.SqlClient.SqlCommand.<>c.<ExecuteDbDataReaderAsync>b__188_0(Task`1 result)
   at System.Threading.Tasks.ContinuationResultTaskFromResultTask`2.InnerInvoke()
   at System.Threading.Tasks.Task.<>c.<.cctor>b__272_0(Object obj)
   at System.Threading.ExecutionContext.RunInternal(ExecutionContext executionContext, ContextCallback callback, Object state)
--- End of stack trace from previous location ---
   at System.Threading.ExecutionContext.RunInternal(ExecutionContext executionContext, ContextCallback callback, Object state)
   at System.Threading.Tasks.Task.ExecuteWithThreadLocal(Task& currentTaskSlot, Thread threadPoolThread)
--- End of stack trace from previous location ---
   at SqlSugar.AdoProvider.GetDataReaderAsync(String sql, SugarParameter[] parameters)
   at SqlSugar.AdoProvider.SqlQueryAsync[T,T2,T3,T4,T5,T6,T7](String sql, Object parameters)
   at SqlSugar.AdoProvider.SqlQueryAsync[T](String sql, SugarParameter[] parameters)
   at SqlSugar.AdoProvider.SqlQuerySingleAsync[T](String sql, Object parameters)
   at EasyFrame.SqlSugar.Repository`1.GetRecordCountBySqlAsync(String tableName, String where)
   at EasyFrame.SqlSugar.Repository`1.QuerySqlPageAsync[TResult](String tableName, String strWhere, String orderby, Int32 pageIndex, Int32 pageSize)
   at Offline.Sup.Domain.WHB2CHotelRepository.PageListAsync(PageQueryDto`1 pageQuery) in D:\products\Offline.Host.Sup\Offline.Sup.Domain\WHB2CHotelRepository.cs:line 84
   at Offline.Sup.Application.Expedia.WHB2CHotelService.PageListAsync(PageQueryDto`1 pageQuery) in D:\products\Offline.Host.Sup\Offline.Sup.Application\Expedia\WHB2CHotelService.cs:line 42
   at Offline.Sup.Api.Controllers.ExpediaHotelController.PageListAsync(PageQueryDto`1 pageQuery) in D:\products\Offline.Host.Sup\Offline.Sup.Api\Controllers\ExpediaHotelController.cs:line 37
   at lambda_method878(Closure , Object )
   at Microsoft.AspNetCore.Mvc.Infrastructure.ActionMethodExecutor.TaskOfActionResultExecutor.Execute(IActionResultTypeMapper mapper, ObjectMethodExecutor executor, Object controller, Object[] arguments)
   at Microsoft.AspNetCore.Mvc.Infrastructure.ControllerActionInvoker.<InvokeActionMethodAsync>g__Logged|12_1(ControllerActionInvoker invoker)
   at Microsoft.AspNetCore.Mvc.Infrastructure.ControllerActionInvoker.<InvokeNextActionFilterAsync>g__Awaited|10_0(ControllerActionInvoker invoker, Task lastTask, State next, Scope scope, Object state, Boolean isCompleted)
   at Microsoft.AspNetCore.Mvc.Infrastructure.ControllerActionInvoker.Rethrow(ActionExecutedContextSealed context)
   at Microsoft.AspNetCore.Mvc.Infrastructure.ControllerActionInvoker.Next(State& next, Scope& scope, Object& state, Boolean& isCompleted)
   at Microsoft.AspNetCore.Mvc.Infrastructure.ControllerActionInvoker.<InvokeInnerFilterAsync>g__Awaited|13_0(ControllerActionInvoker invoker, Task lastTask, State next, Scope scope, Object state, Boolean isCompleted)
   at Microsoft.AspNetCore.Mvc.Infrastructure.ResourceInvoker.<InvokeNextExceptionFilterAsync>g__Awaited|26_0(ResourceInvoker invoker, Task lastTask, State next, Scope scope, Object state, Boolean isCompleted)
ClientConnectionId:c3072a12-569f-4b4d-8038-6593b6ddbf22
Error Number:156,State:1,Class:15
2025-03-26 14:16:41,327：关键字 'SELECT' 附近有语法错误。
“T”附近有语法错误。
Microsoft.Data.SqlClient.SqlException (0x80131904): 关键字 'SELECT' 附近有语法错误。
“T”附近有语法错误。
   at Microsoft.Data.SqlClient.SqlCommand.<>c.<ExecuteDbDataReaderAsync>b__188_0(Task`1 result)
   at System.Threading.Tasks.ContinuationResultTaskFromResultTask`2.InnerInvoke()
   at System.Threading.Tasks.Task.<>c.<.cctor>b__272_0(Object obj)
   at System.Threading.ExecutionContext.RunInternal(ExecutionContext executionContext, ContextCallback callback, Object state)
--- End of stack trace from previous location ---
   at System.Threading.ExecutionContext.RunInternal(ExecutionContext executionContext, ContextCallback callback, Object state)
   at System.Threading.Tasks.Task.ExecuteWithThreadLocal(Task& currentTaskSlot, Thread threadPoolThread)
--- End of stack trace from previous location ---
   at SqlSugar.AdoProvider.GetDataReaderAsync(String sql, SugarParameter[] parameters)
   at SqlSugar.AdoProvider.SqlQueryAsync[T,T2,T3,T4,T5,T6,T7](String sql, Object parameters)
   at SqlSugar.AdoProvider.SqlQueryAsync[T](String sql, SugarParameter[] parameters)
   at SqlSugar.AdoProvider.SqlQuerySingleAsync[T](String sql, Object parameters)
   at EasyFrame.SqlSugar.Repository`1.GetRecordCountBySqlAsync(String tableName, String where)
   at EasyFrame.SqlSugar.Repository`1.QuerySqlPageAsync[TResult](String tableName, String strWhere, String orderby, Int32 pageIndex, Int32 pageSize)
   at Offline.Sup.Domain.WHB2CHotelRepository.PageListAsync(PageQueryDto`1 pageQuery) in D:\products\Offline.Host.Sup\Offline.Sup.Domain\WHB2CHotelRepository.cs:line 84
   at Offline.Sup.Application.Expedia.WHB2CHotelService.PageListAsync(PageQueryDto`1 pageQuery) in D:\products\Offline.Host.Sup\Offline.Sup.Application\Expedia\WHB2CHotelService.cs:line 42
   at Offline.Sup.Api.Controllers.ExpediaHotelController.PageListAsync(PageQueryDto`1 pageQuery) in D:\products\Offline.Host.Sup\Offline.Sup.Api\Controllers\ExpediaHotelController.cs:line 37
   at lambda_method878(Closure , Object )
   at Microsoft.AspNetCore.Mvc.Infrastructure.ActionMethodExecutor.TaskOfActionResultExecutor.Execute(IActionResultTypeMapper mapper, ObjectMethodExecutor executor, Object controller, Object[] arguments)
   at Microsoft.AspNetCore.Mvc.Infrastructure.ControllerActionInvoker.<InvokeActionMethodAsync>g__Logged|12_1(ControllerActionInvoker invoker)
   at Microsoft.AspNetCore.Mvc.Infrastructure.ControllerActionInvoker.<InvokeNextActionFilterAsync>g__Awaited|10_0(ControllerActionInvoker invoker, Task lastTask, State next, Scope scope, Object state, Boolean isCompleted)
   at Microsoft.AspNetCore.Mvc.Infrastructure.ControllerActionInvoker.Rethrow(ActionExecutedContextSealed context)
   at Microsoft.AspNetCore.Mvc.Infrastructure.ControllerActionInvoker.Next(State& next, Scope& scope, Object& state, Boolean& isCompleted)
   at Microsoft.AspNetCore.Mvc.Infrastructure.ControllerActionInvoker.<InvokeInnerFilterAsync>g__Awaited|13_0(ControllerActionInvoker invoker, Task lastTask, State next, Scope scope, Object state, Boolean isCompleted)
   at Microsoft.AspNetCore.Mvc.Infrastructure.ResourceInvoker.<InvokeNextExceptionFilterAsync>g__Awaited|26_0(ResourceInvoker invoker, Task lastTask, State next, Scope scope, Object state, Boolean isCompleted)
ClientConnectionId:74cd3324-f7a4-4291-85f7-3f28954ef3ce
Error Number:156,State:1,Class:15
2025-03-26 14:18:54,296：关键字 'SELECT' 附近有语法错误。
“T”附近有语法错误。
Microsoft.Data.SqlClient.SqlException (0x80131904): 关键字 'SELECT' 附近有语法错误。
“T”附近有语法错误。
   at Microsoft.Data.SqlClient.SqlCommand.<>c.<ExecuteDbDataReaderAsync>b__188_0(Task`1 result)
   at System.Threading.Tasks.ContinuationResultTaskFromResultTask`2.InnerInvoke()
   at System.Threading.Tasks.Task.<>c.<.cctor>b__272_0(Object obj)
   at System.Threading.ExecutionContext.RunInternal(ExecutionContext executionContext, ContextCallback callback, Object state)
--- End of stack trace from previous location ---
   at System.Threading.ExecutionContext.RunInternal(ExecutionContext executionContext, ContextCallback callback, Object state)
   at System.Threading.Tasks.Task.ExecuteWithThreadLocal(Task& currentTaskSlot, Thread threadPoolThread)
--- End of stack trace from previous location ---
   at SqlSugar.AdoProvider.GetDataReaderAsync(String sql, SugarParameter[] parameters)
   at SqlSugar.AdoProvider.SqlQueryAsync[T,T2,T3,T4,T5,T6,T7](String sql, Object parameters)
   at SqlSugar.AdoProvider.SqlQueryAsync[T](String sql, SugarParameter[] parameters)
   at SqlSugar.AdoProvider.SqlQuerySingleAsync[T](String sql, Object parameters)
   at EasyFrame.SqlSugar.Repository`1.GetRecordCountBySqlAsync(String tableName, String where)
   at EasyFrame.SqlSugar.Repository`1.QuerySqlPageAsync[TResult](String tableName, String strWhere, String orderby, Int32 pageIndex, Int32 pageSize)
   at Offline.Sup.Domain.WHB2CHotelRepository.PageListAsync(PageQueryDto`1 pageQuery) in D:\products\Offline.Host.Sup\Offline.Sup.Domain\WHB2CHotelRepository.cs:line 84
   at Offline.Sup.Application.Expedia.WHB2CHotelService.PageListAsync(PageQueryDto`1 pageQuery) in D:\products\Offline.Host.Sup\Offline.Sup.Application\Expedia\WHB2CHotelService.cs:line 42
   at Offline.Sup.Api.Controllers.ExpediaHotelController.PageListAsync(PageQueryDto`1 pageQuery) in D:\products\Offline.Host.Sup\Offline.Sup.Api\Controllers\ExpediaHotelController.cs:line 37
   at lambda_method878(Closure , Object )
   at Microsoft.AspNetCore.Mvc.Infrastructure.ActionMethodExecutor.TaskOfActionResultExecutor.Execute(IActionResultTypeMapper mapper, ObjectMethodExecutor executor, Object controller, Object[] arguments)
   at Microsoft.AspNetCore.Mvc.Infrastructure.ControllerActionInvoker.<InvokeActionMethodAsync>g__Logged|12_1(ControllerActionInvoker invoker)
   at Microsoft.AspNetCore.Mvc.Infrastructure.ControllerActionInvoker.<InvokeNextActionFilterAsync>g__Awaited|10_0(ControllerActionInvoker invoker, Task lastTask, State next, Scope scope, Object state, Boolean isCompleted)
   at Microsoft.AspNetCore.Mvc.Infrastructure.ControllerActionInvoker.Rethrow(ActionExecutedContextSealed context)
   at Microsoft.AspNetCore.Mvc.Infrastructure.ControllerActionInvoker.Next(State& next, Scope& scope, Object& state, Boolean& isCompleted)
   at Microsoft.AspNetCore.Mvc.Infrastructure.ControllerActionInvoker.<InvokeInnerFilterAsync>g__Awaited|13_0(ControllerActionInvoker invoker, Task lastTask, State next, Scope scope, Object state, Boolean isCompleted)
   at Microsoft.AspNetCore.Mvc.Infrastructure.ResourceInvoker.<InvokeNextExceptionFilterAsync>g__Awaited|26_0(ResourceInvoker invoker, Task lastTask, State next, Scope scope, Object state, Boolean isCompleted)
ClientConnectionId:0308ea09-6bc1-423d-9634-c4b06c81ac55
Error Number:156,State:1,Class:15
2025-03-26 14:20:21,793：关键字 'SELECT' 附近有语法错误。
“T”附近有语法错误。
Microsoft.Data.SqlClient.SqlException (0x80131904): 关键字 'SELECT' 附近有语法错误。
“T”附近有语法错误。
   at Microsoft.Data.SqlClient.SqlCommand.<>c.<ExecuteDbDataReaderAsync>b__188_0(Task`1 result)
   at System.Threading.Tasks.ContinuationResultTaskFromResultTask`2.InnerInvoke()
   at System.Threading.Tasks.Task.<>c.<.cctor>b__272_0(Object obj)
   at System.Threading.ExecutionContext.RunInternal(ExecutionContext executionContext, ContextCallback callback, Object state)
--- End of stack trace from previous location ---
   at System.Threading.ExecutionContext.RunInternal(ExecutionContext executionContext, ContextCallback callback, Object state)
   at System.Threading.Tasks.Task.ExecuteWithThreadLocal(Task& currentTaskSlot, Thread threadPoolThread)
--- End of stack trace from previous location ---
   at SqlSugar.AdoProvider.GetDataReaderAsync(String sql, SugarParameter[] parameters)
   at SqlSugar.AdoProvider.SqlQueryAsync[T,T2,T3,T4,T5,T6,T7](String sql, Object parameters)
   at SqlSugar.AdoProvider.SqlQueryAsync[T](String sql, SugarParameter[] parameters)
   at SqlSugar.AdoProvider.SqlQuerySingleAsync[T](String sql, Object parameters)
   at EasyFrame.SqlSugar.Repository`1.GetRecordCountBySqlAsync(String tableName, String where)
   at EasyFrame.SqlSugar.Repository`1.QuerySqlPageAsync[TResult](String tableName, String strWhere, String orderby, Int32 pageIndex, Int32 pageSize)
   at Offline.Sup.Domain.WHB2CHotelRepository.PageListAsync(PageQueryDto`1 pageQuery) in D:\products\Offline.Host.Sup\Offline.Sup.Domain\WHB2CHotelRepository.cs:line 84
   at Offline.Sup.Application.Expedia.WHB2CHotelService.PageListAsync(PageQueryDto`1 pageQuery) in D:\products\Offline.Host.Sup\Offline.Sup.Application\Expedia\WHB2CHotelService.cs:line 42
   at Offline.Sup.Api.Controllers.ExpediaHotelController.PageListAsync(PageQueryDto`1 pageQuery) in D:\products\Offline.Host.Sup\Offline.Sup.Api\Controllers\ExpediaHotelController.cs:line 37
   at lambda_method878(Closure , Object )
   at Microsoft.AspNetCore.Mvc.Infrastructure.ActionMethodExecutor.TaskOfActionResultExecutor.Execute(IActionResultTypeMapper mapper, ObjectMethodExecutor executor, Object controller, Object[] arguments)
   at Microsoft.AspNetCore.Mvc.Infrastructure.ControllerActionInvoker.<InvokeActionMethodAsync>g__Logged|12_1(ControllerActionInvoker invoker)
   at Microsoft.AspNetCore.Mvc.Infrastructure.ControllerActionInvoker.<InvokeNextActionFilterAsync>g__Awaited|10_0(ControllerActionInvoker invoker, Task lastTask, State next, Scope scope, Object state, Boolean isCompleted)
   at Microsoft.AspNetCore.Mvc.Infrastructure.ControllerActionInvoker.Rethrow(ActionExecutedContextSealed context)
   at Microsoft.AspNetCore.Mvc.Infrastructure.ControllerActionInvoker.Next(State& next, Scope& scope, Object& state, Boolean& isCompleted)
   at Microsoft.AspNetCore.Mvc.Infrastructure.ControllerActionInvoker.<InvokeInnerFilterAsync>g__Awaited|13_0(ControllerActionInvoker invoker, Task lastTask, State next, Scope scope, Object state, Boolean isCompleted)
   at Microsoft.AspNetCore.Mvc.Infrastructure.ResourceInvoker.<InvokeNextExceptionFilterAsync>g__Awaited|26_0(ResourceInvoker invoker, Task lastTask, State next, Scope scope, Object state, Boolean isCompleted)
ClientConnectionId:0308ea09-6bc1-423d-9634-c4b06c81ac55
Error Number:156,State:1,Class:15
2025-03-26 14:20:25,757：关键字 'SELECT' 附近有语法错误。
“T”附近有语法错误。
Microsoft.Data.SqlClient.SqlException (0x80131904): 关键字 'SELECT' 附近有语法错误。
“T”附近有语法错误。
   at Microsoft.Data.SqlClient.SqlCommand.<>c.<ExecuteDbDataReaderAsync>b__188_0(Task`1 result)
   at System.Threading.Tasks.ContinuationResultTaskFromResultTask`2.InnerInvoke()
   at System.Threading.Tasks.Task.<>c.<.cctor>b__272_0(Object obj)
   at System.Threading.ExecutionContext.RunInternal(ExecutionContext executionContext, ContextCallback callback, Object state)
--- End of stack trace from previous location ---
   at System.Threading.ExecutionContext.RunInternal(ExecutionContext executionContext, ContextCallback callback, Object state)
   at System.Threading.Tasks.Task.ExecuteWithThreadLocal(Task& currentTaskSlot, Thread threadPoolThread)
--- End of stack trace from previous location ---
   at SqlSugar.AdoProvider.GetDataReaderAsync(String sql, SugarParameter[] parameters)
   at SqlSugar.AdoProvider.SqlQueryAsync[T,T2,T3,T4,T5,T6,T7](String sql, Object parameters)
   at SqlSugar.AdoProvider.SqlQueryAsync[T](String sql, SugarParameter[] parameters)
   at SqlSugar.AdoProvider.SqlQuerySingleAsync[T](String sql, Object parameters)
   at EasyFrame.SqlSugar.Repository`1.GetRecordCountBySqlAsync(String tableName, String where)
   at EasyFrame.SqlSugar.Repository`1.QuerySqlPageAsync[TResult](String tableName, String strWhere, String orderby, Int32 pageIndex, Int32 pageSize)
   at Offline.Sup.Domain.WHB2CHotelRepository.PageListAsync(PageQueryDto`1 pageQuery) in D:\products\Offline.Host.Sup\Offline.Sup.Domain\WHB2CHotelRepository.cs:line 84
   at Offline.Sup.Application.Expedia.WHB2CHotelService.PageListAsync(PageQueryDto`1 pageQuery) in D:\products\Offline.Host.Sup\Offline.Sup.Application\Expedia\WHB2CHotelService.cs:line 42
   at Offline.Sup.Api.Controllers.ExpediaHotelController.PageListAsync(PageQueryDto`1 pageQuery) in D:\products\Offline.Host.Sup\Offline.Sup.Api\Controllers\ExpediaHotelController.cs:line 37
   at lambda_method878(Closure , Object )
   at Microsoft.AspNetCore.Mvc.Infrastructure.ActionMethodExecutor.TaskOfActionResultExecutor.Execute(IActionResultTypeMapper mapper, ObjectMethodExecutor executor, Object controller, Object[] arguments)
   at Microsoft.AspNetCore.Mvc.Infrastructure.ControllerActionInvoker.<InvokeActionMethodAsync>g__Logged|12_1(ControllerActionInvoker invoker)
   at Microsoft.AspNetCore.Mvc.Infrastructure.ControllerActionInvoker.<InvokeNextActionFilterAsync>g__Awaited|10_0(ControllerActionInvoker invoker, Task lastTask, State next, Scope scope, Object state, Boolean isCompleted)
   at Microsoft.AspNetCore.Mvc.Infrastructure.ControllerActionInvoker.Rethrow(ActionExecutedContextSealed context)
   at Microsoft.AspNetCore.Mvc.Infrastructure.ControllerActionInvoker.Next(State& next, Scope& scope, Object& state, Boolean& isCompleted)
   at Microsoft.AspNetCore.Mvc.Infrastructure.ControllerActionInvoker.<InvokeInnerFilterAsync>g__Awaited|13_0(ControllerActionInvoker invoker, Task lastTask, State next, Scope scope, Object state, Boolean isCompleted)
   at Microsoft.AspNetCore.Mvc.Infrastructure.ResourceInvoker.<InvokeNextExceptionFilterAsync>g__Awaited|26_0(ResourceInvoker invoker, Task lastTask, State next, Scope scope, Object state, Boolean isCompleted)
ClientConnectionId:0308ea09-6bc1-423d-9634-c4b06c81ac55
Error Number:156,State:1,Class:15
2025-03-26 14:20:49,416：关键字 'SELECT' 附近有语法错误。
“T”附近有语法错误。
Microsoft.Data.SqlClient.SqlException (0x80131904): 关键字 'SELECT' 附近有语法错误。
“T”附近有语法错误。
   at Microsoft.Data.SqlClient.SqlCommand.<>c.<ExecuteDbDataReaderAsync>b__188_0(Task`1 result)
   at System.Threading.Tasks.ContinuationResultTaskFromResultTask`2.InnerInvoke()
   at System.Threading.Tasks.Task.<>c.<.cctor>b__272_0(Object obj)
   at System.Threading.ExecutionContext.RunInternal(ExecutionContext executionContext, ContextCallback callback, Object state)
--- End of stack trace from previous location ---
   at System.Threading.ExecutionContext.RunInternal(ExecutionContext executionContext, ContextCallback callback, Object state)
   at System.Threading.Tasks.Task.ExecuteWithThreadLocal(Task& currentTaskSlot, Thread threadPoolThread)
--- End of stack trace from previous location ---
   at SqlSugar.AdoProvider.GetDataReaderAsync(String sql, SugarParameter[] parameters)
   at SqlSugar.AdoProvider.SqlQueryAsync[T,T2,T3,T4,T5,T6,T7](String sql, Object parameters)
   at SqlSugar.AdoProvider.SqlQueryAsync[T](String sql, SugarParameter[] parameters)
   at SqlSugar.AdoProvider.SqlQuerySingleAsync[T](String sql, Object parameters)
   at EasyFrame.SqlSugar.Repository`1.GetRecordCountBySqlAsync(String tableName, String where)
   at EasyFrame.SqlSugar.Repository`1.QuerySqlPageAsync[TResult](String tableName, String strWhere, String orderby, Int32 pageIndex, Int32 pageSize)
   at Offline.Sup.Domain.WHB2CHotelRepository.PageListAsync(PageQueryDto`1 pageQuery) in D:\products\Offline.Host.Sup\Offline.Sup.Domain\WHB2CHotelRepository.cs:line 84
   at Offline.Sup.Application.Expedia.WHB2CHotelService.PageListAsync(PageQueryDto`1 pageQuery) in D:\products\Offline.Host.Sup\Offline.Sup.Application\Expedia\WHB2CHotelService.cs:line 42
   at Offline.Sup.Api.Controllers.ExpediaHotelController.PageListAsync(PageQueryDto`1 pageQuery) in D:\products\Offline.Host.Sup\Offline.Sup.Api\Controllers\ExpediaHotelController.cs:line 37
   at lambda_method878(Closure , Object )
   at Microsoft.AspNetCore.Mvc.Infrastructure.ActionMethodExecutor.TaskOfActionResultExecutor.Execute(IActionResultTypeMapper mapper, ObjectMethodExecutor executor, Object controller, Object[] arguments)
   at Microsoft.AspNetCore.Mvc.Infrastructure.ControllerActionInvoker.<InvokeActionMethodAsync>g__Logged|12_1(ControllerActionInvoker invoker)
   at Microsoft.AspNetCore.Mvc.Infrastructure.ControllerActionInvoker.<InvokeNextActionFilterAsync>g__Awaited|10_0(ControllerActionInvoker invoker, Task lastTask, State next, Scope scope, Object state, Boolean isCompleted)
   at Microsoft.AspNetCore.Mvc.Infrastructure.ControllerActionInvoker.Rethrow(ActionExecutedContextSealed context)
   at Microsoft.AspNetCore.Mvc.Infrastructure.ControllerActionInvoker.Next(State& next, Scope& scope, Object& state, Boolean& isCompleted)
   at Microsoft.AspNetCore.Mvc.Infrastructure.ControllerActionInvoker.<InvokeInnerFilterAsync>g__Awaited|13_0(ControllerActionInvoker invoker, Task lastTask, State next, Scope scope, Object state, Boolean isCompleted)
   at Microsoft.AspNetCore.Mvc.Infrastructure.ResourceInvoker.<InvokeNextExceptionFilterAsync>g__Awaited|26_0(ResourceInvoker invoker, Task lastTask, State next, Scope scope, Object state, Boolean isCompleted)
ClientConnectionId:0308ea09-6bc1-423d-9634-c4b06c81ac55
Error Number:156,State:1,Class:15
2025-03-26 14:21:47,788：关键字 'SELECT' 附近有语法错误。
“T”附近有语法错误。
Microsoft.Data.SqlClient.SqlException (0x80131904): 关键字 'SELECT' 附近有语法错误。
“T”附近有语法错误。
   at Microsoft.Data.SqlClient.SqlCommand.<>c.<ExecuteDbDataReaderAsync>b__188_0(Task`1 result)
   at System.Threading.Tasks.ContinuationResultTaskFromResultTask`2.InnerInvoke()
   at System.Threading.Tasks.Task.<>c.<.cctor>b__272_0(Object obj)
   at System.Threading.ExecutionContext.RunInternal(ExecutionContext executionContext, ContextCallback callback, Object state)
--- End of stack trace from previous location ---
   at System.Threading.ExecutionContext.RunInternal(ExecutionContext executionContext, ContextCallback callback, Object state)
   at System.Threading.Tasks.Task.ExecuteWithThreadLocal(Task& currentTaskSlot, Thread threadPoolThread)
--- End of stack trace from previous location ---
   at SqlSugar.AdoProvider.GetDataReaderAsync(String sql, SugarParameter[] parameters)
   at SqlSugar.AdoProvider.SqlQueryAsync[T,T2,T3,T4,T5,T6,T7](String sql, Object parameters)
   at SqlSugar.AdoProvider.SqlQueryAsync[T](String sql, SugarParameter[] parameters)
   at SqlSugar.AdoProvider.SqlQuerySingleAsync[T](String sql, Object parameters)
   at EasyFrame.SqlSugar.Repository`1.GetRecordCountBySqlAsync(String tableName, String where)
   at EasyFrame.SqlSugar.Repository`1.QuerySqlPageAsync[TResult](String tableName, String strWhere, String orderby, Int32 pageIndex, Int32 pageSize)
   at Offline.Sup.Domain.WHB2CHotelRepository.PageListAsync(PageQueryDto`1 pageQuery) in D:\products\Offline.Host.Sup\Offline.Sup.Domain\WHB2CHotelRepository.cs:line 84
   at Offline.Sup.Application.Expedia.WHB2CHotelService.PageListAsync(PageQueryDto`1 pageQuery) in D:\products\Offline.Host.Sup\Offline.Sup.Application\Expedia\WHB2CHotelService.cs:line 42
   at Offline.Sup.Api.Controllers.ExpediaHotelController.PageListAsync(PageQueryDto`1 pageQuery) in D:\products\Offline.Host.Sup\Offline.Sup.Api\Controllers\ExpediaHotelController.cs:line 37
   at lambda_method878(Closure , Object )
   at Microsoft.AspNetCore.Mvc.Infrastructure.ActionMethodExecutor.TaskOfActionResultExecutor.Execute(IActionResultTypeMapper mapper, ObjectMethodExecutor executor, Object controller, Object[] arguments)
   at Microsoft.AspNetCore.Mvc.Infrastructure.ControllerActionInvoker.<InvokeActionMethodAsync>g__Logged|12_1(ControllerActionInvoker invoker)
   at Microsoft.AspNetCore.Mvc.Infrastructure.ControllerActionInvoker.<InvokeNextActionFilterAsync>g__Awaited|10_0(ControllerActionInvoker invoker, Task lastTask, State next, Scope scope, Object state, Boolean isCompleted)
   at Microsoft.AspNetCore.Mvc.Infrastructure.ControllerActionInvoker.Rethrow(ActionExecutedContextSealed context)
   at Microsoft.AspNetCore.Mvc.Infrastructure.ControllerActionInvoker.Next(State& next, Scope& scope, Object& state, Boolean& isCompleted)
   at Microsoft.AspNetCore.Mvc.Infrastructure.ControllerActionInvoker.<InvokeInnerFilterAsync>g__Awaited|13_0(ControllerActionInvoker invoker, Task lastTask, State next, Scope scope, Object state, Boolean isCompleted)
   at Microsoft.AspNetCore.Mvc.Infrastructure.ResourceInvoker.<InvokeNextExceptionFilterAsync>g__Awaited|26_0(ResourceInvoker invoker, Task lastTask, State next, Scope scope, Object state, Boolean isCompleted)
ClientConnectionId:0308ea09-6bc1-423d-9634-c4b06c81ac55
Error Number:156,State:1,Class:15
2025-03-26 16:33:43,898：列名 'MatchStatus' 无效。
Microsoft.Data.SqlClient.SqlException (0x80131904): 列名 'MatchStatus' 无效。
   at Microsoft.Data.SqlClient.SqlCommand.<>c.<ExecuteDbDataReaderAsync>b__188_0(Task`1 result)
   at System.Threading.Tasks.ContinuationResultTaskFromResultTask`2.InnerInvoke()
   at System.Threading.Tasks.Task.<>c.<.cctor>b__272_0(Object obj)
   at System.Threading.ExecutionContext.RunInternal(ExecutionContext executionContext, ContextCallback callback, Object state)
--- End of stack trace from previous location ---
   at System.Threading.ExecutionContext.RunInternal(ExecutionContext executionContext, ContextCallback callback, Object state)
   at System.Threading.Tasks.Task.ExecuteWithThreadLocal(Task& currentTaskSlot, Thread threadPoolThread)
--- End of stack trace from previous location ---
   at SqlSugar.AdoProvider.GetDataReaderAsync(String sql, SugarParameter[] parameters)
   at SqlSugar.AdoProvider.SqlQueryAsync[T,T2,T3,T4,T5,T6,T7](String sql, Object parameters)
   at SqlSugar.AdoProvider.SqlQueryAsync[T](String sql, SugarParameter[] parameters)
   at SqlSugar.AdoProvider.SqlQuerySingleAsync[T](String sql, Object parameters)
   at EasyFrame.SqlSugar.Repository`1.GetRecordCountBySqlAsync(String tableName, String where)
   at EasyFrame.SqlSugar.Repository`1.QuerySqlPageAsync[TResult](String tableName, String strWhere, String orderby, Int32 pageIndex, Int32 pageSize)
   at Offline.Sup.Domain.WHB2CHotelRepository.PageListAsync(PageQueryDto`1 pageQuery) in D:\products\Offline.Host.Sup\Offline.Sup.Domain\WHB2CHotelRepository.cs:line 83
   at Offline.Sup.Application.Expedia.WHB2CHotelService.PageListAsync(PageQueryDto`1 pageQuery) in D:\products\Offline.Host.Sup\Offline.Sup.Application\Expedia\WHB2CHotelService.cs:line 42
   at Offline.Sup.Api.Controllers.ExpediaHotelController.PageListAsync(PageQueryDto`1 pageQuery) in D:\products\Offline.Host.Sup\Offline.Sup.Api\Controllers\ExpediaHotelController.cs:line 37
   at lambda_method878(Closure , Object )
   at Microsoft.AspNetCore.Mvc.Infrastructure.ActionMethodExecutor.TaskOfActionResultExecutor.Execute(IActionResultTypeMapper mapper, ObjectMethodExecutor executor, Object controller, Object[] arguments)
   at Microsoft.AspNetCore.Mvc.Infrastructure.ControllerActionInvoker.<InvokeActionMethodAsync>g__Logged|12_1(ControllerActionInvoker invoker)
   at Microsoft.AspNetCore.Mvc.Infrastructure.ControllerActionInvoker.<InvokeNextActionFilterAsync>g__Awaited|10_0(ControllerActionInvoker invoker, Task lastTask, State next, Scope scope, Object state, Boolean isCompleted)
   at Microsoft.AspNetCore.Mvc.Infrastructure.ControllerActionInvoker.Rethrow(ActionExecutedContextSealed context)
   at Microsoft.AspNetCore.Mvc.Infrastructure.ControllerActionInvoker.Next(State& next, Scope& scope, Object& state, Boolean& isCompleted)
   at Microsoft.AspNetCore.Mvc.Infrastructure.ControllerActionInvoker.<InvokeInnerFilterAsync>g__Awaited|13_0(ControllerActionInvoker invoker, Task lastTask, State next, Scope scope, Object state, Boolean isCompleted)
   at Microsoft.AspNetCore.Mvc.Infrastructure.ResourceInvoker.<InvokeNextExceptionFilterAsync>g__Awaited|26_0(ResourceInvoker invoker, Task lastTask, State next, Scope scope, Object state, Boolean isCompleted)
ClientConnectionId:917e83ce-e792-4c64-a009-a30c2e1b0910
Error Number:207,State:1,Class:16
2025-03-26 16:33:44,894：列名 'MatchStatus' 无效。
Microsoft.Data.SqlClient.SqlException (0x80131904): 列名 'MatchStatus' 无效。
   at Microsoft.Data.SqlClient.SqlCommand.<>c.<ExecuteDbDataReaderAsync>b__188_0(Task`1 result)
   at System.Threading.Tasks.ContinuationResultTaskFromResultTask`2.InnerInvoke()
   at System.Threading.Tasks.Task.<>c.<.cctor>b__272_0(Object obj)
   at System.Threading.ExecutionContext.RunInternal(ExecutionContext executionContext, ContextCallback callback, Object state)
--- End of stack trace from previous location ---
   at System.Threading.ExecutionContext.RunInternal(ExecutionContext executionContext, ContextCallback callback, Object state)
   at System.Threading.Tasks.Task.ExecuteWithThreadLocal(Task& currentTaskSlot, Thread threadPoolThread)
--- End of stack trace from previous location ---
   at SqlSugar.AdoProvider.GetDataReaderAsync(String sql, SugarParameter[] parameters)
   at SqlSugar.AdoProvider.SqlQueryAsync[T,T2,T3,T4,T5,T6,T7](String sql, Object parameters)
   at SqlSugar.AdoProvider.SqlQueryAsync[T](String sql, SugarParameter[] parameters)
   at SqlSugar.AdoProvider.SqlQuerySingleAsync[T](String sql, Object parameters)
   at EasyFrame.SqlSugar.Repository`1.GetRecordCountBySqlAsync(String tableName, String where)
   at EasyFrame.SqlSugar.Repository`1.QuerySqlPageAsync[TResult](String tableName, String strWhere, String orderby, Int32 pageIndex, Int32 pageSize)
   at Offline.Sup.Domain.WHB2CHotelRepository.PageListAsync(PageQueryDto`1 pageQuery) in D:\products\Offline.Host.Sup\Offline.Sup.Domain\WHB2CHotelRepository.cs:line 83
   at Offline.Sup.Application.Expedia.WHB2CHotelService.PageListAsync(PageQueryDto`1 pageQuery) in D:\products\Offline.Host.Sup\Offline.Sup.Application\Expedia\WHB2CHotelService.cs:line 42
   at Offline.Sup.Api.Controllers.ExpediaHotelController.PageListAsync(PageQueryDto`1 pageQuery) in D:\products\Offline.Host.Sup\Offline.Sup.Api\Controllers\ExpediaHotelController.cs:line 37
   at lambda_method878(Closure , Object )
   at Microsoft.AspNetCore.Mvc.Infrastructure.ActionMethodExecutor.TaskOfActionResultExecutor.Execute(IActionResultTypeMapper mapper, ObjectMethodExecutor executor, Object controller, Object[] arguments)
   at Microsoft.AspNetCore.Mvc.Infrastructure.ControllerActionInvoker.<InvokeActionMethodAsync>g__Logged|12_1(ControllerActionInvoker invoker)
   at Microsoft.AspNetCore.Mvc.Infrastructure.ControllerActionInvoker.<InvokeNextActionFilterAsync>g__Awaited|10_0(ControllerActionInvoker invoker, Task lastTask, State next, Scope scope, Object state, Boolean isCompleted)
   at Microsoft.AspNetCore.Mvc.Infrastructure.ControllerActionInvoker.Rethrow(ActionExecutedContextSealed context)
   at Microsoft.AspNetCore.Mvc.Infrastructure.ControllerActionInvoker.Next(State& next, Scope& scope, Object& state, Boolean& isCompleted)
   at Microsoft.AspNetCore.Mvc.Infrastructure.ControllerActionInvoker.<InvokeInnerFilterAsync>g__Awaited|13_0(ControllerActionInvoker invoker, Task lastTask, State next, Scope scope, Object state, Boolean isCompleted)
   at Microsoft.AspNetCore.Mvc.Infrastructure.ResourceInvoker.<InvokeNextExceptionFilterAsync>g__Awaited|26_0(ResourceInvoker invoker, Task lastTask, State next, Scope scope, Object state, Boolean isCompleted)
ClientConnectionId:917e83ce-e792-4c64-a009-a30c2e1b0910
Error Number:207,State:1,Class:16
2025-03-26 16:33:50,664：列名 'MatchStatus' 无效。
Microsoft.Data.SqlClient.SqlException (0x80131904): 列名 'MatchStatus' 无效。
   at Microsoft.Data.SqlClient.SqlCommand.<>c.<ExecuteDbDataReaderAsync>b__188_0(Task`1 result)
   at System.Threading.Tasks.ContinuationResultTaskFromResultTask`2.InnerInvoke()
   at System.Threading.Tasks.Task.<>c.<.cctor>b__272_0(Object obj)
   at System.Threading.ExecutionContext.RunInternal(ExecutionContext executionContext, ContextCallback callback, Object state)
--- End of stack trace from previous location ---
   at System.Threading.ExecutionContext.RunInternal(ExecutionContext executionContext, ContextCallback callback, Object state)
   at System.Threading.Tasks.Task.ExecuteWithThreadLocal(Task& currentTaskSlot, Thread threadPoolThread)
--- End of stack trace from previous location ---
   at SqlSugar.AdoProvider.GetDataReaderAsync(String sql, SugarParameter[] parameters)
   at SqlSugar.AdoProvider.SqlQueryAsync[T,T2,T3,T4,T5,T6,T7](String sql, Object parameters)
   at SqlSugar.AdoProvider.SqlQueryAsync[T](String sql, SugarParameter[] parameters)
   at SqlSugar.AdoProvider.SqlQuerySingleAsync[T](String sql, Object parameters)
   at EasyFrame.SqlSugar.Repository`1.GetRecordCountBySqlAsync(String tableName, String where)
   at EasyFrame.SqlSugar.Repository`1.QuerySqlPageAsync[TResult](String tableName, String strWhere, String orderby, Int32 pageIndex, Int32 pageSize)
   at Offline.Sup.Domain.WHB2CHotelRepository.PageListAsync(PageQueryDto`1 pageQuery) in D:\products\Offline.Host.Sup\Offline.Sup.Domain\WHB2CHotelRepository.cs:line 83
   at Offline.Sup.Application.Expedia.WHB2CHotelService.PageListAsync(PageQueryDto`1 pageQuery) in D:\products\Offline.Host.Sup\Offline.Sup.Application\Expedia\WHB2CHotelService.cs:line 42
   at Offline.Sup.Api.Controllers.ExpediaHotelController.PageListAsync(PageQueryDto`1 pageQuery) in D:\products\Offline.Host.Sup\Offline.Sup.Api\Controllers\ExpediaHotelController.cs:line 37
   at lambda_method878(Closure , Object )
   at Microsoft.AspNetCore.Mvc.Infrastructure.ActionMethodExecutor.TaskOfActionResultExecutor.Execute(IActionResultTypeMapper mapper, ObjectMethodExecutor executor, Object controller, Object[] arguments)
   at Microsoft.AspNetCore.Mvc.Infrastructure.ControllerActionInvoker.<InvokeActionMethodAsync>g__Logged|12_1(ControllerActionInvoker invoker)
   at Microsoft.AspNetCore.Mvc.Infrastructure.ControllerActionInvoker.<InvokeNextActionFilterAsync>g__Awaited|10_0(ControllerActionInvoker invoker, Task lastTask, State next, Scope scope, Object state, Boolean isCompleted)
   at Microsoft.AspNetCore.Mvc.Infrastructure.ControllerActionInvoker.Rethrow(ActionExecutedContextSealed context)
   at Microsoft.AspNetCore.Mvc.Infrastructure.ControllerActionInvoker.Next(State& next, Scope& scope, Object& state, Boolean& isCompleted)
   at Microsoft.AspNetCore.Mvc.Infrastructure.ControllerActionInvoker.<InvokeInnerFilterAsync>g__Awaited|13_0(ControllerActionInvoker invoker, Task lastTask, State next, Scope scope, Object state, Boolean isCompleted)
   at Microsoft.AspNetCore.Mvc.Infrastructure.ResourceInvoker.<InvokeNextExceptionFilterAsync>g__Awaited|26_0(ResourceInvoker invoker, Task lastTask, State next, Scope scope, Object state, Boolean isCompleted)
ClientConnectionId:917e83ce-e792-4c64-a009-a30c2e1b0910
Error Number:207,State:1,Class:16
2025-03-26 17:11:56,186：字符串或二进制数据将在表“FeijuTourDB.dbo.WH_Hotels_Match”，列“MatchStatus”中被截断。截断值:“ToBeMatc”。
语句已终止。
Microsoft.Data.SqlClient.SqlException (0x80131904): 字符串或二进制数据将在表“FeijuTourDB.dbo.WH_Hotels_Match”，列“MatchStatus”中被截断。截断值:“ToBeMatc”。
语句已终止。
   at Microsoft.Data.SqlClient.SqlConnection.OnError(SqlException exception, Boolean breakConnection, Action`1 wrapCloseInAction)
   at Microsoft.Data.SqlClient.TdsParser.ThrowExceptionAndWarning(TdsParserStateObject stateObj, Boolean callerHasConnectionLock, Boolean asyncClose)
   at Microsoft.Data.SqlClient.TdsParser.TryRun(RunBehavior runBehavior, SqlCommand cmdHandler, SqlDataReader dataStream, BulkCopySimpleResultSet bulkCopyHandler, TdsParserStateObject stateObj, Boolean& dataReady)
   at Microsoft.Data.SqlClient.SqlCommand.FinishExecuteReader(SqlDataReader ds, RunBehavior runBehavior, String resetOptionsString, Boolean isInternal, Boolean forDescribeParameterEncryption, Boolean shouldCacheForAlwaysEncrypted)
   at Microsoft.Data.SqlClient.SqlCommand.CompleteAsyncExecuteReader(Boolean isInternal, Boolean forDescribeParameterEncryption)
   at Microsoft.Data.SqlClient.SqlCommand.InternalEndExecuteNonQuery(IAsyncResult asyncResult, Boolean isInternal, String endMethod)
   at Microsoft.Data.SqlClient.SqlCommand.EndExecuteNonQueryInternal(IAsyncResult asyncResult)
   at Microsoft.Data.SqlClient.SqlCommand.EndExecuteNonQueryAsync(IAsyncResult asyncResult)
   at System.Threading.Tasks.TaskFactory`1.FromAsyncCoreLogic(IAsyncResult iar, Func`2 endFunction, Action`1 endAction, Task`1 promise, Boolean requiresSynchronization)
--- End of stack trace from previous location ---
   at SqlSugar.AdoProvider.ExecuteCommandAsync(String sql, SugarParameter[] parameters)
   at SqlSugar.UpdateableProvider`1.ExecuteCommandAsync()
   at Offline.Sup.Domain.WHB2CHotelMatchRepository.UnMatch(Int64 id, Int64 matchUserId, String matchUserName) in D:\products\Offline.Host.Sup\Offline.Sup.Domain\WHB2CHotelMatchRepository.cs:line 68
   at Offline.Sup.Application.Expedia.WHB2CHotelMatchService.UnMatch(Int64 id) in D:\products\Offline.Host.Sup\Offline.Sup.Application\Expedia\WHB2CHotelMatchService.cs:line 94
   at Offline.Sup.Api.Controllers.ExpediaHotelController.Match(Int64 id, String matchValue) in D:\products\Offline.Host.Sup\Offline.Sup.Api\Controllers\ExpediaHotelController.cs:line 67
   at lambda_method920(Closure , Object )
   at Microsoft.AspNetCore.Mvc.Infrastructure.ActionMethodExecutor.AwaitableObjectResultExecutor.Execute(IActionResultTypeMapper mapper, ObjectMethodExecutor executor, Object controller, Object[] arguments)
   at Microsoft.AspNetCore.Mvc.Infrastructure.ControllerActionInvoker.<InvokeActionMethodAsync>g__Logged|12_1(ControllerActionInvoker invoker)
   at Microsoft.AspNetCore.Mvc.Infrastructure.ControllerActionInvoker.<InvokeNextActionFilterAsync>g__Awaited|10_0(ControllerActionInvoker invoker, Task lastTask, State next, Scope scope, Object state, Boolean isCompleted)
   at Microsoft.AspNetCore.Mvc.Infrastructure.ControllerActionInvoker.Rethrow(ActionExecutedContextSealed context)
   at Microsoft.AspNetCore.Mvc.Infrastructure.ControllerActionInvoker.Next(State& next, Scope& scope, Object& state, Boolean& isCompleted)
   at Microsoft.AspNetCore.Mvc.Infrastructure.ControllerActionInvoker.<InvokeInnerFilterAsync>g__Awaited|13_0(ControllerActionInvoker invoker, Task lastTask, State next, Scope scope, Object state, Boolean isCompleted)
   at Microsoft.AspNetCore.Mvc.Infrastructure.ResourceInvoker.<InvokeNextExceptionFilterAsync>g__Awaited|26_0(ResourceInvoker invoker, Task lastTask, State next, Scope scope, Object state, Boolean isCompleted)
ClientConnectionId:4d2db7aa-f7c9-49fb-aa94-9c28eece6837
Error Number:2628,State:1,Class:16
2025-03-26 17:13:01,048：字符串或二进制数据将在表“FeijuTourDB.dbo.WH_Hotels_Match”，列“MatchStatus”中被截断。截断值:“ToBeMatc”。
语句已终止。
Microsoft.Data.SqlClient.SqlException (0x80131904): 字符串或二进制数据将在表“FeijuTourDB.dbo.WH_Hotels_Match”，列“MatchStatus”中被截断。截断值:“ToBeMatc”。
语句已终止。
   at Microsoft.Data.SqlClient.SqlConnection.OnError(SqlException exception, Boolean breakConnection, Action`1 wrapCloseInAction)
   at Microsoft.Data.SqlClient.TdsParser.ThrowExceptionAndWarning(TdsParserStateObject stateObj, Boolean callerHasConnectionLock, Boolean asyncClose)
   at Microsoft.Data.SqlClient.TdsParser.TryRun(RunBehavior runBehavior, SqlCommand cmdHandler, SqlDataReader dataStream, BulkCopySimpleResultSet bulkCopyHandler, TdsParserStateObject stateObj, Boolean& dataReady)
   at Microsoft.Data.SqlClient.SqlCommand.FinishExecuteReader(SqlDataReader ds, RunBehavior runBehavior, String resetOptionsString, Boolean isInternal, Boolean forDescribeParameterEncryption, Boolean shouldCacheForAlwaysEncrypted)
   at Microsoft.Data.SqlClient.SqlCommand.CompleteAsyncExecuteReader(Boolean isInternal, Boolean forDescribeParameterEncryption)
   at Microsoft.Data.SqlClient.SqlCommand.InternalEndExecuteNonQuery(IAsyncResult asyncResult, Boolean isInternal, String endMethod)
   at Microsoft.Data.SqlClient.SqlCommand.EndExecuteNonQueryInternal(IAsyncResult asyncResult)
   at Microsoft.Data.SqlClient.SqlCommand.EndExecuteNonQueryAsync(IAsyncResult asyncResult)
   at System.Threading.Tasks.TaskFactory`1.FromAsyncCoreLogic(IAsyncResult iar, Func`2 endFunction, Action`1 endAction, Task`1 promise, Boolean requiresSynchronization)
--- End of stack trace from previous location ---
   at SqlSugar.AdoProvider.ExecuteCommandAsync(String sql, SugarParameter[] parameters)
   at SqlSugar.UpdateableProvider`1.ExecuteCommandAsync()
   at Offline.Sup.Domain.WHB2CHotelMatchRepository.UnMatch(Int64 id, Int64 matchUserId, String matchUserName) in D:\products\Offline.Host.Sup\Offline.Sup.Domain\WHB2CHotelMatchRepository.cs:line 68
   at Offline.Sup.Application.Expedia.WHB2CHotelMatchService.UnMatch(Int64 id) in D:\products\Offline.Host.Sup\Offline.Sup.Application\Expedia\WHB2CHotelMatchService.cs:line 94
   at Offline.Sup.Api.Controllers.ExpediaHotelController.Match(Int64 id, String matchValue) in D:\products\Offline.Host.Sup\Offline.Sup.Api\Controllers\ExpediaHotelController.cs:line 67
   at lambda_method920(Closure , Object )
   at Microsoft.AspNetCore.Mvc.Infrastructure.ActionMethodExecutor.AwaitableObjectResultExecutor.Execute(IActionResultTypeMapper mapper, ObjectMethodExecutor executor, Object controller, Object[] arguments)
   at Microsoft.AspNetCore.Mvc.Infrastructure.ControllerActionInvoker.<InvokeActionMethodAsync>g__Logged|12_1(ControllerActionInvoker invoker)
   at Microsoft.AspNetCore.Mvc.Infrastructure.ControllerActionInvoker.<InvokeNextActionFilterAsync>g__Awaited|10_0(ControllerActionInvoker invoker, Task lastTask, State next, Scope scope, Object state, Boolean isCompleted)
   at Microsoft.AspNetCore.Mvc.Infrastructure.ControllerActionInvoker.Rethrow(ActionExecutedContextSealed context)
   at Microsoft.AspNetCore.Mvc.Infrastructure.ControllerActionInvoker.Next(State& next, Scope& scope, Object& state, Boolean& isCompleted)
   at Microsoft.AspNetCore.Mvc.Infrastructure.ControllerActionInvoker.<InvokeInnerFilterAsync>g__Awaited|13_0(ControllerActionInvoker invoker, Task lastTask, State next, Scope scope, Object state, Boolean isCompleted)
   at Microsoft.AspNetCore.Mvc.Infrastructure.ResourceInvoker.<InvokeNextExceptionFilterAsync>g__Awaited|26_0(ResourceInvoker invoker, Task lastTask, State next, Scope scope, Object state, Boolean isCompleted)
ClientConnectionId:4d2db7aa-f7c9-49fb-aa94-9c28eece6837
Error Number:2628,State:1,Class:16
