2025-05-08 17:19:18,059：Missing type map configuration or unsupported mapping.

Mapping types:
SpiderHotelModel -> SupSpiderHotelEntity
Offline.Sup.Dtos.Spider.SpiderHotelModel -> Offline.Sup.Domain.Shared.Entities.SupSpiderHotelEntity
AutoMapper.AutoMapperMappingException: Missing type map configuration or unsupported mapping.

Mapping types:
SpiderHotelModel -> SupSpiderHotelEntity
Offline.Sup.Dtos.Spider.SpiderHotelModel -> Offline.Sup.Domain.Shared.Entities.SupSpiderHotelEntity
   at lambda_method966(Closure , Object , SupSpiderHotelEntity , ResolutionContext )
   at Offline.Sup.Application.Spider.SupSpiderHotelService.SaveSpiderHotelAsync(SpiderHotelModel model) in D:\products\Offline.Host.Sup\Offline.Sup.Application\Spider\SupSpiderHotelService.cs:line 99
   at Offline.Sup.Api.Controllers.SupSpiderHotelController.SaveSpiderHotelAsync(SpiderHotelModel model) in D:\products\Offline.Host.Sup\Offline.Sup.Api\Controllers\SupSpiderHotelController.cs:line 34
   at lambda_method954(Closure , Object )
   at Microsoft.AspNetCore.Mvc.Infrastructure.ActionMethodExecutor.TaskOfActionResultExecutor.Execute(IActionResultTypeMapper mapper, ObjectMethodExecutor executor, Object controller, Object[] arguments)
   at Microsoft.AspNetCore.Mvc.Infrastructure.ControllerActionInvoker.<InvokeActionMethodAsync>g__Logged|12_1(ControllerActionInvoker invoker)
   at Microsoft.AspNetCore.Mvc.Infrastructure.ControllerActionInvoker.<InvokeNextActionFilterAsync>g__Awaited|10_0(ControllerActionInvoker invoker, Task lastTask, State next, Scope scope, Object state, Boolean isCompleted)
   at Microsoft.AspNetCore.Mvc.Infrastructure.ControllerActionInvoker.Rethrow(ActionExecutedContextSealed context)
   at Microsoft.AspNetCore.Mvc.Infrastructure.ControllerActionInvoker.Next(State& next, Scope& scope, Object& state, Boolean& isCompleted)
   at Microsoft.AspNetCore.Mvc.Infrastructure.ControllerActionInvoker.<InvokeInnerFilterAsync>g__Awaited|13_0(ControllerActionInvoker invoker, Task lastTask, State next, Scope scope, Object state, Boolean isCompleted)
   at Microsoft.AspNetCore.Mvc.Infrastructure.ResourceInvoker.<InvokeNextExceptionFilterAsync>g__Awaited|26_0(ResourceInvoker invoker, Task lastTask, State next, Scope scope, Object state, Boolean isCompleted)
2025-05-08 17:20:17,421：Missing type map configuration or unsupported mapping.

Mapping types:
SpiderHotelModel -> SupSpiderHotelEntity
Offline.Sup.Dtos.Spider.SpiderHotelModel -> Offline.Sup.Domain.Shared.Entities.SupSpiderHotelEntity
AutoMapper.AutoMapperMappingException: Missing type map configuration or unsupported mapping.

Mapping types:
SpiderHotelModel -> SupSpiderHotelEntity
Offline.Sup.Dtos.Spider.SpiderHotelModel -> Offline.Sup.Domain.Shared.Entities.SupSpiderHotelEntity
   at lambda_method916(Closure , Object , SupSpiderHotelEntity , ResolutionContext )
   at Offline.Sup.Application.Spider.SupSpiderHotelService.SaveSpiderHotelAsync(SpiderHotelModel model) in D:\products\Offline.Host.Sup\Offline.Sup.Application\Spider\SupSpiderHotelService.cs:line 99
   at Offline.Sup.Api.Controllers.SupSpiderHotelController.SaveSpiderHotelAsync(SpiderHotelModel model) in D:\products\Offline.Host.Sup\Offline.Sup.Api\Controllers\SupSpiderHotelController.cs:line 34
   at lambda_method892(Closure , Object )
   at Microsoft.AspNetCore.Mvc.Infrastructure.ActionMethodExecutor.TaskOfActionResultExecutor.Execute(IActionResultTypeMapper mapper, ObjectMethodExecutor executor, Object controller, Object[] arguments)
   at Microsoft.AspNetCore.Mvc.Infrastructure.ControllerActionInvoker.<InvokeActionMethodAsync>g__Logged|12_1(ControllerActionInvoker invoker)
   at Microsoft.AspNetCore.Mvc.Infrastructure.ControllerActionInvoker.<InvokeNextActionFilterAsync>g__Awaited|10_0(ControllerActionInvoker invoker, Task lastTask, State next, Scope scope, Object state, Boolean isCompleted)
   at Microsoft.AspNetCore.Mvc.Infrastructure.ControllerActionInvoker.Rethrow(ActionExecutedContextSealed context)
   at Microsoft.AspNetCore.Mvc.Infrastructure.ControllerActionInvoker.Next(State& next, Scope& scope, Object& state, Boolean& isCompleted)
   at Microsoft.AspNetCore.Mvc.Infrastructure.ControllerActionInvoker.<InvokeInnerFilterAsync>g__Awaited|13_0(ControllerActionInvoker invoker, Task lastTask, State next, Scope scope, Object state, Boolean isCompleted)
   at Microsoft.AspNetCore.Mvc.Infrastructure.ResourceInvoker.<InvokeNextExceptionFilterAsync>g__Awaited|26_0(ResourceInvoker invoker, Task lastTask, State next, Scope scope, Object state, Boolean isCompleted)
2025-05-08 17:20:25,099：Missing type map configuration or unsupported mapping.

Mapping types:
SpiderHotelModel -> SupSpiderHotelEntity
Offline.Sup.Dtos.Spider.SpiderHotelModel -> Offline.Sup.Domain.Shared.Entities.SupSpiderHotelEntity
AutoMapper.AutoMapperMappingException: Missing type map configuration or unsupported mapping.

Mapping types:
SpiderHotelModel -> SupSpiderHotelEntity
Offline.Sup.Dtos.Spider.SpiderHotelModel -> Offline.Sup.Domain.Shared.Entities.SupSpiderHotelEntity
   at lambda_method916(Closure , Object , SupSpiderHotelEntity , ResolutionContext )
   at Offline.Sup.Application.Spider.SupSpiderHotelService.SaveSpiderHotelAsync(SpiderHotelModel model) in D:\products\Offline.Host.Sup\Offline.Sup.Application\Spider\SupSpiderHotelService.cs:line 99
   at Offline.Sup.Api.Controllers.SupSpiderHotelController.SaveSpiderHotelAsync(SpiderHotelModel model) in D:\products\Offline.Host.Sup\Offline.Sup.Api\Controllers\SupSpiderHotelController.cs:line 34
   at lambda_method892(Closure , Object )
   at Microsoft.AspNetCore.Mvc.Infrastructure.ActionMethodExecutor.TaskOfActionResultExecutor.Execute(IActionResultTypeMapper mapper, ObjectMethodExecutor executor, Object controller, Object[] arguments)
   at Microsoft.AspNetCore.Mvc.Infrastructure.ControllerActionInvoker.<InvokeActionMethodAsync>g__Logged|12_1(ControllerActionInvoker invoker)
   at Microsoft.AspNetCore.Mvc.Infrastructure.ControllerActionInvoker.<InvokeNextActionFilterAsync>g__Awaited|10_0(ControllerActionInvoker invoker, Task lastTask, State next, Scope scope, Object state, Boolean isCompleted)
   at Microsoft.AspNetCore.Mvc.Infrastructure.ControllerActionInvoker.Rethrow(ActionExecutedContextSealed context)
   at Microsoft.AspNetCore.Mvc.Infrastructure.ControllerActionInvoker.Next(State& next, Scope& scope, Object& state, Boolean& isCompleted)
   at Microsoft.AspNetCore.Mvc.Infrastructure.ControllerActionInvoker.<InvokeInnerFilterAsync>g__Awaited|13_0(ControllerActionInvoker invoker, Task lastTask, State next, Scope scope, Object state, Boolean isCompleted)
   at Microsoft.AspNetCore.Mvc.Infrastructure.ResourceInvoker.<InvokeNextExceptionFilterAsync>g__Awaited|26_0(ResourceInvoker invoker, Task lastTask, State next, Scope scope, Object state, Boolean isCompleted)
