2025-02-18 09:25:23,828：Now listening on: http://localhost:5700
2025-02-18 09:25:23,916：Application started. Press Ctrl+C to shut down.
2025-02-18 09:25:23,919：Hosting environment: Development
2025-02-18 09:25:23,921：Content root path: D:\products\Offline.Host.Sup\Offline.Sup.Api
2025-02-18 09:31:25,383：Now listening on: http://localhost:5700
2025-02-18 09:31:25,461：Application started. Press Ctrl+C to shut down.
2025-02-18 09:31:25,465：Hosting environment: Development
2025-02-18 09:31:25,468：Content root path: D:\products\Offline.Host.Sup\Offline.Sup.Api
2025-02-18 09:41:02,958：Now listening on: http://localhost:5700
2025-02-18 09:41:03,053：Application started. Press Ctrl+C to shut down.
2025-02-18 09:41:03,057：Hosting environment: Development
2025-02-18 09:41:03,059：Content root path: D:\products\Offline.Host.Sup\Offline.Sup.Api
2025-02-18 10:03:31,020：Now listening on: http://localhost:5700
2025-02-18 10:03:31,102：Application started. Press Ctrl+C to shut down.
2025-02-18 10:03:31,106：Hosting environment: Development
2025-02-18 10:03:31,109：Content root path: D:\products\Offline.Host.Sup\Offline.Sup.Api
2025-02-18 10:17:39,386：AuthenticationScheme: Bearer was challenged.
2025-02-18 10:22:38,874：Now listening on: http://localhost:5700
2025-02-18 10:22:38,954：Application started. Press Ctrl+C to shut down.
2025-02-18 10:22:38,957：Hosting environment: Development
2025-02-18 10:22:38,960：Content root path: D:\products\Offline.Host.Sup\Offline.Sup.Api
2025-02-18 10:26:55,152：Now listening on: http://localhost:5700
2025-02-18 10:26:55,234：Application started. Press Ctrl+C to shut down.
2025-02-18 10:26:55,238：Hosting environment: Development
2025-02-18 10:26:55,241：Content root path: D:\products\Offline.Host.Sup\Offline.Sup.Api
2025-02-18 10:30:40,861：Now listening on: http://localhost:5700
2025-02-18 10:30:40,954：Application started. Press Ctrl+C to shut down.
2025-02-18 10:30:40,958：Hosting environment: Development
2025-02-18 10:30:40,961：Content root path: D:\products\Offline.Host.Sup\Offline.Sup.Api
2025-02-18 10:33:12,648：Now listening on: http://localhost:5700
2025-02-18 10:33:12,732：Application started. Press Ctrl+C to shut down.
2025-02-18 10:33:12,735：Hosting environment: Development
2025-02-18 10:33:12,737：Content root path: D:\products\Offline.Host.Sup\Offline.Sup.Api
2025-02-18 10:36:37,754：Now listening on: http://localhost:5700
2025-02-18 10:36:37,841：Application started. Press Ctrl+C to shut down.
2025-02-18 10:36:37,845：Hosting environment: Development
2025-02-18 10:36:37,848：Content root path: D:\products\Offline.Host.Sup\Offline.Sup.Api
2025-02-18 12:02:24,326：Now listening on: http://localhost:5700
2025-02-18 12:02:24,450：Application started. Press Ctrl+C to shut down.
2025-02-18 12:02:24,454：Hosting environment: Development
2025-02-18 12:02:24,457：Content root path: D:\products\Offline.Host.Sup\Offline.Sup.Api
2025-02-18 13:57:12,542：Now listening on: http://localhost:5700
2025-02-18 13:57:12,640：Application started. Press Ctrl+C to shut down.
2025-02-18 13:57:12,644：Hosting environment: Development
2025-02-18 13:57:12,647：Content root path: D:\products\Offline.Host.Sup\Offline.Sup.Api
2025-02-18 14:28:19,537：Now listening on: http://localhost:5700
2025-02-18 14:28:19,621：Application started. Press Ctrl+C to shut down.
2025-02-18 14:28:19,625：Hosting environment: Development
2025-02-18 14:28:19,629：Content root path: D:\products\Offline.Host.Sup\Offline.Sup.Api
2025-02-18 15:12:18,686：Now listening on: http://localhost:5700
2025-02-18 15:12:18,813：Application started. Press Ctrl+C to shut down.
2025-02-18 15:12:18,817：Hosting environment: Development
2025-02-18 15:12:18,820：Content root path: D:\products\Offline.Host.Sup\Offline.Sup.Api
2025-02-18 15:23:06,110：Now listening on: http://localhost:5700
2025-02-18 15:23:06,203：Application started. Press Ctrl+C to shut down.
2025-02-18 15:23:06,207：Hosting environment: Development
2025-02-18 15:23:06,209：Content root path: D:\products\Offline.Host.Sup\Offline.Sup.Api
2025-02-18 15:31:05,938：Now listening on: http://localhost:5700
2025-02-18 15:31:06,057：Application started. Press Ctrl+C to shut down.
2025-02-18 15:31:06,062：Hosting environment: Development
2025-02-18 15:31:06,064：Content root path: D:\products\Offline.Host.Sup\Offline.Sup.Api
2025-02-18 15:46:57,088：Now listening on: http://localhost:5700
2025-02-18 15:46:57,171：Application started. Press Ctrl+C to shut down.
2025-02-18 15:46:57,175：Hosting environment: Development
2025-02-18 15:46:57,178：Content root path: D:\products\Offline.Host.Sup\Offline.Sup.Api
2025-02-18 15:49:22,189：Now listening on: http://localhost:5700
2025-02-18 15:49:22,271：Application started. Press Ctrl+C to shut down.
2025-02-18 15:49:22,275：Hosting environment: Development
2025-02-18 15:49:22,277：Content root path: D:\products\Offline.Host.Sup\Offline.Sup.Api
2025-02-18 15:52:40,029：Now listening on: http://localhost:5700
2025-02-18 15:52:40,106：Application started. Press Ctrl+C to shut down.
2025-02-18 15:52:40,111：Hosting environment: Development
2025-02-18 15:52:40,113：Content root path: D:\products\Offline.Host.Sup\Offline.Sup.Api
2025-02-18 15:56:46,691：Now listening on: http://localhost:5700
2025-02-18 15:56:46,771：Application started. Press Ctrl+C to shut down.
2025-02-18 15:56:46,775：Hosting environment: Development
2025-02-18 15:56:46,777：Content root path: D:\products\Offline.Host.Sup\Offline.Sup.Api
2025-02-18 16:00:10,275：Now listening on: http://localhost:5700
2025-02-18 16:00:10,358：Application started. Press Ctrl+C to shut down.
2025-02-18 16:00:10,362：Hosting environment: Development
2025-02-18 16:00:10,364：Content root path: D:\products\Offline.Host.Sup\Offline.Sup.Api
2025-02-18 16:08:21,296：Now listening on: http://localhost:5700
2025-02-18 16:08:21,377：Application started. Press Ctrl+C to shut down.
2025-02-18 16:08:21,381：Hosting environment: Development
2025-02-18 16:08:21,384：Content root path: D:\products\Offline.Host.Sup\Offline.Sup.Api
2025-02-18 16:12:00,151：Now listening on: http://localhost:5700
2025-02-18 16:12:00,239：Application started. Press Ctrl+C to shut down.
2025-02-18 16:12:00,244：Hosting environment: Development
2025-02-18 16:12:00,246：Content root path: D:\products\Offline.Host.Sup\Offline.Sup.Api
2025-02-18 18:09:34,378：Now listening on: http://localhost:5700
2025-02-18 18:09:34,459：Application started. Press Ctrl+C to shut down.
2025-02-18 18:09:34,463：Hosting environment: Development
2025-02-18 18:09:34,465：Content root path: D:\products\Offline.Host.Sup\Offline.Sup.Api
2025-02-18 18:10:42,916：Now listening on: http://localhost:5700
2025-02-18 18:10:42,998：Application started. Press Ctrl+C to shut down.
2025-02-18 18:10:43,001：Hosting environment: Development
2025-02-18 18:10:43,004：Content root path: D:\products\Offline.Host.Sup\Offline.Sup.Api
2025-02-18 18:12:03,244：Now listening on: http://localhost:5700
2025-02-18 18:12:03,322：Application started. Press Ctrl+C to shut down.
2025-02-18 18:12:03,325：Hosting environment: Development
2025-02-18 18:12:03,328：Content root path: D:\products\Offline.Host.Sup\Offline.Sup.Api
2025-02-18 18:12:40,172：Now listening on: http://localhost:5700
2025-02-18 18:12:40,251：Application started. Press Ctrl+C to shut down.
2025-02-18 18:12:40,254：Hosting environment: Development
2025-02-18 18:12:40,257：Content root path: D:\products\Offline.Host.Sup\Offline.Sup.Api
2025-02-18 18:15:39,937：Now listening on: http://localhost:5700
2025-02-18 18:15:40,016：Application started. Press Ctrl+C to shut down.
2025-02-18 18:15:40,020：Hosting environment: Development
2025-02-18 18:15:40,023：Content root path: D:\products\Offline.Host.Sup\Offline.Sup.Api
2025-02-18 18:15:59,553：Now listening on: http://localhost:5700
2025-02-18 18:15:59,632：Application started. Press Ctrl+C to shut down.
2025-02-18 18:15:59,636：Hosting environment: Development
2025-02-18 18:15:59,638：Content root path: D:\products\Offline.Host.Sup\Offline.Sup.Api
2025-02-18 18:17:38,454：Now listening on: http://localhost:5700
2025-02-18 18:17:38,539：Application started. Press Ctrl+C to shut down.
2025-02-18 18:17:38,543：Hosting environment: Development
2025-02-18 18:17:38,545：Content root path: D:\products\Offline.Host.Sup\Offline.Sup.Api
2025-02-18 18:18:16,419：Now listening on: http://localhost:5700
2025-02-18 18:18:16,498：Application started. Press Ctrl+C to shut down.
2025-02-18 18:18:16,501：Hosting environment: Development
2025-02-18 18:18:16,504：Content root path: D:\products\Offline.Host.Sup\Offline.Sup.Api
2025-02-18 18:23:20,672：Now listening on: http://localhost:5700
2025-02-18 18:23:20,753：Application started. Press Ctrl+C to shut down.
2025-02-18 18:23:20,757：Hosting environment: Development
2025-02-18 18:23:20,759：Content root path: D:\products\Offline.Host.Sup\Offline.Sup.Api
2025-02-18 18:24:17,278：Now listening on: http://localhost:5700
2025-02-18 18:24:17,364：Application started. Press Ctrl+C to shut down.
2025-02-18 18:24:17,368：Hosting environment: Development
2025-02-18 18:24:17,371：Content root path: D:\products\Offline.Host.Sup\Offline.Sup.Api
2025-02-18 18:25:36,233：Now listening on: http://localhost:5700
2025-02-18 18:25:36,315：Application started. Press Ctrl+C to shut down.
2025-02-18 18:25:36,319：Hosting environment: Development
2025-02-18 18:25:36,322：Content root path: D:\products\Offline.Host.Sup\Offline.Sup.Api
2025-02-18 18:29:45,141：Now listening on: http://localhost:5700
2025-02-18 18:29:45,263：Application started. Press Ctrl+C to shut down.
2025-02-18 18:29:45,270：Hosting environment: Development
2025-02-18 18:29:45,274：Content root path: D:\products\Offline.Host.Sup\Offline.Sup.Api
2025-02-18 18:31:17,923：Now listening on: http://localhost:5700
2025-02-18 18:31:18,003：Application started. Press Ctrl+C to shut down.
2025-02-18 18:31:18,008：Hosting environment: Development
2025-02-18 18:31:18,010：Content root path: D:\products\Offline.Host.Sup\Offline.Sup.Api
2025-02-18 18:33:17,865：Now listening on: http://localhost:5700
2025-02-18 18:33:17,974：Application started. Press Ctrl+C to shut down.
2025-02-18 18:33:17,981：Hosting environment: Development
2025-02-18 18:33:17,984：Content root path: D:\products\Offline.Host.Sup\Offline.Sup.Api
2025-02-18 18:37:47,671：Now listening on: http://localhost:5700
2025-02-18 18:37:47,756：Application started. Press Ctrl+C to shut down.
2025-02-18 18:37:47,760：Hosting environment: Development
2025-02-18 18:37:47,762：Content root path: D:\products\Offline.Host.Sup\Offline.Sup.Api
2025-02-18 18:51:45,478：Now listening on: http://localhost:5700
2025-02-18 18:51:45,558：Application started. Press Ctrl+C to shut down.
2025-02-18 18:51:45,562：Hosting environment: Development
2025-02-18 18:51:45,564：Content root path: D:\products\Offline.Host.Sup\Offline.Sup.Api
2025-02-18 19:19:24,361：Now listening on: http://localhost:5700
2025-02-18 19:19:24,455：Application started. Press Ctrl+C to shut down.
2025-02-18 19:19:24,460：Hosting environment: Development
2025-02-18 19:19:24,462：Content root path: D:\products\Offline.Host.Sup\Offline.Sup.Api
