2025-06-25 09:30:00,436：Now listening on: http://localhost:5700
2025-06-25 09:30:00,525：Application started. Press Ctrl+C to shut down.
2025-06-25 09:30:00,529：Hosting environment: Development
2025-06-25 09:30:00,532：Content root path: D:\products\Offline.Host.Sup\Offline.Sup.Api
2025-06-25 09:30:11,895：Bearer was not authenticated. Failure message: 401 Unauthorized
2025-06-25 09:30:11,913：AuthenticationScheme: Bearer was challenged.
2025-06-25 09:30:51,597：Now listening on: http://localhost:5700
2025-06-25 09:30:51,689：Application started. Press Ctrl+C to shut down.
2025-06-25 09:30:51,693：Hosting environment: Development
2025-06-25 09:30:51,696：Content root path: D:\products\Offline.Host.Sup\Offline.Sup.Api
2025-06-25 09:32:21,322：Bearer was not authenticated. Failure message: 401 Unauthorized
2025-06-25 09:47:13,288：Now listening on: http://localhost:5700
2025-06-25 09:47:13,378：Application started. Press Ctrl+C to shut down.
2025-06-25 09:47:13,383：Hosting environment: Development
2025-06-25 09:47:13,385：Content root path: D:\products\Offline.Host.Sup\Offline.Sup.Api
2025-06-25 09:47:22,414：Bearer was not authenticated. Failure message: 401 Unauthorized
2025-06-25 09:55:35,291：Now listening on: http://localhost:5700
2025-06-25 09:55:35,379：Application started. Press Ctrl+C to shut down.
2025-06-25 09:55:35,382：Hosting environment: Development
2025-06-25 09:55:35,385：Content root path: D:\products\Offline.Host.Sup\Offline.Sup.Api
2025-06-25 09:55:44,504：Bearer was not authenticated. Failure message: 401 Unauthorized
2025-06-25 09:55:44,521：AuthenticationScheme: Bearer was challenged.
2025-06-25 09:57:38,914：Now listening on: http://localhost:5700
2025-06-25 09:57:39,001：Application started. Press Ctrl+C to shut down.
2025-06-25 09:57:39,005：Hosting environment: Development
2025-06-25 09:57:39,008：Content root path: D:\products\Offline.Host.Sup\Offline.Sup.Api
2025-06-25 10:01:28,493：Now listening on: http://localhost:5700
2025-06-25 10:01:28,578：Application started. Press Ctrl+C to shut down.
2025-06-25 10:01:28,583：Hosting environment: Development
2025-06-25 10:01:28,585：Content root path: D:\products\Offline.Host.Sup\Offline.Sup.Api
2025-06-25 10:16:06,376：Now listening on: http://localhost:5700
2025-06-25 10:16:06,461：Application started. Press Ctrl+C to shut down.
2025-06-25 10:16:06,465：Hosting environment: Development
2025-06-25 10:16:06,467：Content root path: D:\products\Offline.Host.Sup\Offline.Sup.Api
2025-06-25 10:16:35,428：Now listening on: http://localhost:5700
2025-06-25 10:16:35,513：Application started. Press Ctrl+C to shut down.
2025-06-25 10:16:35,517：Hosting environment: Development
2025-06-25 10:16:35,520：Content root path: D:\products\Offline.Host.Sup\Offline.Sup.Api
2025-06-25 10:17:03,378：Now listening on: http://localhost:5700
2025-06-25 10:17:03,463：Application started. Press Ctrl+C to shut down.
2025-06-25 10:17:03,468：Hosting environment: Development
2025-06-25 10:17:03,470：Content root path: D:\products\Offline.Host.Sup\Offline.Sup.Api
2025-06-25 10:18:04,929：Now listening on: http://localhost:5700
2025-06-25 10:18:05,012：Application started. Press Ctrl+C to shut down.
2025-06-25 10:18:05,016：Hosting environment: Development
2025-06-25 10:18:05,019：Content root path: D:\products\Offline.Host.Sup\Offline.Sup.Api
2025-06-25 10:19:41,668：Now listening on: http://localhost:5700
2025-06-25 10:19:41,752：Application started. Press Ctrl+C to shut down.
2025-06-25 10:19:41,756：Hosting environment: Development
2025-06-25 10:19:41,758：Content root path: D:\products\Offline.Host.Sup\Offline.Sup.Api
2025-06-25 10:21:08,356：Now listening on: http://localhost:5700
2025-06-25 10:21:08,478：Application started. Press Ctrl+C to shut down.
2025-06-25 10:21:08,483：Hosting environment: Development
2025-06-25 10:21:08,485：Content root path: D:\products\Offline.Host.Sup\Offline.Sup.Api
2025-06-25 10:24:07,765：Now listening on: http://localhost:5700
2025-06-25 10:24:07,849：Application started. Press Ctrl+C to shut down.
2025-06-25 10:24:07,853：Hosting environment: Development
2025-06-25 10:24:07,857：Content root path: D:\products\Offline.Host.Sup\Offline.Sup.Api
2025-06-25 10:28:24,339：Now listening on: http://localhost:5700
2025-06-25 10:28:24,438：Application started. Press Ctrl+C to shut down.
2025-06-25 10:28:24,442：Hosting environment: Development
2025-06-25 10:28:24,445：Content root path: D:\products\Offline.Host.Sup\Offline.Sup.Api
2025-06-25 10:41:55,657：Now listening on: http://localhost:5700
2025-06-25 10:41:55,745：Application started. Press Ctrl+C to shut down.
2025-06-25 10:41:55,749：Hosting environment: Development
2025-06-25 10:41:55,751：Content root path: D:\products\Offline.Host.Sup\Offline.Sup.Api
