2025-02-19 09:24:27,652：Now listening on: http://localhost:5700
2025-02-19 09:24:27,739：Application started. Press Ctrl+C to shut down.
2025-02-19 09:24:27,743：Hosting environment: Development
2025-02-19 09:24:27,745：Content root path: D:\products\Offline.Host.Sup\Offline.Sup.Api
2025-02-19 10:12:40,375：Now listening on: http://localhost:5700
2025-02-19 10:12:40,458：Application started. Press Ctrl+C to shut down.
2025-02-19 10:12:40,462：Hosting environment: Development
2025-02-19 10:12:40,464：Content root path: D:\products\Offline.Host.Sup\Offline.Sup.Api
2025-02-19 10:15:19,676：Now listening on: http://localhost:5700
2025-02-19 10:15:19,763：Application started. Press Ctrl+C to shut down.
2025-02-19 10:15:19,766：Hosting environment: Development
2025-02-19 10:15:19,769：Content root path: D:\products\Offline.Host.Sup\Offline.Sup.Api
2025-02-19 10:37:32,962：Now listening on: http://localhost:5700
2025-02-19 10:37:33,046：Application started. Press Ctrl+C to shut down.
2025-02-19 10:37:33,050：Hosting environment: Development
2025-02-19 10:37:33,052：Content root path: D:\products\Offline.Host.Sup\Offline.Sup.Api
2025-02-19 11:15:15,854：Now listening on: http://localhost:5700
2025-02-19 11:15:15,945：Application started. Press Ctrl+C to shut down.
2025-02-19 11:15:15,951：Hosting environment: Development
2025-02-19 11:15:15,953：Content root path: D:\products\Offline.Host.Sup\Offline.Sup.Api
2025-02-19 14:02:50,009：Now listening on: http://localhost:5700
2025-02-19 14:02:50,090：Application started. Press Ctrl+C to shut down.
2025-02-19 14:02:50,093：Hosting environment: Development
2025-02-19 14:02:50,096：Content root path: D:\products\Offline.Host.Sup\Offline.Sup.Api
2025-02-19 14:22:17,792：Now listening on: http://localhost:5700
2025-02-19 14:22:17,869：Application started. Press Ctrl+C to shut down.
2025-02-19 14:22:17,873：Hosting environment: Development
2025-02-19 14:22:17,875：Content root path: D:\products\Offline.Host.Sup\Offline.Sup.Api
2025-02-19 15:28:19,883：Now listening on: http://localhost:5700
2025-02-19 15:28:19,966：Application started. Press Ctrl+C to shut down.
2025-02-19 15:28:19,970：Hosting environment: Development
2025-02-19 15:28:19,972：Content root path: D:\products\Offline.Host.Sup\Offline.Sup.Api
2025-02-19 16:06:03,836：Now listening on: http://localhost:5700
2025-02-19 16:06:03,920：Application started. Press Ctrl+C to shut down.
2025-02-19 16:06:03,924：Hosting environment: Development
2025-02-19 16:06:03,926：Content root path: D:\products\Offline.Host.Sup\Offline.Sup.Api
2025-02-19 16:25:57,368：Now listening on: http://localhost:5700
2025-02-19 16:25:57,450：Application started. Press Ctrl+C to shut down.
2025-02-19 16:25:57,454：Hosting environment: Development
2025-02-19 16:25:57,456：Content root path: D:\products\Offline.Host.Sup\Offline.Sup.Api
2025-02-19 16:28:28,103：Now listening on: http://localhost:5700
2025-02-19 16:28:28,191：Application started. Press Ctrl+C to shut down.
2025-02-19 16:28:28,195：Hosting environment: Development
2025-02-19 16:28:28,198：Content root path: D:\products\Offline.Host.Sup\Offline.Sup.Api
2025-02-19 16:37:41,935：Now listening on: http://localhost:5700
2025-02-19 16:37:42,022：Application started. Press Ctrl+C to shut down.
2025-02-19 16:37:42,026：Hosting environment: Development
2025-02-19 16:37:42,029：Content root path: D:\products\Offline.Host.Sup\Offline.Sup.Api
2025-02-19 17:14:52,417：Now listening on: http://localhost:5700
2025-02-19 17:14:52,508：Application started. Press Ctrl+C to shut down.
2025-02-19 17:14:52,512：Hosting environment: Development
2025-02-19 17:14:52,514：Content root path: D:\products\Offline.Host.Sup\Offline.Sup.Api
2025-02-19 17:49:14,500：Now listening on: http://localhost:5700
2025-02-19 17:49:14,588：Application started. Press Ctrl+C to shut down.
2025-02-19 17:49:14,592：Hosting environment: Development
2025-02-19 17:49:14,594：Content root path: D:\products\Offline.Host.Sup\Offline.Sup.Api
2025-02-19 17:49:20,970：Bearer was not authenticated. Failure message: 401 Token Expired
2025-02-19 17:49:20,970：Bearer was not authenticated. Failure message: 401 Token Expired
2025-02-19 17:49:20,987：AuthenticationScheme: Bearer was challenged.
2025-02-19 17:49:20,989：AuthenticationScheme: Bearer was challenged.
2025-02-19 18:05:57,149：Now listening on: http://localhost:5700
2025-02-19 18:05:57,244：Application started. Press Ctrl+C to shut down.
2025-02-19 18:05:57,250：Hosting environment: Development
2025-02-19 18:05:57,253：Content root path: D:\products\Offline.Host.Sup\Offline.Sup.Api
2025-02-19 18:36:46,195：Now listening on: http://localhost:5700
2025-02-19 18:36:46,283：Application started. Press Ctrl+C to shut down.
2025-02-19 18:36:46,288：Hosting environment: Development
2025-02-19 18:36:46,291：Content root path: D:\products\Offline.Host.Sup\Offline.Sup.Api
2025-02-19 18:47:09,659：Now listening on: http://localhost:5700
2025-02-19 18:47:09,746：Application started. Press Ctrl+C to shut down.
2025-02-19 18:47:09,750：Hosting environment: Development
2025-02-19 18:47:09,753：Content root path: D:\products\Offline.Host.Sup\Offline.Sup.Api
2025-02-19 18:56:17,403：Now listening on: http://localhost:5700
2025-02-19 18:56:17,490：Application started. Press Ctrl+C to shut down.
2025-02-19 18:56:17,494：Hosting environment: Development
2025-02-19 18:56:17,497：Content root path: D:\products\Offline.Host.Sup\Offline.Sup.Api
