2025-03-26 14:07:34,663：Now listening on: http://localhost:5700
2025-03-26 14:07:34,783：Application started. Press Ctrl+C to shut down.
2025-03-26 14:07:34,787：Hosting environment: Development
2025-03-26 14:07:34,790：Content root path: D:\products\Offline.Host.Sup\Offline.Sup.Api
2025-03-26 14:09:53,780：Now listening on: http://localhost:5700
2025-03-26 14:09:53,863：Application started. Press Ctrl+C to shut down.
2025-03-26 14:09:53,868：Hosting environment: Development
2025-03-26 14:09:53,870：Content root path: D:\products\Offline.Host.Sup\Offline.Sup.Api
2025-03-26 14:11:23,867：Now listening on: http://localhost:5700
2025-03-26 14:11:23,950：Application started. Press Ctrl+C to shut down.
2025-03-26 14:11:23,953：Hosting environment: Development
2025-03-26 14:11:23,956：Content root path: D:\products\Offline.Host.Sup\Offline.Sup.Api
2025-03-26 14:14:13,766：Now listening on: http://localhost:5700
2025-03-26 14:14:13,848：Application started. Press Ctrl+C to shut down.
2025-03-26 14:14:13,853：Hosting environment: Development
2025-03-26 14:14:13,855：Content root path: D:\products\Offline.Host.Sup\Offline.Sup.Api
2025-03-26 14:15:08,098：Now listening on: http://localhost:5700
2025-03-26 14:15:08,179：Application started. Press Ctrl+C to shut down.
2025-03-26 14:15:08,183：Hosting environment: Development
2025-03-26 14:15:08,186：Content root path: D:\products\Offline.Host.Sup\Offline.Sup.Api
2025-03-26 14:16:30,969：Now listening on: http://localhost:5700
2025-03-26 14:16:31,049：Application started. Press Ctrl+C to shut down.
2025-03-26 14:16:31,054：Hosting environment: Development
2025-03-26 14:16:31,056：Content root path: D:\products\Offline.Host.Sup\Offline.Sup.Api
2025-03-26 14:17:52,283：Now listening on: http://localhost:5700
2025-03-26 14:17:52,363：Application started. Press Ctrl+C to shut down.
2025-03-26 14:17:52,367：Hosting environment: Development
2025-03-26 14:17:52,370：Content root path: D:\products\Offline.Host.Sup\Offline.Sup.Api
2025-03-26 14:18:42,293：Now listening on: http://localhost:5700
2025-03-26 14:18:42,375：Application started. Press Ctrl+C to shut down.
2025-03-26 14:18:42,379：Hosting environment: Development
2025-03-26 14:18:42,381：Content root path: D:\products\Offline.Host.Sup\Offline.Sup.Api
2025-03-26 14:23:18,987：Now listening on: http://localhost:5700
2025-03-26 14:23:19,069：Application started. Press Ctrl+C to shut down.
2025-03-26 14:23:19,073：Hosting environment: Development
2025-03-26 14:23:19,078：Content root path: D:\products\Offline.Host.Sup\Offline.Sup.Api
2025-03-26 15:49:26,738：AuthenticationScheme: Bearer was challenged.
2025-03-26 15:49:38,323：AuthenticationScheme: Bearer was challenged.
2025-03-26 15:50:28,685：AuthenticationScheme: Bearer was challenged.
2025-03-26 15:51:47,552：AuthenticationScheme: Bearer was challenged.
2025-03-26 15:51:57,052：AuthenticationScheme: Bearer was challenged.
2025-03-26 15:56:22,285：Now listening on: http://localhost:5700
2025-03-26 15:56:22,385：Application started. Press Ctrl+C to shut down.
2025-03-26 15:56:22,389：Hosting environment: Development
2025-03-26 15:56:22,392：Content root path: D:\products\Offline.Host.Sup\Offline.Sup.Api
2025-03-26 16:12:28,924：Now listening on: http://localhost:5700
2025-03-26 16:12:29,014：Application started. Press Ctrl+C to shut down.
2025-03-26 16:12:29,018：Hosting environment: Development
2025-03-26 16:12:29,021：Content root path: D:\products\Offline.Host.Sup\Offline.Sup.Api
2025-03-26 16:37:23,476：Now listening on: http://localhost:5700
2025-03-26 16:37:23,565：Application started. Press Ctrl+C to shut down.
2025-03-26 16:37:23,569：Hosting environment: Development
2025-03-26 16:37:23,571：Content root path: D:\products\Offline.Host.Sup\Offline.Sup.Api
2025-03-26 16:54:00,765：Now listening on: http://localhost:5700
2025-03-26 16:54:00,862：Application started. Press Ctrl+C to shut down.
2025-03-26 16:54:00,867：Hosting environment: Development
2025-03-26 16:54:00,869：Content root path: D:\products\Offline.Host.Sup\Offline.Sup.Api
2025-03-26 17:14:35,530：Now listening on: http://localhost:5700
2025-03-26 17:14:35,616：Application started. Press Ctrl+C to shut down.
2025-03-26 17:14:35,621：Hosting environment: Development
2025-03-26 17:14:35,624：Content root path: D:\products\Offline.Host.Sup\Offline.Sup.Api
2025-03-26 17:17:30,663：Now listening on: http://localhost:5700
2025-03-26 17:17:30,744：Application started. Press Ctrl+C to shut down.
2025-03-26 17:17:30,749：Hosting environment: Development
2025-03-26 17:17:30,751：Content root path: D:\products\Offline.Host.Sup\Offline.Sup.Api
