2025-02-20 09:43:33,945：Now listening on: http://localhost:5700
2025-02-20 09:43:34,034：Application started. Press Ctrl+C to shut down.
2025-02-20 09:43:34,037：Hosting environment: Development
2025-02-20 09:43:34,040：Content root path: D:\products\Offline.Host.Sup\Offline.Sup.Api
2025-02-20 09:52:52,313：Now listening on: http://localhost:5700
2025-02-20 09:52:52,392：Application started. Press Ctrl+C to shut down.
2025-02-20 09:52:52,397：Hosting environment: Development
2025-02-20 09:52:52,401：Content root path: D:\products\Offline.Host.Sup\Offline.Sup.Api
2025-02-20 09:53:19,182：Now listening on: http://localhost:5700
2025-02-20 09:53:19,269：Application started. Press Ctrl+C to shut down.
2025-02-20 09:53:19,273：Hosting environment: Development
2025-02-20 09:53:19,275：Content root path: D:\products\Offline.Host.Sup\Offline.Sup.Api
2025-02-20 10:06:28,763：Now listening on: http://localhost:5700
2025-02-20 10:06:28,846：Application started. Press Ctrl+C to shut down.
2025-02-20 10:06:28,850：Hosting environment: Development
2025-02-20 10:06:28,852：Content root path: D:\products\Offline.Host.Sup\Offline.Sup.Api
2025-02-20 10:11:17,990：Now listening on: http://localhost:5700
2025-02-20 10:11:18,070：Application started. Press Ctrl+C to shut down.
2025-02-20 10:11:18,074：Hosting environment: Development
2025-02-20 10:11:18,076：Content root path: D:\products\Offline.Host.Sup\Offline.Sup.Api
2025-02-20 11:48:55,353：Now listening on: http://localhost:5700
2025-02-20 11:48:55,437：Application started. Press Ctrl+C to shut down.
2025-02-20 11:48:55,441：Hosting environment: Development
2025-02-20 11:48:55,444：Content root path: D:\products\Offline.Host.Sup\Offline.Sup.Api
2025-02-20 11:50:48,467：Now listening on: http://localhost:5700
2025-02-20 11:50:48,550：Application started. Press Ctrl+C to shut down.
2025-02-20 11:50:48,554：Hosting environment: Development
2025-02-20 11:50:48,557：Content root path: D:\products\Offline.Host.Sup\Offline.Sup.Api
2025-02-20 11:52:18,832：Now listening on: http://localhost:5700
2025-02-20 11:52:18,910：Application started. Press Ctrl+C to shut down.
2025-02-20 11:52:18,914：Hosting environment: Development
2025-02-20 11:52:18,916：Content root path: D:\products\Offline.Host.Sup\Offline.Sup.Api
2025-02-20 16:57:44,451：Now listening on: http://localhost:5700
2025-02-20 16:57:44,539：Application started. Press Ctrl+C to shut down.
2025-02-20 16:57:44,542：Hosting environment: Development
2025-02-20 16:57:44,545：Content root path: D:\products\Offline.Host.Sup\Offline.Sup.Api
2025-02-20 17:10:39,699：Now listening on: http://localhost:5700
2025-02-20 17:10:39,789：Application started. Press Ctrl+C to shut down.
2025-02-20 17:10:39,794：Hosting environment: Development
2025-02-20 17:10:39,797：Content root path: D:\products\Offline.Host.Sup\Offline.Sup.Api
2025-02-20 17:39:24,608：Now listening on: http://localhost:5700
2025-02-20 17:39:24,709：Application started. Press Ctrl+C to shut down.
2025-02-20 17:39:24,713：Hosting environment: Development
2025-02-20 17:39:24,716：Content root path: D:\products\Offline.Host.Sup\Offline.Sup.Api
2025-02-20 17:45:06,421：Bearer was not authenticated. Failure message: 401 Token Expired
2025-02-20 17:45:06,421：Bearer was not authenticated. Failure message: 401 Token Expired
2025-02-20 17:45:06,436：AuthenticationScheme: Bearer was challenged.
2025-02-20 17:45:06,438：AuthenticationScheme: Bearer was challenged.
2025-02-20 17:49:50,494：Now listening on: http://localhost:5700
2025-02-20 17:49:50,579：Application started. Press Ctrl+C to shut down.
2025-02-20 17:49:50,583：Hosting environment: Development
2025-02-20 17:49:50,586：Content root path: D:\products\Offline.Host.Sup\Offline.Sup.Api
